 ##################################################################### 
 # WARNING: the module CondCore.DBCommon.CondDBCommon is deprecated. # 
 # Please import CondCore.CondDB.CondDB_cfi                          # 
 ##################################################################### 
CORAL/Services/ConnectionService Info Loading default plugin for coral::IAuthenticationService: COND/Services/RelationalAuthenticationService
CORAL/Services/ConnectionService Info The connection pool automatic cleanup thread is currently explicitly disabled
CORAL/Services/ConnectionService Info Loading default plugin for coral::IRelationalService: CORAL/Services/RelationalService
PluginManager Info PluginManager creating CORAL/Services/RelationalService component
PluginManager Info PluginManager needs to load CORAL/Services/RelationalService component
PluginManager Info PluginManager loaded RelationalService library
PluginManager Info PluginManager loaded CORAL/Services/RelationalService factory from RelationalService library
CORAL/Services/RelationalService Info Found plugin for RDBMS technology "coral" with native implementation
CORAL/Services/RelationalService Info Found plugin for RDBMS technology "frontier" with native implementation
CORAL/Services/RelationalService Info Found plugin for RDBMS technology "mysql" with native implementation
CORAL/Services/RelationalService Info Found plugin for RDBMS technology "oracle" with native implementation
CORAL/Services/RelationalService Info Found plugin for RDBMS technology "sqlite" with native implementation
CORAL/Services/RelationalService Info Default implementation for RDBMS technology "coral" is native
CORAL/Services/RelationalService Info Default implementation for RDBMS technology "frontier" is native
CORAL/Services/RelationalService Info Default implementation for RDBMS technology "mysql" is native
CORAL/Services/RelationalService Info Default implementation for RDBMS technology "oracle" is native
CORAL/Services/RelationalService Info Default implementation for RDBMS technology "sqlite" is native
PluginManager Info PluginManager creating CORAL/RelationalPlugins/sqlite component
PluginManager Info PluginManager needs to load CORAL/RelationalPlugins/sqlite component
PluginManager Info PluginManager loaded SQLiteAccess library
PluginManager Info PluginManager loaded CORAL/RelationalPlugins/sqlite factory from SQLiteAccess library
CORAL/Services/ConnectionService Debug No valid connection for string "sqlite_file:test_output.db" found in the pool. Creating a new connection.
CORAL/Services/ConnectionService Debug Trying to get a new update session on "sqlite_file:test_output.db"
CORAL/Services/ConnectionService Debug Connection parameters are: Retry-Period=10sec, Retry-Timeout=60sec, Connection-Timeout=300sec.
CORAL/Services/ConnectionService Info New connection to service "test_output.db" with connectionID=ecf985bc-dc52-11e7-b5c3-02163e01825d has been connected
CORAL/Services/ConnectionService Info New user session with sessionID=ecf98b20-dc52-11e7-b5c3-02163e01825d started on connectionID=ecf985bc-dc52-11e7-b5c3-02163e01825d to service "test_output.db" for user "" in update mode
CORAL/Services/ConnectionService Debug A new connection to service "test_output.db" has been added in the active list. Id=ecf985bc-dc52-11e7-b5c3-02163e01825d
%MSG-i PopCon:  FillInfoPopConAnalyzer:Test1@ctor 08-Dec-2017 21:03:57 CET  pre-events
This is PopCon (Populator of Condition) v5.0.
Please report any problem and feature request through the JIRA project CMSCONDDB.

%MSG
Begin processing the 1st record. Run 1, Event 1, LumiSection 1 at 08-Dec-2017 21:03:57.963 CET
%MSG-i PopCon:  FillInfoPopConAnalyzer:Test1@endJob 08-Dec-2017 21:03:57 CET  PostGlobalEndRun
payload name FillInfo
%MSG
CORAL/RelationalPlugins/sqlite Debug SQLiteStatement::prepare BEGIN
CORAL/RelationalPlugins/sqlite Debug SQLiteStatement::prepare SELECT name FROM sqlite_master WHERE type='table' UNION ALL SELECT name FROM sqlite_temp_master WHERE type='table' ORDER BY 1
CORAL/RelationalPlugins/sqlite Debug SQLiteStatement::prepare CREATE TABLE "TAG" ( "NAME" TEXT ,"TIME_TYPE" TEXT  NOT NULL,"OBJECT_TYPE" TEXT  NOT NULL,"SYNCHRONIZATION" TEXT  NOT NULL,"END_OF_VALIDITY" ULONGLONG  NOT NULL,"DESCRIPTION" TEXT  NOT NULL,"LAST_VALIDATED_TIME" ULONGLONG  NOT NULL,"INSERTION_TIME" TIMESTAMP  NOT NULL,"MODIFICATION_TIME" TIMESTAMP  NOT NULL, PRIMARY KEY("NAME") )
CORAL/RelationalPlugins/sqlite Debug SQLiteStatement::prepare CREATE TABLE IF NOT EXISTS coral_sqlite_fk(id TEXT NOT NULL, name TEXT, tablename TEXT NOT NULL) ; 
CORAL/RelationalPlugins/sqlite Debug SQLiteStatement::prepare CREATE TABLE "PAYLOAD" ( "HASH" TEXT ,"OBJECT_TYPE" TEXT  NOT NULL,"DATA" BLOB  NOT NULL,"STREAMER_INFO" BLOB  NOT NULL,"VERSION" TEXT  NOT NULL,"INSERTION_TIME" TIMESTAMP  NOT NULL, PRIMARY KEY("HASH") )
CORAL/RelationalPlugins/sqlite Debug SQLiteStatement::prepare CREATE TABLE IF NOT EXISTS coral_sqlite_fk(id TEXT NOT NULL, name TEXT, tablename TEXT NOT NULL) ; 
CORAL/RelationalPlugins/sqlite Debug SQLiteStatement::prepare CREATE TABLE "IOV" ( "TAG_NAME" TEXT  NOT NULL,"SINCE" ULONGLONG  NOT NULL,"PAYLOAD_HASH" TEXT  NOT NULL,"INSERTION_TIME" TIMESTAMP  NOT NULL, PRIMARY KEY("TAG_NAME","SINCE","INSERTION_TIME"), FOREIGN KEY("TAG_NAME") REFERENCES TAG("NAME"), FOREIGN KEY("PAYLOAD_HASH") REFERENCES PAYLOAD("HASH") )
CORAL/RelationalPlugins/sqlite Debug SQLiteStatement::prepare CREATE TABLE IF NOT EXISTS coral_sqlite_fk(id TEXT NOT NULL, name TEXT, tablename TEXT NOT NULL) ; 
CORAL/RelationalPlugins/sqlite Debug SQLiteStatement::prepare CREATE TABLE "TAG_LOG" ( "TAG_NAME" TEXT  NOT NULL,"EVENT_TIME" TIMESTAMP  NOT NULL,"USER_NAME" TEXT  NOT NULL,"HOST_NAME" TEXT  NOT NULL,"COMMAND" TEXT  NOT NULL,"ACTION" TEXT  NOT NULL,"USER_TEXT" TEXT  NOT NULL, PRIMARY KEY("TAG_NAME","EVENT_TIME","ACTION"), FOREIGN KEY("TAG_NAME") REFERENCES TAG("NAME") )
CORAL/RelationalPlugins/sqlite Debug SQLiteStatement::prepare CREATE TABLE IF NOT EXISTS coral_sqlite_fk(id TEXT NOT NULL, name TEXT, tablename TEXT NOT NULL) ; 
CORAL/RelationalPlugins/sqlite Debug SQLiteStatement::prepare CREATE TABLE "GLOBAL_TAG" ( "NAME" TEXT ,"VALIDITY" ULONGLONG  NOT NULL,"DESCRIPTION" TEXT  NOT NULL,"RELEASE" TEXT  NOT NULL,"SNAPSHOT_TIME" TIMESTAMP  NOT NULL,"INSERTION_TIME" TIMESTAMP  NOT NULL, PRIMARY KEY("NAME") )
CORAL/RelationalPlugins/sqlite Debug SQLiteStatement::prepare CREATE TABLE IF NOT EXISTS coral_sqlite_fk(id TEXT NOT NULL, name TEXT, tablename TEXT NOT NULL) ; 
CORAL/RelationalPlugins/sqlite Debug SQLiteStatement::prepare CREATE TABLE "GLOBAL_TAG_MAP" ( "GLOBAL_TAG_NAME" TEXT  NOT NULL,"RECORD" TEXT  NOT NULL,"LABEL" TEXT  NOT NULL,"TAG_NAME" TEXT  NOT NULL, PRIMARY KEY("GLOBAL_TAG_NAME","RECORD","LABEL") )
CORAL/RelationalPlugins/sqlite Debug SQLiteStatement::prepare CREATE TABLE IF NOT EXISTS coral_sqlite_fk(id TEXT NOT NULL, name TEXT, tablename TEXT NOT NULL) ; 
CORAL/RelationalPlugins/sqlite Debug SQLiteStatement::prepare PRAGMA table_info("TAG")
CORAL/RelationalPlugins/sqlite Debug SQLiteStatement::prepare SELECT "TAG"."NAME" FROM "TAG" WHERE "TAG"."NAME" = :NAME_0 
CORAL/RelationalPlugins/sqlite Debug SQLiteStatement::bind variables NAME_0(string) fillinfo_test 
CORAL/RelationalPlugins/sqlite Debug SQLiteStatement::prepare SELECT "TAG"."NAME" FROM "TAG" WHERE "TAG"."NAME" = :NAME_0 
CORAL/RelationalPlugins/sqlite Debug SQLiteStatement::bind variables NAME_0(string) fillinfo_test 
%MSG-i PopCon:  FillInfoPopConAnalyzer:Test1@endJob 08-Dec-2017 21:03:57 CET  PostGlobalEndRun
destination DB: sqlite_file:test_output.db, target DB: sqlite_file:test_output.db
TAG: fillinfo_test; First writer to this new tag.
%MSG
%MSG-i FillInfoPopConSourceHandler:  FillInfoPopConAnalyzer:Test1@endJob  08-Dec-2017 21:03:57 CET PostGlobalEndRun
New tag fillinfo_test; from FillInfoPopConSourceHandler::getNewObjects
%MSG
CORAL/Services/ConnectionService Info Disable connection sharing
CORAL/Services/ConnectionService Info Loading default plugin for coral::IAuthenticationService: COND/Services/RelationalAuthenticationService
PluginManager Info PluginManager creating CORAL/RelationalPlugins/oracle component
PluginManager Info PluginManager needs to load CORAL/RelationalPlugins/oracle component
PluginManager Info PluginManager loaded OracleAccess library
PluginManager Info PluginManager loaded CORAL/RelationalPlugins/oracle factory from OracleAccess library
cond::RelationalAuthenticationService::credentials Debug Connecting to the credential repository in "oracle://cms_orcon_adg/CMS_CDB_KEYS" with principal "FILLINFO_O2O_TEST".
CORAL/RelationalPlugins/oracle Info Disable plan baseline use by ALTER SESSION SET OPTIMIZER_USE_SQL_PLAN_BASELINES=FALSE
CORAL/RelationalPlugins/oracle Debug Prepared statement : "ALTER SESSION SET OPTIMIZER_USE_SQL_PLAN_BASELINES=FALSE"
CORAL/RelationalPlugins/oracle Info CORAL_ORA_SKIP_TRANS_READONLY is not set: this session will use OCI serializable read-only transactions
CORAL/RelationalPlugins/oracle Debug Prepared statement : "SELECT P_ID, CRED0, CRED1, CRED2 FROM CMS_CDB_KEYS."COND_AUTHENTICATION" "COND_AUTHENTICATION" WHERE P_NAME = :P_NAME"
CORAL/RelationalPlugins/oracle Debug Prepared statement : "SELECT AUTHO.C_ROLE, AUTHO.C_SCHEMA, AUTHO.CRED3, CREDS.CONN_LABEL, CREDS.CRED4, CREDS.CRED5, CREDS.CRED6 FROM CMS_CDB_KEYS."COND_AUTHORIZATION" "AUTHO", CMS_CDB_KEYS."COND_CREDENTIAL" "CREDS" WHERE AUTHO.C_ID=CREDS.CONN_ID AND AUTHO.P_ID = :P_ID"
CORAL/Services/ConnectionService Debug No valid connection for string "oracle://cms_orcon_adg/CMS_RUNTIME_LOGGER" found in the pool. Creating a new connection.
CORAL/Services/ConnectionService Debug Trying to get a new read-only session on "oracle://cms_orcon_adg/CMS_RUNTIME_LOGGER"
CORAL/Services/ConnectionService Debug Connection parameters are: Retry-Period=10sec, Retry-Timeout=60sec, Connection-Timeout=300sec.
CORAL/Services/ConnectionService Info New connection to service "cms_orcon_adg" with connectionID=ed1225fe-dc52-11e7-b5c3-02163e01825d has been connected
CORAL/RelationalPlugins/oracle Info Disable plan baseline use by ALTER SESSION SET OPTIMIZER_USE_SQL_PLAN_BASELINES=FALSE
CORAL/RelationalPlugins/oracle Debug Prepared statement : "ALTER SESSION SET OPTIMIZER_USE_SQL_PLAN_BASELINES=FALSE"
CORAL/RelationalPlugins/oracle Info CORAL_ORA_SKIP_TRANS_READONLY is not set: this session will use OCI serializable read-only transactions
CORAL/Services/ConnectionService Info New user session with sessionID=ed14e622-dc52-11e7-b5c3-02163e01825d started on connectionID=ed1225fe-dc52-11e7-b5c3-02163e01825d to service "cms_orcon_adg" for user "CMS_COND_GENERAL_R" in read-only mode
CORAL/Services/ConnectionService Debug A new connection to service "cms_orcon_adg" has been added in the active list. Id=ed1225fe-dc52-11e7-b5c3-02163e01825d


Querying the OMDS for RUNTIME_SUMMARY data...


CORAL/RelationalPlugins/oracle Debug Prepared statement : "SELECT LHCFILL, NBUNCHESBEAM1, NBUNCHESBEAM2, NCOLLIDINGBUNCHES, NTARGETBUNCHES, RUNTIME_TYPE_ID, PARTY1, PARTY2, CROSSINGANGLE, BETASTAR, INTENSITYBEAM1, INTENSITYBEAM2, ENERGY, CREATETIME, BEGINTIME, ENDTIME, INJECTIONSCHEME FROM CMS_RUNTIME_LOGGER."RUNTIME_SUMMARY" "RUNTIME_SUMMARY" WHERE BEGINTIME IS NOT NULL AND LHCFILL BETWEEN :"firstFillNumber" AND :"lastFillNumber" ORDER BY LHCFILL"


Querying the OMDS for RUNTIME_TYPE data...


CORAL/RelationalPlugins/oracle Debug Prepared statement : "SELECT DESCRIPTION FROM CMS_RUNTIME_LOGGER."RUNTIME_TYPE" "RUNTIME_TYPE""


Querying the OMDS for FILL_SUMMARY data...


CORAL/RelationalPlugins/oracle Debug Prepared statement : "SELECT FILLNUMBER FROM CMS_BEAM_COND."CMS_LHC_FILLSUMMARY" "CMS_LHC_FILLSUMMARY" ORDER BY FILLNUMBER"
Reading values:
[FILL (int) : 0]
[FILL (int) : 0]
[FILL (int) : 1355]
[FILL (int) : 1356]
[FILL (int) : 1357]
[FILL (int) : 1358]
[FILL (int) : 1359]
[FILL (int) : 1360]
[FILL (int) : 1361]
[FILL (int) : 1362]
[FILL (int) : 1363]
[FILL (int) : 1363]
[FILL (int) : 1364]
[FILL (int) : 1364]
[FILL (int) : 1365]
[FILL (int) : 1366]
[FILL (int) : 1367]
[FILL (int) : 1368]
[FILL (int) : 1369]
[FILL (int) : 1370]
[FILL (int) : 1371]
[FILL (int) : 1372]
[FILL (int) : 1373]
[FILL (int) : 1373]
[FILL (int) : 1374]
[FILL (int) : 1375]
[FILL (int) : 1376]
[FILL (int) : 1377]
[FILL (int) : 1378]
[FILL (int) : 1379]
[FILL (int) : 1380]
[FILL (int) : 1381]
[FILL (int) : 1382]
[FILL (int) : 1383]
[FILL (int) : 1384]
[FILL (int) : 1385]
[FILL (int) : 1386]
[FILL (int) : 1387]
[FILL (int) : 1388]
[FILL (int) : 1389]
[FILL (int) : 1390]
[FILL (int) : 1391]
[FILL (int) : 1392]
[FILL (int) : 1393]
[FILL (int) : 1394]
[FILL (int) : 1395]
[FILL (int) : 1396]
[FILL (int) : 1397]
[FILL (int) : 1398]
[FILL (int) : 1399]
[FILL (int) : 1400]
[FILL (int) : 1401]
[FILL (int) : 1402]
[FILL (int) : 1408]
[FILL (int) : 1409]
[FILL (int) : 1410]
[FILL (int) : 1411]
[FILL (int) : 1412]
[FILL (int) : 1413]
[FILL (int) : 1414]
[FILL (int) : 1415]
[FILL (int) : 1416]
[FILL (int) : 1417]
[FILL (int) : 1418]
[FILL (int) : 1419]
[FILL (int) : 1420]
[FILL (int) : 1421]
[FILL (int) : 1422]
[FILL (int) : 1423]
[FILL (int) : 1424]
[FILL (int) : 1425]
[FILL (int) : 1426]
[FILL (int) : 1427]
[FILL (int) : 1428]
[FILL (int) : 1429]
[FILL (int) : 1430]
[FILL (int) : 1431]
[FILL (int) : 1432]
[FILL (int) : 1433]
[FILL (int) : 1434]
[FILL (int) : 1435]
[FILL (int) : 1469]
[FILL (int) : 1469]
[FILL (int) : 1482]
[FILL (int) : 1482]
[FILL (int) : 1482]
[FILL (int) : 1482]
[FILL (int) : 1482]
[FILL (int) : 1482]
[FILL (int) : 1482]
[FILL (int) : 1482]
[FILL (int) : 1482]
[FILL (int) : 1482]
[FILL (int) : 1482]
[FILL (int) : 1482]
[FILL (int) : 1482]
[FILL (int) : 1482]
[FILL (int) : 1482]
[FILL (int) : 1482]
[FILL (int) : 1482]
[FILL (int) : 1482]
[FILL (int) : 1483]
[FILL (int) : 1485]
[FILL (int) : 1485]
[FILL (int) : 1486]
[FILL (int) : 1486]
[FILL (int) : 1488]
[FILL (int) : 1489]
[FILL (int) : 1489]
[FILL (int) : 1489]
[FILL (int) : 1489]
[FILL (int) : 1490]
[FILL (int) : 1490]
[FILL (int) : 1490]
[FILL (int) : 1490]
[FILL (int) : 1490]
[FILL (int) : 1490]
[FILL (int) : 1490]
[FILL (int) : 1491]
[FILL (int) : 1492]
[FILL (int) : 1493]
[FILL (int) : 1494]
[FILL (int) : 1496]
[FILL (int) : 1504]
[FILL (int) : 1505]
[FILL (int) : 1506]
[FILL (int) : 1506]
[FILL (int) : 1506]
[FILL (int) : 1511]
[FILL (int) : 1514]
[FILL (int) : 1515]
[FILL (int) : 1517]
[FILL (int) : 1518]
[FILL (int) : 1520]
[FILL (int) : 1521]
[FILL (int) : 1522]
[FILL (int) : 1523]
[FILL (int) : 1525]
[FILL (int) : 1526]
[FILL (int) : 1528]
[FILL (int) : 1530]
[FILL (int) : 1532]
[FILL (int) : 1533]
[FILL (int) : 1534]
[FILL (int) : 1535]
[FILL (int) : 1536]
[FILL (int) : 1538]
[FILL (int) : 1539]
[FILL (int) : 1540]
[FILL (int) : 1541]
[FILL (int) : 1541]
[FILL (int) : 1542]
[FILL (int) : 1542]
[FILL (int) : 1543]
[FILL (int) : 1544]
[FILL (int) : 1545]
[FILL (int) : 1546]
[FILL (int) : 1547]
[FILL (int) : 1548]
[FILL (int) : 1549]
[FILL (int) : 1550]
[FILL (int) : 1551]
[FILL (int) : 1552]
[FILL (int) : 1553]
[FILL (int) : 1573]
[FILL (int) : 1573]
[FILL (int) : 1574]
[FILL (int) : 1575]
[FILL (int) : 1576]
[FILL (int) : 1577]
[FILL (int) : 1578]
[FILL (int) : 1579]
[FILL (int) : 1580]
[FILL (int) : 1581]
[FILL (int) : 1582]
[FILL (int) : 1583]
[FILL (int) : 1584]
[FILL (int) : 1585]
[FILL (int) : 1586]
[FILL (int) : 1587]
[FILL (int) : 1588]
[FILL (int) : 1589]
[FILL (int) : 1590]
[FILL (int) : 1591]
[FILL (int) : 1592]
[FILL (int) : 1593]
[FILL (int) : 1594]
[FILL (int) : 1595]
[FILL (int) : 1595]
[FILL (int) : 1596]
[FILL (int) : 1597]
[FILL (int) : 1598]
[FILL (int) : 1599]
[FILL (int) : 1600]
[FILL (int) : 1601]
[FILL (int) : 1602]
[FILL (int) : 1603]
[FILL (int) : 1604]
[FILL (int) : 1605]
[FILL (int) : 1606]
[FILL (int) : 1607]
[FILL (int) : 1608]
[FILL (int) : 1609]
[FILL (int) : 1610]
[FILL (int) : 1611]
[FILL (int) : 1612]
[FILL (int) : 1613]
[FILL (int) : 1614]
[FILL (int) : 1615]
[FILL (int) : 1616]
[FILL (int) : 1617]
[FILL (int) : 1618]
[FILL (int) : 1619]
[FILL (int) : 1620]
[FILL (int) : 1621]
[FILL (int) : 1622]
[FILL (int) : 1623]
[FILL (int) : 1624]
[FILL (int) : 1625]
[FILL (int) : 1626]
[FILL (int) : 1627]
[FILL (int) : 1628]
[FILL (int) : 1629]
[FILL (int) : 1630]
[FILL (int) : 1631]
[FILL (int) : 1632]
[FILL (int) : 1633]
[FILL (int) : 1634]
[FILL (int) : 1635]
[FILL (int) : 1636]
[FILL (int) : 1637]
[FILL (int) : 1638]
[FILL (int) : 1639]
[FILL (int) : 1640]
[FILL (int) : 1641]
[FILL (int) : 1642]
[FILL (int) : 1643]
[FILL (int) : 1644]
[FILL (int) : 1645]
[FILL (int) : 1646]
[FILL (int) : 1647]
[FILL (int) : 1648]
[FILL (int) : 1649]
[FILL (int) : 1650]
[FILL (int) : 1651]
[FILL (int) : 1652]
[FILL (int) : 1653]
[FILL (int) : 1654]
[FILL (int) : 1655]
[FILL (int) : 1656]
[FILL (int) : 1657]
[FILL (int) : 1658]
[FILL (int) : 1659]
[FILL (int) : 1660]
[FILL (int) : 1661]
[FILL (int) : 1664]
[FILL (int) : 1665]
[FILL (int) : 1666]
[FILL (int) : 1667]
[FILL (int) : 1668]
[FILL (int) : 1669]
[FILL (int) : 1670]
[FILL (int) : 1671]
[FILL (int) : 1672]
[FILL (int) : 1673]
[FILL (int) : 1674]
[FILL (int) : 1675]
[FILL (int) : 1676]
[FILL (int) : 1677]
[FILL (int) : 1678]
[FILL (int) : 1679]
[FILL (int) : 1680]
[FILL (int) : 1681]
[FILL (int) : 1682]
[FILL (int) : 1683]
[FILL (int) : 1684]
[FILL (int) : 1685]
[FILL (int) : 1686]
[FILL (int) : 1687]
[FILL (int) : 1688]
[FILL (int) : 1689]
[FILL (int) : 1690]
[FILL (int) : 1691]
[FILL (int) : 1692]
[FILL (int) : 1693]
[FILL (int) : 1694]
[FILL (int) : 1695]
[FILL (int) : 1696]
[FILL (int) : 1697]
[FILL (int) : 1698]
[FILL (int) : 1699]
[FILL (int) : 1700]
[FILL (int) : 1701]
[FILL (int) : 1702]
[FILL (int) : 1703]
[FILL (int) : 1704]
[FILL (int) : 1705]
[FILL (int) : 1706]
[FILL (int) : 1707]
[FILL (int) : 1708]
[FILL (int) : 1709]
[FILL (int) : 1710]
[FILL (int) : 1711]
[FILL (int) : 1712]
[FILL (int) : 1713]
[FILL (int) : 1714]
[FILL (int) : 1715]
[FILL (int) : 1716]
[FILL (int) : 1717]
[FILL (int) : 1718]
[FILL (int) : 1719]
[FILL (int) : 1720]
[FILL (int) : 1721]
[FILL (int) : 1722]
[FILL (int) : 1723]
[FILL (int) : 1724]
[FILL (int) : 1725]
[FILL (int) : 1726]
[FILL (int) : 1727]
[FILL (int) : 1728]
[FILL (int) : 1729]
[FILL (int) : 1730]
[FILL (int) : 1731]
[FILL (int) : 1732]
[FILL (int) : 1733]
[FILL (int) : 1734]
[FILL (int) : 1735]
[FILL (int) : 1736]
[FILL (int) : 1737]
[FILL (int) : 1738]
[FILL (int) : 1739]
[FILL (int) : 1740]
[FILL (int) : 1741]
[FILL (int) : 1742]
[FILL (int) : 1743]
[FILL (int) : 1744]
[FILL (int) : 1745]
[FILL (int) : 1746]
[FILL (int) : 1747]
[FILL (int) : 1748]
[FILL (int) : 1749]
[FILL (int) : 1750]
[FILL (int) : 1754]
[FILL (int) : 1755]
[FILL (int) : 1756]
[FILL (int) : 1757]
[FILL (int) : 1758]
[FILL (int) : 1759]
[FILL (int) : 1760]
[FILL (int) : 1761]
[FILL (int) : 1762]
[FILL (int) : 1763]
[FILL (int) : 1764]
[FILL (int) : 1765]
[FILL (int) : 1766]
[FILL (int) : 1767]
[FILL (int) : 1768]
[FILL (int) : 1769]
[FILL (int) : 1770]
[FILL (int) : 1771]
[FILL (int) : 1772]
[FILL (int) : 1773]
[FILL (int) : 1774]
[FILL (int) : 1775]
[FILL (int) : 1776]
[FILL (int) : 1777]
[FILL (int) : 1778]
[FILL (int) : 1779]
[FILL (int) : 1780]
[FILL (int) : 1781]
[FILL (int) : 1782]
[FILL (int) : 1783]
[FILL (int) : 1784]
[FILL (int) : 1785]
[FILL (int) : 1786]
[FILL (int) : 1787]
[FILL (int) : 1788]
[FILL (int) : 1789]
[FILL (int) : 1790]
[FILL (int) : 1791]
[FILL (int) : 1792]
[FILL (int) : 1793]
[FILL (int) : 1794]
[FILL (int) : 1795]
[FILL (int) : 1796]
[FILL (int) : 1797]
[FILL (int) : 1798]
[FILL (int) : 1799]
[FILL (int) : 1800]
[FILL (int) : 1801]
[FILL (int) : 1802]
[FILL (int) : 1803]
[FILL (int) : 1804]
[FILL (int) : 1805]
[FILL (int) : 1806]
[FILL (int) : 1807]
[FILL (int) : 1808]
[FILL (int) : 1809]
[FILL (int) : 1810]
[FILL (int) : 1811]
[FILL (int) : 1812]
[FILL (int) : 1813]
[FILL (int) : 1814]
[FILL (int) : 1815]
[FILL (int) : 1816]
[FILL (int) : 1817]
[FILL (int) : 1818]
[FILL (int) : 1819]
[FILL (int) : 1820]
[FILL (int) : 1821]
[FILL (int) : 1822]
[FILL (int) : 1823]
[FILL (int) : 1824]
[FILL (int) : 1825]
[FILL (int) : 1826]
[FILL (int) : 1827]
[FILL (int) : 1828]
[FILL (int) : 1829]
[FILL (int) : 1830]
[FILL (int) : 1831]
[FILL (int) : 1832]
[FILL (int) : 1833]
[FILL (int) : 1834]
[FILL (int) : 1835]
[FILL (int) : 1836]
[FILL (int) : 1837]
[FILL (int) : 1838]
[FILL (int) : 1839]
[FILL (int) : 1840]
[FILL (int) : 1841]
[FILL (int) : 1842]
[FILL (int) : 1843]
[FILL (int) : 1844]
[FILL (int) : 1845]
[FILL (int) : 1846]
[FILL (int) : 1847]
[FILL (int) : 1848]
[FILL (int) : 1849]
[FILL (int) : 1850]
[FILL (int) : 1851]
[FILL (int) : 1852]
[FILL (int) : 1853]
[FILL (int) : 1854]
[FILL (int) : 1855]
[FILL (int) : 1856]
[FILL (int) : 1857]
[FILL (int) : 1858]
[FILL (int) : 1859]
[FILL (int) : 1860]
[FILL (int) : 1861]
[FILL (int) : 1862]
[FILL (int) : 1863]
[FILL (int) : 1864]
[FILL (int) : 1865]
[FILL (int) : 1866]
[FILL (int) : 1867]
[FILL (int) : 1868]
[FILL (int) : 1869]
[FILL (int) : 1870]
[FILL (int) : 1871]
[FILL (int) : 1872]
[FILL (int) : 1873]
[FILL (int) : 1874]
[FILL (int) : 1875]
[FILL (int) : 1876]
[FILL (int) : 1877]
[FILL (int) : 1878]
[FILL (int) : 1879]
[FILL (int) : 1880]
[FILL (int) : 1881]
[FILL (int) : 1882]
[FILL (int) : 1885]
[FILL (int) : 1886]
[FILL (int) : 1887]
[FILL (int) : 1888]
[FILL (int) : 1889]
[FILL (int) : 1890]
[FILL (int) : 1891]
[FILL (int) : 1892]
[FILL (int) : 1893]
[FILL (int) : 1894]
[FILL (int) : 1895]
[FILL (int) : 1896]
[FILL (int) : 1897]
[FILL (int) : 1898]
[FILL (int) : 1899]
[FILL (int) : 1900]
[FILL (int) : 1901]
[FILL (int) : 1902]
[FILL (int) : 1903]
[FILL (int) : 1904]
[FILL (int) : 1905]
[FILL (int) : 1906]
[FILL (int) : 1907]
[FILL (int) : 1908]
[FILL (int) : 1909]
[FILL (int) : 1910]
[FILL (int) : 1911]
[FILL (int) : 1912]
[FILL (int) : 1915]
[FILL (int) : 1916]
[FILL (int) : 1917]
[FILL (int) : 1918]
[FILL (int) : 1919]
[FILL (int) : 1920]
[FILL (int) : 1921]
[FILL (int) : 1922]
[FILL (int) : 1923]
[FILL (int) : 1924]
[FILL (int) : 1925]
[FILL (int) : 1926]
[FILL (int) : 1927]
[FILL (int) : 1931]
[FILL (int) : 1932]
[FILL (int) : 1933]
[FILL (int) : 1934]
[FILL (int) : 1935]
[FILL (int) : 1936]
[FILL (int) : 1937]
[FILL (int) : 1938]
[FILL (int) : 1939]
[FILL (int) : 1940]
[FILL (int) : 1941]
[FILL (int) : 1942]
[FILL (int) : 1943]
[FILL (int) : 1944]
[FILL (int) : 1945]
[FILL (int) : 1946]
[FILL (int) : 1947]
[FILL (int) : 1948]
[FILL (int) : 1949]
[FILL (int) : 1950]
[FILL (int) : 1951]
[FILL (int) : 1952]
[FILL (int) : 1953]
[FILL (int) : 1953]
[FILL (int) : 1954]
[FILL (int) : 1955]
[FILL (int) : 1956]
[FILL (int) : 1957]
[FILL (int) : 1958]
[FILL (int) : 1959]
[FILL (int) : 1960]
[FILL (int) : 1961]
[FILL (int) : 1962]
[FILL (int) : 1963]
[FILL (int) : 1964]
[FILL (int) : 1965]
[FILL (int) : 1966]
[FILL (int) : 1967]
[FILL (int) : 1968]
[FILL (int) : 1969]
[FILL (int) : 1970]
[FILL (int) : 1971]
[FILL (int) : 1972]
[FILL (int) : 1973]
[FILL (int) : 1974]
[FILL (int) : 1975]
[FILL (int) : 1976]
[FILL (int) : 1977]
[FILL (int) : 1978]
[FILL (int) : 1979]
[FILL (int) : 1980]
[FILL (int) : 1981]
[FILL (int) : 1982]
[FILL (int) : 1983]
[FILL (int) : 1984]
[FILL (int) : 1985]
[FILL (int) : 1986]
[FILL (int) : 1987]
[FILL (int) : 1988]
[FILL (int) : 1989]
[FILL (int) : 1990]
[FILL (int) : 1991]
[FILL (int) : 1992]
[FILL (int) : 1993]
[FILL (int) : 1994]
[FILL (int) : 1995]
[FILL (int) : 1996]
[FILL (int) : 1997]
[FILL (int) : 1998]
[FILL (int) : 1999]
[FILL (int) : 2000]
[FILL (int) : 2001]
[FILL (int) : 2002]
[FILL (int) : 2003]
[FILL (int) : 2004]
[FILL (int) : 2005]
[FILL (int) : 2006]
[FILL (int) : 2007]
[FILL (int) : 2008]
[FILL (int) : 2009]
[FILL (int) : 2010]
[FILL (int) : 2011]
[FILL (int) : 2012]
[FILL (int) : 2013]
[FILL (int) : 2014]
[FILL (int) : 2015]
[FILL (int) : 2016]
[FILL (int) : 2017]
[FILL (int) : 2018]
[FILL (int) : 2019]
[FILL (int) : 2020]
[FILL (int) : 2021]
[FILL (int) : 2022]
[FILL (int) : 2023]
[FILL (int) : 2024]
[FILL (int) : 2025]
[FILL (int) : 2026]
[FILL (int) : 2027]
[FILL (int) : 2030]
[FILL (int) : 2031]
[FILL (int) : 2032]
[FILL (int) : 2033]
[FILL (int) : 2034]
[FILL (int) : 2035]
[FILL (int) : 2037]
[FILL (int) : 2038]
[FILL (int) : 2039]
[FILL (int) : 2040]
[FILL (int) : 2041]
[FILL (int) : 2042]
[FILL (int) : 2043]
[FILL (int) : 2044]
[FILL (int) : 2045]
[FILL (int) : 2046]
[FILL (int) : 2047]
[FILL (int) : 2048]
[FILL (int) : 2049]
[FILL (int) : 2050]
[FILL (int) : 2051]
[FILL (int) : 2052]
[FILL (int) : 2053]
[FILL (int) : 2054]
[FILL (int) : 2055]
[FILL (int) : 2056]
[FILL (int) : 2057]
[FILL (int) : 2062]
[FILL (int) : 2063]
[FILL (int) : 2064]
[FILL (int) : 2065]
[FILL (int) : 2066]
[FILL (int) : 2067]
[FILL (int) : 2068]
[FILL (int) : 2069]
[FILL (int) : 2070]
[FILL (int) : 2071]
[FILL (int) : 2072]
[FILL (int) : 2073]
[FILL (int) : 2074]
[FILL (int) : 2075]
[FILL (int) : 2076]
[FILL (int) : 2077]
[FILL (int) : 2078]
[FILL (int) : 2079]
[FILL (int) : 2080]
[FILL (int) : 2081]
[FILL (int) : 2082]
[FILL (int) : 2083]
[FILL (int) : 2084]
[FILL (int) : 2085]
[FILL (int) : 2086]
[FILL (int) : 2087]
[FILL (int) : 2088]
[FILL (int) : 2089]
[FILL (int) : 2090]
[FILL (int) : 2091]
[FILL (int) : 2092]
[FILL (int) : 2093]
[FILL (int) : 2094]
[FILL (int) : 2095]
[FILL (int) : 2096]
[FILL (int) : 2097]
[FILL (int) : 2098]
[FILL (int) : 2099]
[FILL (int) : 2100]
[FILL (int) : 2101]
[FILL (int) : 2102]
[FILL (int) : 2103]
[FILL (int) : 2104]
[FILL (int) : 2105]
[FILL (int) : 2106]
[FILL (int) : 2107]
[FILL (int) : 2108]
[FILL (int) : 2109]
[FILL (int) : 2110]
[FILL (int) : 2111]
[FILL (int) : 2112]
[FILL (int) : 2113]
[FILL (int) : 2114]
[FILL (int) : 2115]
[FILL (int) : 2116]
[FILL (int) : 2117]
[FILL (int) : 2118]
[FILL (int) : 2119]
[FILL (int) : 2120]
[FILL (int) : 2121]
[FILL (int) : 2122]
[FILL (int) : 2123]
[FILL (int) : 2124]
[FILL (int) : 2125]
[FILL (int) : 2126]
[FILL (int) : 2127]
[FILL (int) : 2128]
[FILL (int) : 2129]
[FILL (int) : 2130]
[FILL (int) : 2131]
[FILL (int) : 2132]
[FILL (int) : 2133]
[FILL (int) : 2134]
[FILL (int) : 2135]
[FILL (int) : 2136]
[FILL (int) : 2137]
[FILL (int) : 2138]
[FILL (int) : 2139]
[FILL (int) : 2140]
[FILL (int) : 2141]
[FILL (int) : 2142]
[FILL (int) : 2143]
[FILL (int) : 2144]
[FILL (int) : 2145]
[FILL (int) : 2146]
[FILL (int) : 2147]
[FILL (int) : 2148]
[FILL (int) : 2149]
[FILL (int) : 2150]
[FILL (int) : 2151]
[FILL (int) : 2152]
[FILL (int) : 2153]
[FILL (int) : 2154]
[FILL (int) : 2155]
[FILL (int) : 2156]
[FILL (int) : 2157]
[FILL (int) : 2158]
[FILL (int) : 2159]
[FILL (int) : 2160]
[FILL (int) : 2161]
[FILL (int) : 2162]
[FILL (int) : 2163]
[FILL (int) : 2164]
[FILL (int) : 2165]
[FILL (int) : 2166]
[FILL (int) : 2167]
[FILL (int) : 2168]
[FILL (int) : 2169]
[FILL (int) : 2170]
[FILL (int) : 2171]
[FILL (int) : 2172]
[FILL (int) : 2173]
[FILL (int) : 2174]
[FILL (int) : 2175]
[FILL (int) : 2176]
[FILL (int) : 2177]
[FILL (int) : 2178]
[FILL (int) : 2179]
[FILL (int) : 2180]
[FILL (int) : 2181]
[FILL (int) : 2182]
[FILL (int) : 2183]
[FILL (int) : 2184]
[FILL (int) : 2185]
[FILL (int) : 2186]
[FILL (int) : 2187]
[FILL (int) : 2188]
[FILL (int) : 2189]
[FILL (int) : 2190]
[FILL (int) : 2191]
[FILL (int) : 2192]
[FILL (int) : 2193]
[FILL (int) : 2194]
[FILL (int) : 2195]
[FILL (int) : 2196]
[FILL (int) : 2197]
[FILL (int) : 2198]
[FILL (int) : 2199]
[FILL (int) : 2200]
[FILL (int) : 2201]
[FILL (int) : 2202]
[FILL (int) : 2203]
[FILL (int) : 2204]
[FILL (int) : 2205]
[FILL (int) : 2206]
[FILL (int) : 2207]
[FILL (int) : 2208]
[FILL (int) : 2209]
[FILL (int) : 2210]
[FILL (int) : 2211]
[FILL (int) : 2212]
[FILL (int) : 2213]
[FILL (int) : 2214]
[FILL (int) : 2215]
[FILL (int) : 2216]
[FILL (int) : 2217]
[FILL (int) : 2218]
[FILL (int) : 2219]
[FILL (int) : 2220]
[FILL (int) : 2221]
[FILL (int) : 2222]
[FILL (int) : 2223]
[FILL (int) : 2224]
[FILL (int) : 2225]
[FILL (int) : 2226]
[FILL (int) : 2227]
[FILL (int) : 2228]
[FILL (int) : 2229]
[FILL (int) : 2230]
[FILL (int) : 2231]
[FILL (int) : 2232]
[FILL (int) : 2233]
[FILL (int) : 2234]
[FILL (int) : 2235]
[FILL (int) : 2236]
[FILL (int) : 2237]
[FILL (int) : 2238]
[FILL (int) : 2239]
[FILL (int) : 2240]
[FILL (int) : 2241]
[FILL (int) : 2242]
[FILL (int) : 2243]
[FILL (int) : 2244]
[FILL (int) : 2245]
[FILL (int) : 2246]
[FILL (int) : 2247]
[FILL (int) : 2248]
[FILL (int) : 2249]
[FILL (int) : 2250]
[FILL (int) : 2251]
[FILL (int) : 2252]
[FILL (int) : 2253]
[FILL (int) : 2254]
[FILL (int) : 2255]
[FILL (int) : 2256]
[FILL (int) : 2257]
[FILL (int) : 2258]
[FILL (int) : 2259]
[FILL (int) : 2260]
[FILL (int) : 2261]
[FILL (int) : 2262]
[FILL (int) : 2263]
[FILL (int) : 2264]
[FILL (int) : 2265]
[FILL (int) : 2266]
[FILL (int) : 2267]
[FILL (int) : 2268]
[FILL (int) : 2269]
[FILL (int) : 2270]
[FILL (int) : 2272]
[FILL (int) : 2273]
[FILL (int) : 2274]
[FILL (int) : 2275]
[FILL (int) : 2276]
[FILL (int) : 2277]
[FILL (int) : 2278]
[FILL (int) : 2279]
[FILL (int) : 2280]
[FILL (int) : 2281]
[FILL (int) : 2282]
[FILL (int) : 2283]
[FILL (int) : 2284]
[FILL (int) : 2285]
[FILL (int) : 2286]
[FILL (int) : 2290]
[FILL (int) : 2291]
[FILL (int) : 2292]
[FILL (int) : 2293]
[FILL (int) : 2294]
[FILL (int) : 2295]
[FILL (int) : 2296]
[FILL (int) : 2297]
[FILL (int) : 2298]
[FILL (int) : 2299]
[FILL (int) : 2300]
[FILL (int) : 2301]
[FILL (int) : 2302]
[FILL (int) : 2303]
[FILL (int) : 2304]
[FILL (int) : 2305]
[FILL (int) : 2306]
[FILL (int) : 2307]
[FILL (int) : 2308]
[FILL (int) : 2309]
[FILL (int) : 2310]
[FILL (int) : 2311]
[FILL (int) : 2312]
[FILL (int) : 2313]
[FILL (int) : 2314]
[FILL (int) : 2315]
[FILL (int) : 2316]
[FILL (int) : 2317]
[FILL (int) : 2318]
[FILL (int) : 2319]
[FILL (int) : 2320]
[FILL (int) : 2321]
[FILL (int) : 2322]
[FILL (int) : 2323]
[FILL (int) : 2324]
[FILL (int) : 2325]
[FILL (int) : 2326]
[FILL (int) : 2327]
[FILL (int) : 2328]
[FILL (int) : 2329]
[FILL (int) : 2330]
[FILL (int) : 2331]
[FILL (int) : 2332]
[FILL (int) : 2333]
[FILL (int) : 2334]
[FILL (int) : 2354]
[FILL (int) : 2355]
[FILL (int) : 2364]
[FILL (int) : 2365]
[FILL (int) : 2366]
[FILL (int) : 2367]
[FILL (int) : 2368]
[FILL (int) : 2369]
[FILL (int) : 2370]
[FILL (int) : 2371]
[FILL (int) : 2372]
[FILL (int) : 2373]
[FILL (int) : 2374]
[FILL (int) : 2375]
[FILL (int) : 2376]
[FILL (int) : 2377]
[FILL (int) : 2378]
[FILL (int) : 2379]
[FILL (int) : 2380]
[FILL (int) : 2381]
[FILL (int) : 2382]
[FILL (int) : 2383]
[FILL (int) : 2384]
[FILL (int) : 2385]
[FILL (int) : 2386]
[FILL (int) : 2387]
[FILL (int) : 2388]
[FILL (int) : 2389]
[FILL (int) : 2390]
[FILL (int) : 2391]
[FILL (int) : 2392]
[FILL (int) : 2393]
[FILL (int) : 2394]
[FILL (int) : 2395]
[FILL (int) : 2396]
[FILL (int) : 2397]
[FILL (int) : 2398]
[FILL (int) : 2399]
[FILL (int) : 2400]
[FILL (int) : 2401]
[FILL (int) : 2402]
[FILL (int) : 2403]
[FILL (int) : 2404]
[FILL (int) : 2405]
[FILL (int) : 2406]
[FILL (int) : 2407]
[FILL (int) : 2408]
[FILL (int) : 2409]
[FILL (int) : 2410]
[FILL (int) : 2411]
[FILL (int) : 2412]
[FILL (int) : 2413]
[FILL (int) : 2414]
[FILL (int) : 2415]
[FILL (int) : 2416]
[FILL (int) : 2417]
[FILL (int) : 2418]
[FILL (int) : 2419]
[FILL (int) : 2420]
[FILL (int) : 2421]
[FILL (int) : 2422]
[FILL (int) : 2423]
[FILL (int) : 2424]
[FILL (int) : 2425]
[FILL (int) : 2426]
[FILL (int) : 2427]
[FILL (int) : 2428]
[FILL (int) : 2429]
[FILL (int) : 2430]
[FILL (int) : 2431]
[FILL (int) : 2432]
[FILL (int) : 2433]
[FILL (int) : 2434]
[FILL (int) : 2435]
[FILL (int) : 2436]
[FILL (int) : 2437]
[FILL (int) : 2438]
[FILL (int) : 2439]
[FILL (int) : 2440]
[FILL (int) : 2441]
[FILL (int) : 2442]
[FILL (int) : 2443]
[FILL (int) : 2444]
[FILL (int) : 2445]
[FILL (int) : 2446]
[FILL (int) : 2447]
[FILL (int) : 2448]
[FILL (int) : 2449]
[FILL (int) : 2450]
[FILL (int) : 2451]
[FILL (int) : 2452]
[FILL (int) : 2453]
[FILL (int) : 2454]
[FILL (int) : 2455]
[FILL (int) : 2456]
[FILL (int) : 2457]
[FILL (int) : 2458]
[FILL (int) : 2459]
[FILL (int) : 2460]
[FILL (int) : 2461]
[FILL (int) : 2462]
[FILL (int) : 2463]
[FILL (int) : 2464]
[FILL (int) : 2465]
[FILL (int) : 2466]
[FILL (int) : 2467]
[FILL (int) : 2468]
[FILL (int) : 2469]
[FILL (int) : 2470]
[FILL (int) : 2471]
[FILL (int) : 2472]
[FILL (int) : 2473]
[FILL (int) : 2474]
[FILL (int) : 2475]
[FILL (int) : 2476]
[FILL (int) : 2477]
[FILL (int) : 2478]
[FILL (int) : 2479]
[FILL (int) : 2480]
[FILL (int) : 2481]
[FILL (int) : 2482]
[FILL (int) : 2483]
[FILL (int) : 2484]
[FILL (int) : 2485]
[FILL (int) : 2486]
[FILL (int) : 2487]
[FILL (int) : 2488]
[FILL (int) : 2489]
[FILL (int) : 2490]
[FILL (int) : 2491]
[FILL (int) : 2492]
[FILL (int) : 2493]
[FILL (int) : 2494]
[FILL (int) : 2495]
[FILL (int) : 2496]
[FILL (int) : 2497]
[FILL (int) : 2498]
[FILL (int) : 2499]
[FILL (int) : 2500]
[FILL (int) : 2501]
[FILL (int) : 2502]
[FILL (int) : 2503]
[FILL (int) : 2504]
[FILL (int) : 2505]
[FILL (int) : 2506]
[FILL (int) : 2507]
[FILL (int) : 2508]
[FILL (int) : 2509]
[FILL (int) : 2510]
[FILL (int) : 2511]
[FILL (int) : 2512]
[FILL (int) : 2513]
[FILL (int) : 2514]
[FILL (int) : 2515]
[FILL (int) : 2516]
[FILL (int) : 2517]
[FILL (int) : 2518]
[FILL (int) : 2519]
[FILL (int) : 2520]
[FILL (int) : 2521]
[FILL (int) : 2522]
[FILL (int) : 2523]
[FILL (int) : 2524]
[FILL (int) : 2525]
[FILL (int) : 2526]
[FILL (int) : 2527]
[FILL (int) : 2528]
[FILL (int) : 2529]
[FILL (int) : 2530]
[FILL (int) : 2531]
[FILL (int) : 2532]
[FILL (int) : 2533]
[FILL (int) : 2534]
[FILL (int) : 2535]
[FILL (int) : 2536]
[FILL (int) : 2537]
[FILL (int) : 2538]
[FILL (int) : 2539]
[FILL (int) : 2540]
[FILL (int) : 2541]
[FILL (int) : 2542]
[FILL (int) : 2543]
[FILL (int) : 2544]
[FILL (int) : 2545]
[FILL (int) : 2546]
[FILL (int) : 2547]
[FILL (int) : 2548]
[FILL (int) : 2549]
[FILL (int) : 2550]
[FILL (int) : 2551]
[FILL (int) : 2552]
[FILL (int) : 2553]
[FILL (int) : 2554]
[FILL (int) : 2555]
[FILL (int) : 2556]
[FILL (int) : 2557]
[FILL (int) : 2558]
[FILL (int) : 2559]
[FILL (int) : 2560]
[FILL (int) : 2561]
[FILL (int) : 2562]
[FILL (int) : 2563]
[FILL (int) : 2564]
[FILL (int) : 2565]
[FILL (int) : 2566]
[FILL (int) : 2567]
[FILL (int) : 2568]
[FILL (int) : 2569]
[FILL (int) : 2570]
[FILL (int) : 2571]
[FILL (int) : 2572]
[FILL (int) : 2573]
[FILL (int) : 2574]
[FILL (int) : 2575]
[FILL (int) : 2576]
[FILL (int) : 2577]
[FILL (int) : 2578]
[FILL (int) : 2579]
[FILL (int) : 2580]
[FILL (int) : 2581]
[FILL (int) : 2582]
[FILL (int) : 2583]
[FILL (int) : 2584]
[FILL (int) : 2585]
[FILL (int) : 2586]
[FILL (int) : 2587]
[FILL (int) : 2588]
[FILL (int) : 2589]
[FILL (int) : 2590]
[FILL (int) : 2591]
[FILL (int) : 2592]
[FILL (int) : 2593]
[FILL (int) : 2594]
[FILL (int) : 2595]
[FILL (int) : 2596]
[FILL (int) : 2597]
[FILL (int) : 2598]
[FILL (int) : 2599]
[FILL (int) : 2600]
[FILL (int) : 2601]
[FILL (int) : 2602]
[FILL (int) : 2603]
[FILL (int) : 2604]
[FILL (int) : 2605]
[FILL (int) : 2606]
[FILL (int) : 2607]
[FILL (int) : 2608]
[FILL (int) : 2609]
[FILL (int) : 2610]
[FILL (int) : 2611]
[FILL (int) : 2612]
[FILL (int) : 2613]
[FILL (int) : 2614]
[FILL (int) : 2615]
[FILL (int) : 2616]
[FILL (int) : 2617]
[FILL (int) : 2618]
[FILL (int) : 2619]
[FILL (int) : 2620]
[FILL (int) : 2621]
[FILL (int) : 2622]
[FILL (int) : 2623]
[FILL (int) : 2624]
[FILL (int) : 2625]
[FILL (int) : 2626]
[FILL (int) : 2627]
[FILL (int) : 2628]
[FILL (int) : 2629]
[FILL (int) : 2630]
[FILL (int) : 2631]
[FILL (int) : 2632]
[FILL (int) : 2633]
[FILL (int) : 2634]
[FILL (int) : 2635]
[FILL (int) : 2636]
[FILL (int) : 2637]
[FILL (int) : 2638]
[FILL (int) : 2639]
[FILL (int) : 2640]
[FILL (int) : 2641]
[FILL (int) : 2642]
[FILL (int) : 2643]
[FILL (int) : 2644]
[FILL (int) : 2645]
[FILL (int) : 2646]
[FILL (int) : 2647]
[FILL (int) : 2648]
[FILL (int) : 2649]
[FILL (int) : 2650]
[FILL (int) : 2651]
[FILL (int) : 2652]
[FILL (int) : 2653]
[FILL (int) : 2654]
[FILL (int) : 2655]
[FILL (int) : 2656]
[FILL (int) : 2657]
[FILL (int) : 2658]
[FILL (int) : 2659]
[FILL (int) : 2660]
[FILL (int) : 2661]
[FILL (int) : 2662]
[FILL (int) : 2663]
[FILL (int) : 2664]
[FILL (int) : 2665]
[FILL (int) : 2666]
[FILL (int) : 2667]
[FILL (int) : 2668]
[FILL (int) : 2669]
[FILL (int) : 2670]
[FILL (int) : 2671]
[FILL (int) : 2672]
[FILL (int) : 2673]
[FILL (int) : 2674]
[FILL (int) : 2675]
[FILL (int) : 2676]
[FILL (int) : 2677]
[FILL (int) : 2678]
[FILL (int) : 2679]
[FILL (int) : 2680]
[FILL (int) : 2681]
[FILL (int) : 2682]
[FILL (int) : 2683]
[FILL (int) : 2684]
[FILL (int) : 2685]
[FILL (int) : 2686]
[FILL (int) : 2687]
[FILL (int) : 2688]
[FILL (int) : 2689]
[FILL (int) : 2690]
[FILL (int) : 2691]
[FILL (int) : 2692]
[FILL (int) : 2693]
[FILL (int) : 2694]
[FILL (int) : 2695]
[FILL (int) : 2696]
[FILL (int) : 2697]
[FILL (int) : 2698]
[FILL (int) : 2699]
[FILL (int) : 2700]
[FILL (int) : 2701]
[FILL (int) : 2702]
[FILL (int) : 2703]
[FILL (int) : 2704]
[FILL (int) : 2705]
[FILL (int) : 2706]
[FILL (int) : 2707]
[FILL (int) : 2708]
[FILL (int) : 2709]
[FILL (int) : 2710]
[FILL (int) : 2711]
[FILL (int) : 2712]
[FILL (int) : 2713]
[FILL (int) : 2714]
[FILL (int) : 2715]
[FILL (int) : 2716]
[FILL (int) : 2717]
[FILL (int) : 2718]
[FILL (int) : 2719]
[FILL (int) : 2720]
[FILL (int) : 2721]
[FILL (int) : 2722]
[FILL (int) : 2723]
[FILL (int) : 2724]
[FILL (int) : 2725]
[FILL (int) : 2726]
[FILL (int) : 2727]
[FILL (int) : 2728]
[FILL (int) : 2729]
[FILL (int) : 2730]
[FILL (int) : 2731]
[FILL (int) : 2732]
[FILL (int) : 2733]
[FILL (int) : 2734]
[FILL (int) : 2735]
[FILL (int) : 2736]
[FILL (int) : 2737]
[FILL (int) : 2738]
[FILL (int) : 2739]
[FILL (int) : 2740]
[FILL (int) : 2741]
[FILL (int) : 2742]
[FILL (int) : 2743]
[FILL (int) : 2744]
[FILL (int) : 2745]
[FILL (int) : 2746]
[FILL (int) : 2747]
[FILL (int) : 2748]
[FILL (int) : 2749]
[FILL (int) : 2750]
[FILL (int) : 2751]
[FILL (int) : 2752]
[FILL (int) : 2753]
[FILL (int) : 2754]
[FILL (int) : 2755]
[FILL (int) : 2771]
[FILL (int) : 2772]
[FILL (int) : 2788]
[FILL (int) : 2789]
[FILL (int) : 2790]
[FILL (int) : 2791]
[FILL (int) : 2792]
[FILL (int) : 2793]
[FILL (int) : 2794]
[FILL (int) : 2795]
[FILL (int) : 2796]
[FILL (int) : 2797]
[FILL (int) : 2798]
[FILL (int) : 2799]
[FILL (int) : 2800]
[FILL (int) : 2801]
[FILL (int) : 2802]
[FILL (int) : 2803]
[FILL (int) : 2804]
[FILL (int) : 2805]
[FILL (int) : 2806]
[FILL (int) : 2807]
[FILL (int) : 2808]
[FILL (int) : 2809]
[FILL (int) : 2810]
[FILL (int) : 2811]
[FILL (int) : 2812]
[FILL (int) : 2813]
[FILL (int) : 2814]
[FILL (int) : 2815]
[FILL (int) : 2816]
[FILL (int) : 2817]
[FILL (int) : 2818]
[FILL (int) : 2819]
[FILL (int) : 2820]
[FILL (int) : 2821]
[FILL (int) : 2822]
[FILL (int) : 2823]
[FILL (int) : 2824]
[FILL (int) : 2825]
[FILL (int) : 2826]
[FILL (int) : 2827]
[FILL (int) : 2828]
[FILL (int) : 2829]
[FILL (int) : 2830]
[FILL (int) : 2831]
[FILL (int) : 2832]
[FILL (int) : 2833]
[FILL (int) : 2834]
[FILL (int) : 2835]
[FILL (int) : 2836]
[FILL (int) : 2837]
[FILL (int) : 2838]
[FILL (int) : 2839]
[FILL (int) : 2840]
[FILL (int) : 2841]
[FILL (int) : 2842]
[FILL (int) : 2843]
[FILL (int) : 2844]
[FILL (int) : 2845]
[FILL (int) : 2846]
[FILL (int) : 2847]
[FILL (int) : 2848]
[FILL (int) : 2849]
[FILL (int) : 2850]
[FILL (int) : 2851]
[FILL (int) : 2852]
[FILL (int) : 2853]
[FILL (int) : 2854]
[FILL (int) : 2855]
[FILL (int) : 2856]
[FILL (int) : 2857]
[FILL (int) : 2858]
[FILL (int) : 2859]
[FILL (int) : 2860]
[FILL (int) : 2861]
[FILL (int) : 2862]
[FILL (int) : 2863]
[FILL (int) : 2864]
[FILL (int) : 2865]
[FILL (int) : 2866]
[FILL (int) : 2867]
[FILL (int) : 2868]
[FILL (int) : 2869]
[FILL (int) : 2870]
[FILL (int) : 2871]
[FILL (int) : 2872]
[FILL (int) : 2873]
[FILL (int) : 2874]
[FILL (int) : 2875]
[FILL (int) : 2876]
[FILL (int) : 2877]
[FILL (int) : 2878]
[FILL (int) : 2879]
[FILL (int) : 2880]
[FILL (int) : 2881]
[FILL (int) : 2882]
[FILL (int) : 2883]
[FILL (int) : 2884]
[FILL (int) : 2885]
[FILL (int) : 2886]
[FILL (int) : 2887]
[FILL (int) : 2888]
[FILL (int) : 2889]
[FILL (int) : 2890]
[FILL (int) : 2891]
[FILL (int) : 2892]
[FILL (int) : 2893]
[FILL (int) : 2894]
[FILL (int) : 2895]
[FILL (int) : 2896]
[FILL (int) : 2897]
[FILL (int) : 2898]
[FILL (int) : 2899]
[FILL (int) : 2900]
[FILL (int) : 2901]
[FILL (int) : 2902]
[FILL (int) : 2903]
[FILL (int) : 2904]
[FILL (int) : 2905]
[FILL (int) : 2906]
[FILL (int) : 2907]
[FILL (int) : 2908]
[FILL (int) : 2909]
[FILL (int) : 2910]
[FILL (int) : 2911]
[FILL (int) : 2912]
[FILL (int) : 2913]
[FILL (int) : 2914]
[FILL (int) : 2915]
[FILL (int) : 2916]
[FILL (int) : 2917]
[FILL (int) : 2918]
[FILL (int) : 2919]
[FILL (int) : 2920]
[FILL (int) : 2921]
[FILL (int) : 2922]
[FILL (int) : 2923]
[FILL (int) : 2924]
[FILL (int) : 2925]
[FILL (int) : 2926]
[FILL (int) : 2927]
[FILL (int) : 2928]
[FILL (int) : 2929]
[FILL (int) : 2930]
[FILL (int) : 2931]
[FILL (int) : 2932]
[FILL (int) : 2933]
[FILL (int) : 2934]
[FILL (int) : 2935]
[FILL (int) : 2936]
[FILL (int) : 2937]
[FILL (int) : 2938]
[FILL (int) : 2939]
[FILL (int) : 2940]
[FILL (int) : 2941]
[FILL (int) : 2942]
[FILL (int) : 2943]
[FILL (int) : 2944]
[FILL (int) : 2945]
[FILL (int) : 2946]
[FILL (int) : 2947]
[FILL (int) : 2948]
[FILL (int) : 2949]
[FILL (int) : 2950]
[FILL (int) : 2951]
[FILL (int) : 2952]
[FILL (int) : 2953]
[FILL (int) : 2954]
[FILL (int) : 2955]
[FILL (int) : 2956]
[FILL (int) : 2957]
[FILL (int) : 2958]
[FILL (int) : 2959]
[FILL (int) : 2960]
[FILL (int) : 2961]
[FILL (int) : 2962]
[FILL (int) : 2963]
[FILL (int) : 2964]
[FILL (int) : 2965]
[FILL (int) : 2966]
[FILL (int) : 2967]
[FILL (int) : 2968]
[FILL (int) : 2969]
[FILL (int) : 2970]
[FILL (int) : 2971]
[FILL (int) : 2972]
[FILL (int) : 2973]
[FILL (int) : 2974]
[FILL (int) : 2975]
[FILL (int) : 2976]
[FILL (int) : 2977]
[FILL (int) : 2978]
[FILL (int) : 2979]
[FILL (int) : 2980]
[FILL (int) : 2981]
[FILL (int) : 2982]
[FILL (int) : 2983]
[FILL (int) : 2984]
[FILL (int) : 2985]
[FILL (int) : 2986]
[FILL (int) : 2987]
[FILL (int) : 2988]
[FILL (int) : 2989]
[FILL (int) : 2990]
[FILL (int) : 2991]
[FILL (int) : 2992]
[FILL (int) : 2993]
[FILL (int) : 2994]
[FILL (int) : 2995]
[FILL (int) : 2996]
[FILL (int) : 2997]
[FILL (int) : 2998]
[FILL (int) : 2999]
[FILL (int) : 3000]
[FILL (int) : 3001]
[FILL (int) : 3002]
[FILL (int) : 3003]
[FILL (int) : 3004]
[FILL (int) : 3005]
[FILL (int) : 3006]
[FILL (int) : 3007]
[FILL (int) : 3008]
[FILL (int) : 3009]
[FILL (int) : 3010]
[FILL (int) : 3011]
[FILL (int) : 3012]
[FILL (int) : 3013]
[FILL (int) : 3014]
[FILL (int) : 3015]
[FILL (int) : 3016]
[FILL (int) : 3017]
[FILL (int) : 3018]
[FILL (int) : 3019]
[FILL (int) : 3020]
[FILL (int) : 3021]
[FILL (int) : 3022]
[FILL (int) : 3023]
[FILL (int) : 3024]
[FILL (int) : 3025]
[FILL (int) : 3026]
[FILL (int) : 3027]
[FILL (int) : 3028]
[FILL (int) : 3029]
[FILL (int) : 3030]
[FILL (int) : 3031]
[FILL (int) : 3032]
[FILL (int) : 3033]
[FILL (int) : 3034]
[FILL (int) : 3035]
[FILL (int) : 3036]
[FILL (int) : 3037]
[FILL (int) : 3038]
[FILL (int) : 3039]
[FILL (int) : 3040]
[FILL (int) : 3041]
[FILL (int) : 3042]
[FILL (int) : 3043]
[FILL (int) : 3044]
[FILL (int) : 3045]
[FILL (int) : 3046]
[FILL (int) : 3047]
[FILL (int) : 3048]
[FILL (int) : 3049]
[FILL (int) : 3050]
[FILL (int) : 3051]
[FILL (int) : 3052]
[FILL (int) : 3053]
[FILL (int) : 3054]
[FILL (int) : 3055]
[FILL (int) : 3056]
[FILL (int) : 3057]
[FILL (int) : 3058]
[FILL (int) : 3059]
[FILL (int) : 3060]
[FILL (int) : 3061]
[FILL (int) : 3062]
[FILL (int) : 3063]
[FILL (int) : 3064]
[FILL (int) : 3065]
[FILL (int) : 3066]
[FILL (int) : 3067]
[FILL (int) : 3068]
[FILL (int) : 3069]
[FILL (int) : 3070]
[FILL (int) : 3071]
[FILL (int) : 3072]
[FILL (int) : 3077]
[FILL (int) : 3078]
[FILL (int) : 3079]
[FILL (int) : 3080]
[FILL (int) : 3081]
[FILL (int) : 3082]
[FILL (int) : 3083]
[FILL (int) : 3084]
[FILL (int) : 3085]
[FILL (int) : 3086]
[FILL (int) : 3087]
[FILL (int) : 3088]
[FILL (int) : 3089]
[FILL (int) : 3090]
[FILL (int) : 3091]
[FILL (int) : 3092]
[FILL (int) : 3093]
[FILL (int) : 3094]
[FILL (int) : 3095]
[FILL (int) : 3096]
[FILL (int) : 3097]
[FILL (int) : 3098]
[FILL (int) : 3099]
[FILL (int) : 3100]
[FILL (int) : 3101]
[FILL (int) : 3102]
[FILL (int) : 3103]
[FILL (int) : 3104]
[FILL (int) : 3105]
[FILL (int) : 3106]
[FILL (int) : 3107]
[FILL (int) : 3108]
[FILL (int) : 3109]
[FILL (int) : 3110]
[FILL (int) : 3111]
[FILL (int) : 3112]
[FILL (int) : 3113]
[FILL (int) : 3114]
[FILL (int) : 3115]
[FILL (int) : 3116]
[FILL (int) : 3117]
[FILL (int) : 3118]
[FILL (int) : 3119]
[FILL (int) : 3120]
[FILL (int) : 3121]
[FILL (int) : 3122]
[FILL (int) : 3123]
[FILL (int) : 3124]
[FILL (int) : 3125]
[FILL (int) : 3126]
[FILL (int) : 3127]
[FILL (int) : 3128]
[FILL (int) : 3129]
[FILL (int) : 3130]
[FILL (int) : 3131]
[FILL (int) : 3132]
[FILL (int) : 3133]
[FILL (int) : 3134]
[FILL (int) : 3135]
[FILL (int) : 3136]
[FILL (int) : 3137]
[FILL (int) : 3138]
[FILL (int) : 3139]
[FILL (int) : 3140]
[FILL (int) : 3141]
[FILL (int) : 3142]
[FILL (int) : 3143]
[FILL (int) : 3144]
[FILL (int) : 3145]
[FILL (int) : 3146]
[FILL (int) : 3147]
[FILL (int) : 3148]
[FILL (int) : 3149]
[FILL (int) : 3150]
[FILL (int) : 3151]
[FILL (int) : 3152]
[FILL (int) : 3153]
[FILL (int) : 3154]
[FILL (int) : 3155]
[FILL (int) : 3156]
[FILL (int) : 3157]
[FILL (int) : 3158]
[FILL (int) : 3159]
[FILL (int) : 3160]
[FILL (int) : 3161]
[FILL (int) : 3162]
[FILL (int) : 3163]
[FILL (int) : 3164]
[FILL (int) : 3165]
[FILL (int) : 3166]
[FILL (int) : 3167]
[FILL (int) : 3168]
[FILL (int) : 3169]
[FILL (int) : 3170]
[FILL (int) : 3171]
[FILL (int) : 3172]
[FILL (int) : 3173]
[FILL (int) : 3174]
[FILL (int) : 3175]
[FILL (int) : 3176]
[FILL (int) : 3177]
[FILL (int) : 3178]
[FILL (int) : 3179]
[FILL (int) : 3180]
[FILL (int) : 3181]
[FILL (int) : 3182]
[FILL (int) : 3183]
[FILL (int) : 3184]
[FILL (int) : 3185]
[FILL (int) : 3186]
[FILL (int) : 3187]
[FILL (int) : 3188]
[FILL (int) : 3189]
[FILL (int) : 3190]
[FILL (int) : 3191]
[FILL (int) : 3192]
[FILL (int) : 3193]
[FILL (int) : 3194]
[FILL (int) : 3195]
[FILL (int) : 3196]
[FILL (int) : 3197]
[FILL (int) : 3198]
[FILL (int) : 3199]
[FILL (int) : 3200]
[FILL (int) : 3201]
[FILL (int) : 3202]
[FILL (int) : 3203]
[FILL (int) : 3204]
[FILL (int) : 3205]
[FILL (int) : 3206]
[FILL (int) : 3207]
[FILL (int) : 3208]
[FILL (int) : 3209]
[FILL (int) : 3210]
[FILL (int) : 3211]
[FILL (int) : 3212]
[FILL (int) : 3213]
[FILL (int) : 3214]
[FILL (int) : 3215]
[FILL (int) : 3216]
[FILL (int) : 3217]
[FILL (int) : 3218]
[FILL (int) : 3219]
[FILL (int) : 3220]
[FILL (int) : 3221]
[FILL (int) : 3222]
[FILL (int) : 3223]
[FILL (int) : 3224]
[FILL (int) : 3225]
[FILL (int) : 3226]
[FILL (int) : 3227]
[FILL (int) : 3228]
[FILL (int) : 3229]
[FILL (int) : 3230]
[FILL (int) : 3231]
[FILL (int) : 3232]
[FILL (int) : 3233]
[FILL (int) : 3234]
[FILL (int) : 3235]
[FILL (int) : 3236]
[FILL (int) : 3237]
[FILL (int) : 3238]
[FILL (int) : 3239]
[FILL (int) : 3240]
[FILL (int) : 3241]
[FILL (int) : 3242]
[FILL (int) : 3243]
[FILL (int) : 3244]
[FILL (int) : 3245]
[FILL (int) : 3246]
[FILL (int) : 3247]
[FILL (int) : 3248]
[FILL (int) : 3249]
[FILL (int) : 3250]
[FILL (int) : 3251]
[FILL (int) : 3252]
[FILL (int) : 3253]
[FILL (int) : 3254]
[FILL (int) : 3255]
[FILL (int) : 3256]
[FILL (int) : 3257]
[FILL (int) : 3258]
[FILL (int) : 3259]
[FILL (int) : 3260]
[FILL (int) : 3261]
[FILL (int) : 3262]
[FILL (int) : 3263]
[FILL (int) : 3264]
[FILL (int) : 3265]
[FILL (int) : 3266]
[FILL (int) : 3267]
[FILL (int) : 3268]
[FILL (int) : 3269]
[FILL (int) : 3270]
[FILL (int) : 3271]
[FILL (int) : 3272]
[FILL (int) : 3273]
[FILL (int) : 3274]
[FILL (int) : 3275]
[FILL (int) : 3276]
[FILL (int) : 3277]
[FILL (int) : 3278]
[FILL (int) : 3279]
[FILL (int) : 3280]
[FILL (int) : 3281]
[FILL (int) : 3282]
[FILL (int) : 3283]
[FILL (int) : 3284]
[FILL (int) : 3285]
[FILL (int) : 3286]
[FILL (int) : 3287]
[FILL (int) : 3288]
[FILL (int) : 3289]
[FILL (int) : 3290]
[FILL (int) : 3291]
[FILL (int) : 3292]
[FILL (int) : 3293]
[FILL (int) : 3294]
[FILL (int) : 3295]
[FILL (int) : 3296]
[FILL (int) : 3297]
[FILL (int) : 3298]
[FILL (int) : 3299]
[FILL (int) : 3300]
[FILL (int) : 3301]
[FILL (int) : 3302]
[FILL (int) : 3303]
[FILL (int) : 3304]
[FILL (int) : 3305]
[FILL (int) : 3306]
[FILL (int) : 3307]
[FILL (int) : 3308]
[FILL (int) : 3309]
[FILL (int) : 3310]
[FILL (int) : 3311]
[FILL (int) : 3312]
[FILL (int) : 3313]
[FILL (int) : 3314]
[FILL (int) : 3315]
[FILL (int) : 3316]
[FILL (int) : 3317]
[FILL (int) : 3318]
[FILL (int) : 3319]
[FILL (int) : 3320]
[FILL (int) : 3321]
[FILL (int) : 3322]
[FILL (int) : 3323]
[FILL (int) : 3324]
[FILL (int) : 3325]
[FILL (int) : 3326]
[FILL (int) : 3327]
[FILL (int) : 3328]
[FILL (int) : 3329]
[FILL (int) : 3330]
[FILL (int) : 3331]
[FILL (int) : 3332]
[FILL (int) : 3333]
[FILL (int) : 3334]
[FILL (int) : 3335]
[FILL (int) : 3336]
[FILL (int) : 3337]
[FILL (int) : 3338]
[FILL (int) : 3339]
[FILL (int) : 3340]
[FILL (int) : 3341]
[FILL (int) : 3342]
[FILL (int) : 3343]
[FILL (int) : 3344]
[FILL (int) : 3345]
[FILL (int) : 3346]
[FILL (int) : 3347]
[FILL (int) : 3348]
[FILL (int) : 3349]
[FILL (int) : 3350]
[FILL (int) : 3351]
[FILL (int) : 3352]
[FILL (int) : 3353]
[FILL (int) : 3354]
[FILL (int) : 3355]
[FILL (int) : 3356]
[FILL (int) : 3357]
[FILL (int) : 3358]
[FILL (int) : 3359]
[FILL (int) : 3360]
[FILL (int) : 3361]
[FILL (int) : 3362]
[FILL (int) : 3363]
[FILL (int) : 3364]
[FILL (int) : 3365]
[FILL (int) : 3366]
[FILL (int) : 3367]
[FILL (int) : 3368]
[FILL (int) : 3369]
[FILL (int) : 3370]
[FILL (int) : 3371]
[FILL (int) : 3372]
[FILL (int) : 3373]
[FILL (int) : 3374]
[FILL (int) : 3375]
[FILL (int) : 3376]
[FILL (int) : 3377]
[FILL (int) : 3378]
[FILL (int) : 3379]
[FILL (int) : 3380]
[FILL (int) : 3381]
[FILL (int) : 3382]
[FILL (int) : 3383]
[FILL (int) : 3384]
[FILL (int) : 3385]
[FILL (int) : 3386]
[FILL (int) : 3387]
[FILL (int) : 3388]
[FILL (int) : 3389]
[FILL (int) : 3390]
[FILL (int) : 3391]
[FILL (int) : 3392]
[FILL (int) : 3393]
[FILL (int) : 3394]
[FILL (int) : 3395]
[FILL (int) : 3396]
[FILL (int) : 3397]
[FILL (int) : 3398]
[FILL (int) : 3399]
[FILL (int) : 3400]
[FILL (int) : 3401]
[FILL (int) : 3402]
[FILL (int) : 3403]
[FILL (int) : 3404]
[FILL (int) : 3405]
[FILL (int) : 3406]
[FILL (int) : 3407]
[FILL (int) : 3408]
[FILL (int) : 3409]
[FILL (int) : 3410]
[FILL (int) : 3411]
[FILL (int) : 3412]
[FILL (int) : 3413]
[FILL (int) : 3414]
[FILL (int) : 3415]
[FILL (int) : 3416]
[FILL (int) : 3417]
[FILL (int) : 3418]
[FILL (int) : 3419]
[FILL (int) : 3420]
[FILL (int) : 3421]
[FILL (int) : 3422]
[FILL (int) : 3423]
[FILL (int) : 3424]
[FILL (int) : 3425]
[FILL (int) : 3426]
[FILL (int) : 3427]
[FILL (int) : 3428]
[FILL (int) : 3429]
[FILL (int) : 3430]
[FILL (int) : 3431]
[FILL (int) : 3432]
[FILL (int) : 3433]
[FILL (int) : 3434]
[FILL (int) : 3435]
[FILL (int) : 3436]
[FILL (int) : 3437]
[FILL (int) : 3438]
[FILL (int) : 3439]
[FILL (int) : 3440]
[FILL (int) : 3441]
[FILL (int) : 3442]
[FILL (int) : 3443]
[FILL (int) : 3444]
[FILL (int) : 3445]
[FILL (int) : 3446]
[FILL (int) : 3447]
[FILL (int) : 3448]
[FILL (int) : 3449]
[FILL (int) : 3450]
[FILL (int) : 3451]
[FILL (int) : 3452]
[FILL (int) : 3453]
[FILL (int) : 3454]
[FILL (int) : 3455]
[FILL (int) : 3456]
[FILL (int) : 3457]
[FILL (int) : 3458]
[FILL (int) : 3459]
[FILL (int) : 3460]
[FILL (int) : 3461]
[FILL (int) : 3462]
[FILL (int) : 3463]
[FILL (int) : 3464]
[FILL (int) : 3465]
[FILL (int) : 3466]
[FILL (int) : 3467]
[FILL (int) : 3468]
[FILL (int) : 3469]
[FILL (int) : 3470]
[FILL (int) : 3471]
[FILL (int) : 3472]
[FILL (int) : 3473]
[FILL (int) : 3474]
[FILL (int) : 3475]
[FILL (int) : 3476]
[FILL (int) : 3477]
[FILL (int) : 3478]
[FILL (int) : 3479]
[FILL (int) : 3480]
[FILL (int) : 3481]
[FILL (int) : 3482]
[FILL (int) : 3483]
[FILL (int) : 3484]
[FILL (int) : 3485]
[FILL (int) : 3486]
[FILL (int) : 3487]
[FILL (int) : 3488]
[FILL (int) : 3489]
[FILL (int) : 3490]
[FILL (int) : 3491]
[FILL (int) : 3492]
[FILL (int) : 3493]
[FILL (int) : 3494]
[FILL (int) : 3495]
[FILL (int) : 3496]
[FILL (int) : 3497]
[FILL (int) : 3498]
[FILL (int) : 3499]
[FILL (int) : 3500]
[FILL (int) : 3501]
[FILL (int) : 3502]
[FILL (int) : 3503]
[FILL (int) : 3504]
[FILL (int) : 3505]
[FILL (int) : 3506]
[FILL (int) : 3507]
[FILL (int) : 3508]
[FILL (int) : 3509]
[FILL (int) : 3510]
[FILL (int) : 3511]
[FILL (int) : 3512]
[FILL (int) : 3513]
[FILL (int) : 3514]
[FILL (int) : 3515]
[FILL (int) : 3516]
[FILL (int) : 3517]
[FILL (int) : 3518]
[FILL (int) : 3519]
[FILL (int) : 3520]
[FILL (int) : 3521]
[FILL (int) : 3522]
[FILL (int) : 3523]
[FILL (int) : 3524]
[FILL (int) : 3525]
[FILL (int) : 3526]
[FILL (int) : 3527]
[FILL (int) : 3528]
[FILL (int) : 3529]
[FILL (int) : 3530]
[FILL (int) : 3531]
[FILL (int) : 3532]
[FILL (int) : 3533]
[FILL (int) : 3534]
[FILL (int) : 3535]
[FILL (int) : 3536]
[FILL (int) : 3537]
[FILL (int) : 3538]
[FILL (int) : 3539]
[FILL (int) : 3540]
[FILL (int) : 3541]
[FILL (int) : 3542]
[FILL (int) : 3543]
[FILL (int) : 3544]
[FILL (int) : 3545]
[FILL (int) : 3546]
[FILL (int) : 3547]
[FILL (int) : 3548]
[FILL (int) : 3549]
[FILL (int) : 3550]
[FILL (int) : 3551]
[FILL (int) : 3552]
[FILL (int) : 3553]
[FILL (int) : 3554]
[FILL (int) : 3555]
[FILL (int) : 3556]
[FILL (int) : 3557]
[FILL (int) : 3558]
[FILL (int) : 3559]
[FILL (int) : 3560]
[FILL (int) : 3561]
[FILL (int) : 3562]
[FILL (int) : 3563]
[FILL (int) : 3564]
[FILL (int) : 3565]
[FILL (int) : 3566]
[FILL (int) : 3567]
[FILL (int) : 3568]
[FILL (int) : 3569]
[FILL (int) : 3570]
[FILL (int) : 3571]
[FILL (int) : 3572]
[FILL (int) : 3573]
[FILL (int) : 3574]
[FILL (int) : 3583]
[FILL (int) : 3583]
[FILL (int) : 3584]
[FILL (int) : 3585]
[FILL (int) : 3586]
[FILL (int) : 3587]
[FILL (int) : 3588]
[FILL (int) : 3589]
[FILL (int) : 3590]
CORAL/Services/ConnectionService Info User session with sessionID=ed14e622-dc52-11e7-b5c3-02163e01825d will be ended on connectionID=ed1225fe-dc52-11e7-b5c3-02163e01825d
CORAL/Services/ConnectionService Debug Connection id=ed1225fe-dc52-11e7-b5c3-02163e01825d to service "cms_orcon_adg" has 0 session(s) opened.
CORAL/Services/ConnectionService Debug The active connection id=ed1225fe-dc52-11e7-b5c3-02163e01825d to service "cms_orcon_adg" has been removed from the active list.
CORAL/Services/ConnectionService Debug The valid active connection id=ed1225fe-dc52-11e7-b5c3-02163e01825d to service "cms_orcon_adg" has been moved to the idle list.
%MSG-i FillInfoPopConSourceHandler:  FillInfoPopConAnalyzer:Test1@endJob  08-Dec-2017 21:03:58 CET PostGlobalEndRun
Transferring 0 payload(s); from FillInfoPopConSourceHandler::getNewObjects
%MSG


Obtained values of Description:



CORAL/RelationalPlugins/sqlite Debug SQLiteStatement::prepare COMMIT
CORAL/Services/ConnectionService Info User session with sessionID=ecf98b20-dc52-11e7-b5c3-02163e01825d will be ended on connectionID=ecf985bc-dc52-11e7-b5c3-02163e01825d
CORAL/Services/ConnectionService Debug Connection id=ecf985bc-dc52-11e7-b5c3-02163e01825d to service "test_output.db" has 0 session(s) opened.
CORAL/Services/ConnectionService Debug The active connection id=ecf985bc-dc52-11e7-b5c3-02163e01825d to service "test_output.db" has been removed from the active list.
CORAL/Services/ConnectionService Debug The valid active connection id=ecf985bc-dc52-11e7-b5c3-02163e01825d to service "test_output.db" has been moved to the idle list.
CORAL/Services/ConnectionService Info Deleting the ConnectionPool
CORAL/Services/ConnectionService Info Connection to service "test_output.db" with connectionID=ecf985bc-dc52-11e7-b5c3-02163e01825d will be disconnected
CORAL/Services/ConnectionService Info Connection to service "cms_orcon_adg" with connectionID=ed1225fe-dc52-11e7-b5c3-02163e01825d will be disconnected
