 ##################################################################### 
 # WARNING: the module CondCore.DBCommon.CondDBCommon is deprecated. # 
 # Please import CondCore.CondDB.CondDB_cfi                          # 
 ##################################################################### 
%MSG-i PopCon:  FillInfoPopConAnalyzer:Test1@ctor 04-Mar-2018 09:52:10 CET  pre-events
This is PopCon (Populator of Condition) v5.0.
Please report any problem and feature request through the JIRA project CMSCONDDB.

%MSG
Begin processing the 1st record. Run 1, Event 1, LumiSection 1 at 04-Mar-2018 09:52:10.923 CET
%MSG-i PopCon:  FillInfoPopConAnalyzer:Test1@endJob 04-Mar-2018 09:52:10 CET  PostGlobalEndRun
payload name FillInfo
%MSG
%MSG-i PopCon:  FillInfoPopConAnalyzer:Test1@endJob 04-Mar-2018 09:52:10 CET  PostGlobalEndRun
destination DB: sqlite_file:fillinfo_pop_test.db, target DB: sqlite_file:fillinfo_pop_test.db
TAG: fillinfo_test; First writer to this new tag.
%MSG
%MSG-i FillInfoPopConSourceHandler:  FillInfoPopConAnalyzer:Test1@endJob  04-Mar-2018 09:52:10 CET PostGlobalEndRun
New tag fillinfo_test; from FillInfoPopConSourceHandler::getNewObjects
%MSG


Querying the OMDS for RUNTIME_SUMMARY data...




Querying the OMDS for LUMI data...





--------------------------
Schema Description:
Schema Name: CMS_DCS_ENV_PVSS_COND
	ALERTHISTORY
	ALERTHISTORYVALUES
	DAQ_PRESERIES_TEMP
	ELEMENT_INFO
	ENVMON
	EVENTHISTORY
	EVENTHISTORY1
	EVENTHISTORYVALUES
	FRL_CRATE_TEMP
	MAGNET_INFO
	PC_APPLICATIONS
	RACK_STATUS
	RACK_TEMP
	RACK_TURBINE
	SCX_RACK_STATUS
	V_MON_ARC_LOG
	V_MON_CSTIMELOG
	V_MON_CYCLETIME
	V_MON_JOBSTATUS


Detailed Table Description:
Table Name:		No. of Columns:
(Column Details follow.)
CORAL/RelationalPlugins/oracle Error Cannot handle the type of column ABBR in view CMS_DCS_ENV_PVSS_COND.ALERTHISTORY
Exception encountered for table:  ALERTHISTORY


ALERTHISTORYVALUES		11
	ELEMENT_ID (long long)
	TS (time stamp)
	DETAIL (long long)
	POSITION (long long)
	ADD_VALUE (string)
	VALUE_DYNTIMESTAMP (string)
	VALUE_DYNNUMBER (string)
	VALUE_DYNSTRING (string)
	SYS_ID (long long)
	BASE (bool)
	ARCHIVE# (float)


DAQ_PRESERIES_TEMP		3
	Name (string)
	TEMPERATURE (float)
	LAST_CHANGE (string)


ELEMENT_INFO		5
	PVSS_ID (long long)
	TABLE_NAME (string)
	COLUMN_NAME (string)
	INTERNAL_ID (float)
	UPDATE_COUNT (float)


ENVMON		3
	Zone (string)
	TEMPERATURE (float)
	DEWPOINT (float)

CORAL/RelationalPlugins/oracle Error ORA-04045: errors during recompilation/revalidation of CMS_DCS_ENV_PVSS_COND.EVENTHISTORY
ORA-16000: database open for read-only access (retrieving the describe handle of CMS_DCS_ENV_PVSS_COND."EVENTHISTORY")
Exception encountered for table:  EVENTHISTORY


EVENTHISTORY1		6
	ELEMENT_ID (long long)
	TS (time stamp)
	STATUS (float)
	VS (string)
	VN (float)
	VT (time stamp)


EVENTHISTORYVALUES		18
	ELEMENT_ID (long long)
	TS (time stamp)
	POSITION (float)
	VALUE_DYNSTRING (string)
	VALUE_DYNNUMBER (float)
	VALUE_DYNTIMESTAMP (time stamp)
	CORRVALUE_DYNSTRING (string)
	CORRVALUE_DYNNUMBER (string)
	CORRVALUE_DYNTIMESTAMP (string)
	OLVALUE_DYNSTRING (string)
	OLVALUE_DYNNUMBER (string)
	OLVALUE_DYNTIMESTAMP (string)
	VALTYPE (string)
	BASE (float)
	ARCHIVE# (float)
	OFFVALUE_DYNNUMBER (float)
	OFFVALUE_DYNSTRING (string)
	OFFVALUE_DYNTIMESTAMP (time stamp)


FRL_CRATE_TEMP		4
	CRATENAME (string)
	TEMPERATURE (float)
	STATUS (string)
	last change (string)


MAGNET_INFO		6
	Current (float)
	RAMPINGSTS (string)
	STEADYSTS (string)
	CRYOSTS (string)
	last change (string)
	Temp (float)


PC_APPLICATIONS		11
	NODE_NAME (string)
	NAME (string)
	EXECUTABLE (string)
	PATH (string)
	TITLE (string)
	POS_X (float)
	POS_Y (float)
	SIZE_X (float)
	SIZE_Y (float)
	PARAMS (string)
	REPOSITION (float)


RACK_STATUS		4
	RACKNAME (string)
	RACK_STATUS (string)
	LAST_CHANGE (string)
	RACK_NR (float)


RACK_TEMP		3
	RACKNAME (string)
	TEMPERATURE (float)
	last change (string)


RACK_TURBINE		4
	RACKNAME (string)
	CURRENT_1 (float)
	CURRENT_2 (float)
	LAST_CHANGE (string)


SCX_RACK_STATUS		4
	RACK1 (string)
	MAX_T_CPU (float)
	MAX_T_CASE (float)
	MIN_FAN_SPEED (float)


V_MON_ARC_LOG		5
	TS (string)
	TYP (char)
	PROG (string)
	TEST (string)
	ORACODE (string)


V_MON_CSTIMELOG		5
	STARTTIME (string)
	ENDTIME (string)
	DURATION[s] (float)
	DESCRIPTION (string)
	INFO (string)


V_MON_CYCLETIME		5
	INTERVAL (string)
	DAY (string)
	CYCLE(AVG)[s] (float)
	CYCLE(MIN)[s] (float)
	CYCLE(MAX)[s] (float)


V_MON_JOBSTATUS		9
	DESCRIPTION (string)
	LASTCALC (string)
	RUNNING (string)
	LASTRUN (string)
	NEXTRUN (string)
	STARTTIME (string)
	CYCLES (float)
	INTERVAL (string)
	JOB_ID (float)

--------------------------



%MSG-i FillInfoPopConSourceHandler:  FillInfoPopConAnalyzer:Test1@endJob  04-Mar-2018 09:52:12 CET PostGlobalEndRun
Transferring 0 payload(s); from FillInfoPopConSourceHandler::getNewObjects
%MSG
