[Fri Jan 12 16:48:45 CET 2018] : cmsRun /afs/cern.ch/work/a/anoolkar/private/CMSSW_9_2_6/src/CondTools/RunInfo/test/FillInfoPopConAnalyzer.py 
 ##################################################################### 
 # WARNING: the module CondCore.DBCommon.CondDBCommon is deprecated. # 
 # Please import CondCore.CondDB.CondDB_cfi                          # 
 ##################################################################### 
CORAL/Services/ConnectionService Info Loading default plugin for coral::IAuthenticationService: COND/Services/RelationalAuthenticationService
CORAL/Services/ConnectionService Info The connection pool automatic cleanup thread is currently explicitly disabled
CORAL/Services/ConnectionService Info Loading default plugin for coral::IRelationalService: CORAL/Services/RelationalService
PluginManager Info PluginManager creating CORAL/Services/RelationalService component
PluginManager Info PluginManager needs to load CORAL/Services/RelationalService component
PluginManager Info PluginManager loaded RelationalService library
PluginManager Info PluginManager loaded CORAL/Services/RelationalService factory from RelationalService library
CORAL/Services/RelationalService Info Found plugin for RDBMS technology "coral" with native implementation
CORAL/Services/RelationalService Info Found plugin for RDBMS technology "frontier" with native implementation
CORAL/Services/RelationalService Info Found plugin for RDBMS technology "mysql" with native implementation
CORAL/Services/RelationalService Info Found plugin for RDBMS technology "oracle" with native implementation
CORAL/Services/RelationalService Info Found plugin for RDBMS technology "sqlite" with native implementation
CORAL/Services/RelationalService Info Default implementation for RDBMS technology "coral" is native
CORAL/Services/RelationalService Info Default implementation for RDBMS technology "frontier" is native
CORAL/Services/RelationalService Info Default implementation for RDBMS technology "mysql" is native
CORAL/Services/RelationalService Info Default implementation for RDBMS technology "oracle" is native
CORAL/Services/RelationalService Info Default implementation for RDBMS technology "sqlite" is native
PluginManager Info PluginManager creating CORAL/RelationalPlugins/sqlite component
PluginManager Info PluginManager needs to load CORAL/RelationalPlugins/sqlite component
PluginManager Info PluginManager loaded SQLiteAccess library
PluginManager Info PluginManager loaded CORAL/RelationalPlugins/sqlite factory from SQLiteAccess library
CORAL/Services/ConnectionService Debug No valid connection for string "sqlite_file:test_output.db" found in the pool. Creating a new connection.
CORAL/Services/ConnectionService Debug Trying to get a new update session on "sqlite_file:test_output.db"
CORAL/Services/ConnectionService Debug Connection parameters are: Retry-Period=10sec, Retry-Timeout=60sec, Connection-Timeout=300sec.
CORAL/Services/ConnectionService Info New connection to service "test_output.db" with connectionID=1321ec02-f7b0-11e7-9546-fa163e505432 has been connected
CORAL/Services/ConnectionService Info New user session with sessionID=1322082c-f7b0-11e7-9546-fa163e505432 started on connectionID=1321ec02-f7b0-11e7-9546-fa163e505432 to service "test_output.db" for user "" in update mode
CORAL/Services/ConnectionService Debug A new connection to service "test_output.db" has been added in the active list. Id=1321ec02-f7b0-11e7-9546-fa163e505432
%MSG-i PopCon:  FillInfoPopConAnalyzer:Test1@ctor 12-Jan-2018 16:48:46 CET  pre-events
This is PopCon (Populator of Condition) v5.0.
Please report any problem and feature request through the JIRA project CMSCONDDB.

%MSG
Begin processing the 1st record. Run 1, Event 1, LumiSection 1 at 12-Jan-2018 16:48:46.577 CET
%MSG-i PopCon:  FillInfoPopConAnalyzer:Test1@endJob 12-Jan-2018 16:48:46 CET  PostGlobalEndRun
payload name FillInfo
%MSG
CORAL/RelationalPlugins/sqlite Debug SQLiteStatement::prepare BEGIN
CORAL/RelationalPlugins/sqlite Debug SQLiteStatement::prepare SELECT name FROM sqlite_master WHERE type='table' UNION ALL SELECT name FROM sqlite_temp_master WHERE type='table' ORDER BY 1
CORAL/RelationalPlugins/sqlite Debug SQLiteStatement::prepare CREATE TABLE IF NOT EXISTS coral_sqlite_fk(id TEXT NOT NULL, name TEXT, tablename TEXT NOT NULL) ; 
CORAL/RelationalPlugins/sqlite Debug SQLiteStatement::prepare PRAGMA table_info("TAG")
CORAL/RelationalPlugins/sqlite Debug SQLiteStatement::prepare SELECT "TAG"."NAME" FROM "TAG" WHERE "TAG"."NAME" = :NAME_0 
CORAL/RelationalPlugins/sqlite Debug SQLiteStatement::bind variables NAME_0(string) fillinfo_test 
CORAL/RelationalPlugins/sqlite Debug SQLiteStatement::prepare SELECT "TAG"."NAME" FROM "TAG" WHERE "TAG"."NAME" = :NAME_0 
CORAL/RelationalPlugins/sqlite Debug SQLiteStatement::bind variables NAME_0(string) fillinfo_test 
CORAL/RelationalPlugins/sqlite Debug SQLiteStatement::prepare SELECT "TAG"."TIME_TYPE", "TAG"."OBJECT_TYPE", "TAG"."SYNCHRONIZATION", "TAG"."END_OF_VALIDITY", "TAG"."DESCRIPTION", "TAG"."LAST_VALIDATED_TIME" FROM "TAG" WHERE "TAG"."NAME" = :NAME_0 
CORAL/RelationalPlugins/sqlite Debug SQLiteStatement::bind variables NAME_0(string) fillinfo_test 
CORAL/RelationalPlugins/sqlite Debug SQLiteStatement::prepare CREATE TABLE IF NOT EXISTS coral_sqlite_fk(id TEXT NOT NULL, name TEXT, tablename TEXT NOT NULL) ; 
CORAL/RelationalPlugins/sqlite Debug SQLiteStatement::prepare PRAGMA table_info("IOV")
CORAL/RelationalPlugins/sqlite Debug SQLiteStatement::prepare SELECT DISTINCT MIN("IOV"."SINCE") FROM "IOV" WHERE "IOV"."TAG_NAME" = :TAG_NAME_0  GROUP BY CAST("IOV"."SINCE"/1000 AS INT )*1000 ORDER BY MIN("IOV"."SINCE")
CORAL/RelationalPlugins/sqlite Debug SQLiteStatement::bind variables TAG_NAME_0(string) fillinfo_test 
CORAL/RelationalPlugins/sqlite Debug SQLiteStatement::prepare SELECT COUNT(*) FROM "IOV" WHERE "IOV"."TAG_NAME" = :TAG_NAME_0 
CORAL/RelationalPlugins/sqlite Debug SQLiteStatement::bind variables TAG_NAME_0(string) fillinfo_test 
CORAL/RelationalPlugins/sqlite Debug SQLiteStatement::prepare SELECT "IOV"."SINCE", "IOV"."PAYLOAD_HASH" FROM "IOV" WHERE "IOV"."TAG_NAME" = :TAG_NAME_0  ORDER BY "IOV"."SINCE" DESC, "IOV"."INSERTION_TIME" DESC
CORAL/RelationalPlugins/sqlite Debug SQLiteStatement::bind variables TAG_NAME_0(string) fillinfo_test 
%MSG-i PopCon:  FillInfoPopConAnalyzer:Test1@endJob 12-Jan-2018 16:48:46 CET  PostGlobalEndRun
destination DB: sqlite_file:test_output.db, target DB: sqlite_file:test_output.db
TAG: fillinfo_test, last since/till: 6186314909159131872/18446744073709551615, size: 6

%MSG
%MSG-i FillInfoPopConSourceHandler:  FillInfoPopConAnalyzer:Test1@endJob  12-Jan-2018 16:48:46 CET PostGlobalEndRun
got info for tag fillinfo_test, IOVSequence token : size 6, last object valid since 6186314909159131872 ( 2015-08-23T21:01:22.622988 ); from FillInfoPopConSourceHandler::getNewObjects
%MSG
CORAL/RelationalPlugins/sqlite Debug SQLiteStatement::prepare CREATE TABLE IF NOT EXISTS coral_sqlite_fk(id TEXT NOT NULL, name TEXT, tablename TEXT NOT NULL) ; 
CORAL/RelationalPlugins/sqlite Debug SQLiteStatement::prepare PRAGMA table_info("PAYLOAD")
CORAL/RelationalPlugins/sqlite Debug SQLiteStatement::prepare SELECT "PAYLOAD"."DATA", "PAYLOAD"."STREAMER_INFO", "PAYLOAD"."OBJECT_TYPE" FROM "PAYLOAD" WHERE "PAYLOAD"."HASH" = :HASH_0 
CORAL/RelationalPlugins/sqlite Debug SQLiteStatement::bind variables HASH_0(string) 51ef863d59ff4a27d9574b24a172b2468b10aff3 
%MSG-i FillInfoPopConSourceHandler:  FillInfoPopConAnalyzer:Test1@endJob  12-Jan-2018 16:48:46 CET PostGlobalEndRun
The last payload in tag fillinfo_test valid since 6186314909159131872 has token 51ef863d59ff4a27d9574b24a172b2468b10aff3 and values:
LHC fill: 4257
Bunches in Beam 1: 458
Bunches in Beam 2: 458
Colliding bunches at IP5: 446
Target bunches at IP5: 446
Fill type: PROTONS
Particle type for Beam 1: PROTON
Particle type for Beam 2: PROTON
Crossing angle (urad): 145
Beta star (cm): 80
Average Intensity for Beam 1 (number of charges): 4.44296e+13
Average Intensity for Beam 2 (number of charges): 4.38376e+13
Energy (GeV): 6499.68
Delivered Luminosity (max): 0.99836
Recorded Luminosity (max): 0.937868
Creation time of the fill: 2015-08-23T17:24:48.056238
Begin time of Stable Beam flag: 2015-08-23T21:01:22.622988
End time of the fill: 2015-08-23T21:20:35.425613
Injection scheme as given by LPC: 25ns_458b_446_360_372_48bpi13inj
Luminosity per bunch  (total 1396): 0.000115559, 0.000115559, 2.25787, 0.000462258, 0.000115559, 0.000115559, 0.000115559, 0.000115559, 2.76774, 0.00104005, 0.000115559, 0.000115559, 0.000115559, 0.000115559, 1.98969, 2.10908, 2.1839, 2.14516, 2.31694, 2.07832, 2.07434, 1.97774, 1.88952, 1.87488, 1.62201, 1.63635, 0.000808922, 0.000231119, 0.000115559, 0.000115559, 0.000115559, 0.000115559, 0.000346678, 0.000115559, 0.000115559, 0.000231119, 0.000115559, 0.000115559, 0.000346678, 0.000231119, 0.000231119, 0.000115559, 0.000231119, 0.000115559, 0.000115559, 0.000115559, 0.000115559, 0.000462244, 0.000577804, 0.000808922, 0.000231119, 0.000346685, 0.000346678, 0.000577804, 0.000115559, 0.000346678, 0.000346678, 0.000115559, 0.000231119, 0.000231119, 0.000115559, 0.000115559, 0.000231119, 0.000115559, 0.000115559, 0.000115559, 0.000115559, 0.000115559, 0.000808957, 0.000231119, 0.000231119, 0.000231119, 0.000693363, 0.000115559, 0.000231119, 0.000346678, 0.000231119, 0.000115559, 0.000115559, 0.000115559, 0.000115559, 0.000115559, 0.000115559, 0.000115559, 0.000115559, 0.000115559, 0.000115559, 0.000115559, 0.000115559, 2.60189, 2.84107, 2.73979, 2.80407, 2.23398, 2.24096, 2.26703, 2.30013, 1.89235, 2.00431, 1.85658, 1.94082, 2.35182, 2.39162, 2.16987, 2.0689, 2.21407, 2.21675, 1.98046, 1.93161, 2.28709, 2.32648, 2.10183, 2.02912, 2.20521, 2.2341, 1.96465, 1.92014, 1.9934, 2.01607, 1.8423, 1.78212, 2.28493, 2.29886, 2.03763, 1.96977, 2.07116, 2.16698, 1.86442, 1.84616, 1.84131, 1.93576, 1.59822, 1.74703, 2.06958, 2.106, 1.77968, 1.82977, 0.000924503, 0.000462244, 0.000346678, 0.000231119, 0.000231119, 0.000462244, 0.000231119, 0.000346678, 0.000231119, 0.000346685, 0.000231119, 0.000231119, 0.000231119, 0.000231119, 0.000115559, 0.000231126, 0.000462244, 0.000693363, 0.000231119, 0.000462244, 0.000231119, 0.000231119, 0.000346678, 0.000115559, 0.000115559, 0.000115559, 0.000115559, 0.000693363, 0.000231119, 0.000231119, 0.000924474, 0.000231119, 0.000577804, 0.000346685, 0.000231119, 0.000115559, 0.000115559, 0.000231119, 2.57167, 2.87782, 2.72612, 2.81948, 2.35242, 2.28387, 2.33739, 2.17453, 1.93023, 1.96609, 1.77682, 1.82515, 2.38117, 2.45552, 2.15948, 2.11996, 2.2347, 2.23939, 2.05242, 1.93498, 2.36495, 2.27266, 2.05321, 2.0265, 2.08602, 2.14884, 1.92707, 1.83666, 1.97092, 1.9379, 1.7814, 1.72891, 2.16484, 2.18278, 1.95394, 1.90964, 2.07766, 2.11221, 1.89652, 1.86266, 1.83475, 1.94072, 1.66514, 1.69832, 2.03403, 2.10767, 1.78361, 1.76946, 0.00104005, 0.000231119, 0.000346678, 0.00069337, 0.000462244, 0.000577797, 0.000231119, 0.000462244, 0.000577811, 0.000577804, 0.000115559, 0.000462237, 0.000231119, 0.000462237, 0.000462244, 0.000346678, 0.000231119, 0.000462237, 0.000693363, 0.000577804, 0.000577804, 0.000231119, 0.000231119, 0.000577797, 0.000115559, 0.000346678, 0.000346685, 0.000346678, 0.000115559, 0.000346678, 0.000115559, 0.000462237, 0.000231119, 0.000693377, 0.000346678, 0.000346678, 0.000231119, 0.000462237, 0.000577797, 0.000346678, 0.000231119, 0.000346678, 0.000462244, 0.000231119, 0.000462244, 0.000115559, 0.000346678, 0.000231119, 0.000231119, 0.000346678, 0.000462237, 0.000577797, 0.000231119, 0.000231119, 0.000115559, 0.000462237, 0.000346678, 0.000231119, 0.000115559, 0.000115559, 0.000346685, 0.000231119, 0.000231119, 0.000231119, 0.000231119, 0.000462237, 0.000346678, 0.000346678, 0.000231119, 0.000115559, 0.000231119, 0.000115559, 0.000231126, 0.000115559, 0.000115559, 0.000231119, 0.000115559, 0.000115559, 0.000115559, 0.000231119, 0.000115559, 0.000115559, 0.000115559, 0.000346678, 0.000115559, 0.000346678, 0.000115559, 0.000115559, 0.000231119, 0.000115559, 0.000231119, 0.000231119, 0.000231119, 0.000462237, 0.000231119, 0.000115559, 0.000115559, 0.000115559, 0.000115559, 0.000115559, 0.000115559, 0.000115559, 0.000115559, 0.000231119, 0.000115559, 0.000462244, 0.000115559, 0.000231119, 0.000115559, 0.000231119, 0.000115559, 0.000115559, 0.000231119, 0.000231119, 0.000115559, 0.000115559, 0.000115559, 0.000115559, 0.000231119, 0.000115559, 0.000115559, 0.000115559, 0.000115559, 0.000115559, 0.000115559, 0.000231119, 0.000115559, 0.000115559, 0.000115559, 0.000115559, 0.000231119, 0.000115559, 0.000115559, 0.000115559, 0.000115559, 0.000115559, 0.000115559, 0.000115559, 0.000115559, 0.000115559, 0.000115559, 0.000115559, 0.000115559, 0.000115559, 0.000231119, 0.000231119, 0.000115559, 0.000115559, 0.000115559, 0.000115559, 0.000231119, 0.000115559, 0.000115559, 0.000231119, 0.000231119, 0.000115559, 0.000115559, 0.000115559, 0.000115559, 0.000115559, 0.000115559, 0.000115559, 0.000115559, 0.000115559, 0.000115559, 0.000115559, 0.000115559, 0.000115559, 0.000115559, 0.000115559, 0.000115559, 0.000115559, 0.000115559, 0.000115559, 0.000115559, 0.000115559, 0.000115559, 2.63206, 2.79537, 2.74285, 2.76997, 2.22877, 2.21422, 2.31953, 2.22915, 1.86828, 1.94982, 1.7727, 1.84598, 2.25556, 2.33229, 2.12795, 2.10526, 2.08239, 2.0818, 1.92757, 1.87987, 2.2011, 2.11706, 1.9937, 1.91578, 2.07447, 2.08305, 1.91072, 1.81305, 1.84323, 1.9119, 1.59444, 1.59776, 2.08009, 2.09318, 1.77408, 1.71962, 1.62073, 1.68336, 1.44906, 1.50342, 1.46189, 1.5538, 1.29661, 1.38474, 1.53892, 1.67836, 1.48071, 1.5625, 0.00127118, 0.000577804, 0.000346685, 0.000346685, 0.000231119, 0.000231119, 0.000346685, 0.000693363, 0.000115559, 0.000231119, 0.000115559, 0.000346678, 0.000115559, 0.000115559, 0.000231119, 0.000346678, 0.000115559, 0.000115559, 0.000231119, 0.000231119, 0.000115559, 0.000115559, 0.000231119, 0.000462237, 0.000231119, 0.000346678, 0.000115559, 0.000231119, 0.000346678, 0.000115559, 0.000231119, 0.000115559, 0.000462244, 2.5643, 2.74377, 2.72608, 2.74931, 2.20422, 2.20307, 2.27593, 2.15975, 1.84806, 1.98166, 1.74876, 1.78691, 2.35341, 2.36044, 2.16304, 2.04586, 2.12713, 2.16162, 2.00177, 1.82244, 2.22338, 2.19738, 1.99241, 1.9157, 2.00549, 2.0941, 1.80112, 1.78871, 1.83402, 1.82751, 1.609, 1.61248, 1.95762, 1.97757, 1.79977, 1.75877, 1.86827, 1.94348, 1.72806, 1.72784, 1.67646, 1.74117, 1.55393, 1.56361, 1.82676, 1.82513, 1.60101, 1.57531, 0.000808929, 0.000346678, 0.000462237, 0.000462244, 0.000693356, 0.000693363, 0.000577811, 0.000462237, 0.000346678, 0.000231119, 0.000231119, 0.000231119, 0.000462244, 0.000346685, 0.000115559, 0.000693363, 0.000462244, 0.000346685, 0.000346678, 0.000231119, 0.000231119, 0.000808915, 0.000115559, 0.000346678, 0.000115559, 0.000462237, 0.000115559, 0.000577797, 0.000231119, 0.000462237, 0.000115559, 0.000115559, 0.000462244, 0.000346678, 0.000231119, 0.000577797, 0.000346685, 0.000231119, 0.000577797, 0.000115559, 0.000462237, 0.000115559, 0.000231119, 0.000462237, 0.000115559, 0.000577804, 0.000231119, 0.000115559, 0.000346678, 0.000462244, 0.000115559, 0.000231119, 0.000462237, 0.000231119, 0.000115559, 0.000462258, 0.000115559, 0.000231126, 0.000231119, 0.000346685, 0.000231119, 0.000346678, 0.000115559, 0.000231119, 0.000115559, 0.000231119, 0.000346678, 0.000346685, 0.000462251, 0.000346678, 0.000346678, 0.000115559, 0.000346685, 0.000346685, 0.000115559, 0.000462237, 0.000231119, 0.000115559, 0.000231119, 0.000346678, 0.000231119, 0.000115559, 0.000115559, 0.000231119, 0.000346678, 0.000462244, 0.000346678, 0.000231119, 0.000115559, 0.000231119, 0.000231119, 0.000115559, 0.000115559, 0.000231126, 0.000115559, 0.000231126, 0.000115559, 0.000115559, 0.000115559, 0.000115559, 0.000115559, 0.000115559, 0.000346678, 0.000231119, 0.000231119, 0.000115559, 0.000115559, 0.000115559, 0.000115559, 0.000115559, 0.000115559, 0.000115559, 0.000115559, 0.000115559, 0.000115559, 0.000115559, 0.000115559, 0.000115559, 0.000346678, 0.000231119, 0.000115559, 0.000231119, 0.000115559, 0.000115559, 0.000115559, 0.000115559, 0.000115559, 0.000115559, 0.000115559, 0.000115559, 0.000115559, 0.000115559, 0.000231119, 0.000115559, 0.000115559, 0.000115559, 0.000115559, 0.000231119, 0.000115559, 0.000231126, 0.000115559, 0.000115559, 0.000115559, 0.000115559, 0.000115559, 0.000346678, 0.000115559, 0.000115559, 0.000115559, 0.000115559, 0.000115559, 0.000115559, 0.000115559, 0.000115559, 0.000115559, 0.000115559, 0.000231119, 0.000115559, 0.000115559, 0.000115559, 0.000115559, 0.000115559, 0.000115559, 0.000115559, 0.000115559, 2.47269, 2.81997, 2.86007, 2.75098, 2.27972, 2.34792, 2.30879, 2.28699, 1.93376, 2.08399, 1.84944, 1.94684, 2.24303, 2.29236, 2.11469, 2.12189, 2.10423, 2.09376, 1.96751, 1.93655, 2.20369, 2.16855, 1.96693, 1.9394, 2.08666, 2.06135, 1.8546, 1.86982, 1.85399, 1.88144, 1.65357, 1.63427, 2.00821, 2.03357, 1.83692, 1.8231, 1.74502, 1.82313, 1.60415, 1.65327, 1.51835, 1.63284, 1.40538, 1.39694, 1.50268, 1.64971, 1.46586, 1.50619, 0.000577797, 0.000231119, 0.000577797, 0.000231119, 0.000115559, 0.000462237, 0.000115559, 0.000346678, 0.000115559, 0.000346685, 0.000346685, 0.000115559, 0.000231119, 0.000462244, 0.000115559, 0.000115559, 0.000115559, 0.000231119, 0.000231119, 0.000115559, 0.000115559, 0.000115559, 0.000346678, 0.000115559, 0.000115559, 0.000115559, 0.000231119, 0.000115559, 0.000346678, 0.000115559, 0.000346678, 0.000115559, 0.000115559, 0.000115559, 0.000231126, 0.000346678, 2.56861, 2.85571, 2.86049, 2.81573, 2.27308, 2.27594, 2.28907, 2.27747, 1.88438, 1.99748, 1.78911, 1.89756, 2.2912, 2.34439, 2.16933, 2.08827, 2.0843, 2.04511, 1.93824, 1.85459, 2.08782, 2.11022, 1.93192, 1.86957, 2.07215, 2.07881, 1.86921, 1.83911, 1.80144, 1.81045, 1.66343, 1.64147, 1.9346, 1.95339, 1.74515, 1.72926, 1.60979, 1.69312, 1.60968, 1.39314, 1.38195, 1.57361, 1.36031, 1.21944, 1.25114, 1.10869, 1.28227, 1.44003, 0.00115561, 0.000346678, 0.000693356, 0.000231119, 0.000231119, 0.000462258, 0.000462237, 0.000115559, 0.000462237, 0.000115559, 0.000462244, 0.000115559, 0.000462244, 0.000346678, 0.000231119, 0.000462244, 0.000462244, 0.000346678, 0.000462237, 0.000231119, 0.000115559, 0.000577797, 0.000346678, 0.000115559, 0.000346678, 0.000115559, 0.000231126, 0.000231119, 0.000577804, 0.000462237, 0.000346685, 0.000462237, 0.000577797, 0.000115559, 0.000462237, 0.000346678, 0.000231119, 0.000231119, 0.000577797, 0.000462237, 0.000231119, 0.000115559, 0.000231119, 0.000346678, 0.000231119, 0.000115559, 0.000231119, 0.000231119, 0.000462237, 0.000115559, 0.000693356, 0.000231119, 0.000231119, 0.000346678, 0.000346685, 0.000231119, 0.000115559, 0.000231119, 0.000346678, 0.000231126, 0.000231119, 0.000346678, 0.000346678, 0.000231119, 0.000115559, 0.000231119, 0.000231119, 0.000231119, 0.000115559, 0.000462237, 0.000115559, 0.000115559, 0.000115559, 0.000115559, 0.000115559, 0.000231119, 0.000231119, 0.000231119, 0.000231119, 0.000231119, 0.000115559, 0.000231119, 0.000346678, 0.000115559, 0.000115559, 0.000115559, 0.000115559, 0.000115559, 0.000346678, 0.000231119, 0.000115559, 0.000115559, 0.000115559, 0.000462237, 0.000231119, 0.000115559, 0.000115559, 0.000346678, 0.000462244, 0.000115559, 0.000346678, 0.000115559, 0.000115559, 0.000231119, 0.000115559, 0.000115559, 0.000115559, 0.000231119, 0.000115559, 0.000231119, 0.000115559, 0.000231119, 0.000115559, 0.000115559, 0.000231119, 0.000115559, 0.000231119, 0.000115559, 0.000115559, 0.000231119, 0.000231119, 0.000115559, 0.000231119, 0.000231126, 0.000115559, 0.000346678, 0.000231119, 0.000231126, 0.000115559, 0.000115559, 0.000115559, 0.000115559, 0.000115559, 0.000115559, 0.000115559, 0.000115559, 0.000115559, 0.000115559, 0.000115559, 0.000115559, 0.000231119, 0.000115559, 0.000115559, 0.000115559, 0.000115559, 0.000115559, 0.000115559, 0.000115559, 0.000115559, 0.000115559, 0.000115559, 0.000115559, 0.000115559, 0.000115559, 0.000115559, 0.000115559, 0.000115559, 0.000115559, 0.000115559, 0.000115559, 0.000115559, 0.000115559, 2.66432, 2.90008, 2.94778, 2.88605, 2.42573, 2.36199, 2.44388, 2.41591, 1.97324, 2.08458, 1.9338, 1.9634, 2.48006, 2.49575, 2.28771, 2.18771, 2.23505, 2.17506, 2.10411, 1.95238, 2.31918, 2.23678, 2.09087, 1.97924, 2.15399, 2.20984, 1.95469, 1.89194, 1.89322, 1.93868, 1.76092, 1.63089, 1.436, 1.27646, 1.67267, 1.52134, 1.11407, 1.08433, 1.0911, 1.10997, 1.40224, 1.11649, 1.25048, 1.14222, 0.981407, 0.904933, 0.963932, 1.19173, 0.000808915, 0.000115559, 0.000346678, 0.000115559, 0.000462244, 0.000346685, 0.000231119, 0.000115559, 0.000115559, 0.000231119, 0.000115559, 0.000577811, 0.000346678, 0.000115559, 0.000115559, 0.000115559, 0.000577797, 0.000115559, 0.000462237, 0.000346678, 0.000462237, 0.000577804, 0.000231119, 0.000462237, 0.000231119, 0.000115559, 0.000346678, 0.000346678, 0.000346685, 0.000115559, 0.000577797, 0.000346678, 0.000346685, 0.000115559, 0.000115559, 0.000115559, 0.000115559, 0.000346678, 0.000115559, 0.000231119, 0.000115559, 0.000231119, 0.000115559, 0.000231119, 0.000115559, 0.000115559, 0.000115559, 0.000115559, 0.000115559, 0.000231119, 0.000115559, 0.000115559, 0.000115559, 0.000115559, 0.000115559, 0.000115559, 0.000346678, 0.000231119, 0.000231119, 0.000115559, 0.000115559, 0.000115559, 0.000115559, 0.000115559, 0.000115559, 0.000231119, 0.000115559, 0.000231119, 0.000346685, 0.000115559, 0.000231119, 0.000115559, 0.000231119, 2.58099, 2.8784, 2.8224, 2.76002, 2.2998, 2.37047, 2.2819, 2.24921, 1.92542, 2.07925, 1.81162, 1.894, 2.29028, 2.38762, 2.10687, 2.09876, 2.07289, 2.13113, 1.90409, 1.92359, 2.11043, 2.17866, 1.94089, 1.92048, 2.09498, 2.08858, 1.89371, 1.80958, 1.67216, 1.09258, 1.49136, 1.58245, 1.39972, 1.11055, 1.25165, 1.2963, 1.07936, 1.06543, 1.25745, 1.27101, 1.0191, 0.9343, 1.15189, 1.10422, 0.844354, 0.867895, 0.950274, 1.10274, 0.000231119, 0.000115559, 0.000577804, 0.000346685, 0.000346685, 0.000346678, 0.000231119, 0.000346678, 0.000231119, 0.000462237, 0.000462237, 0.000115559, 0.000115559, 0.000346678, 0.000346678, 0.000115559, 0.000231119, 0.000346678, 0.000115559, 0.000462237, 0.000231119, 0.000231119, 0.000577804, 0.000115559, 0.000115559, 0.000115559, 0.000231119, 0.000346678, 0.000346678, 0.000231119, 0.000231119, 0.000346678, 0.000346678, 0.000115559, 0.000346685, 2.63073, 2.86002, 2.85476, 2.83058, 2.30616, 2.32308, 2.2785, 2.29031, 1.93637, 2.08212, 1.8313, 2.00566, 2.37939, 2.40375, 2.16165, 2.13305, 2.1572, 2.17026, 1.95506, 1.92156, 2.24324, 2.1977, 1.98707, 1.95584, 1.97584, 1.99031, 1.76475, 1.74514, 1.77553, 1.79613, 1.58687, 1.48688, 1.17307, 1.07298, 1.13754, 1.41737, 0.969833, 0.957417, 0.95161, 1.0503, 0.894354, 0.935759, 1.01089, 1.01823, 0.910405, 0.810625, 0.839978, 0.999572, 0.000693363, 0.000577804, 0.000115559, 0.000115559, 0.000231119, 0.000346678, 0.000346685, 0.000115559, 0.000577804, 0.000462237, 0.000346678, 0.000231119, 0.000231119, 0.000115559, 0.000346678, 0.000462237, 0.000346685, 0.000115559, 0.000115559, 0.000693356, 0.000577804, 0.000231119, 0.000346678, 0.000231119, 0.00069337, 0.000231119, 0.000115559, 0.000231126, 0.000115559, 0.000346678, 0.000346685, 0.000346678, 0.000115559, 0.000808922, 0.000346678, 0.000346685, 0.000346678, 0.000115559, 0.000346678, 0.000115559, 0.000346678, 0.000115559, 0.000231119, 0.000577797, 0.000346678, 0.000115559, 0.000346678, 0.000577804, 0.000462258, 0.000115559, 0.000346678, 0.000231119, 0.000231119, 0.000115559, 0.000115559, 0.000231119, 0.000462237, 0.000808922, 0.000115559, 0.000115559, 0.000115559, 0.000115559, 0.000115559, 0.000115559, 0.000346678, 0.000346685, 0.000115559, 0.000346685, 0.000115559, 0.000115559, 0.000115559, 0.000115559, 0.000231119, 0.000231119, 0.000115559, 0.000115559, 0.000231119, 0.000231119, 0.000231119, 0.000115559, 0.000115559, 0.000115559, 0.000115559, 0.000115559, 0.000115559, 0.000231119, 0.000231119, 0.000115559, 0.000115559, 0.000115559, 0.000115559, 0.000115559, 0.000231119, 0.000115559, 0.000115559, 0.000115559, 0.000115559, 0.000115559, 0.000231119, 0.000231119, 0.000115559, 0.000115559, 0.000346678, 0.000115559, 0.000115559, 0.000115559, 0.000115559, 0.000115559, 0.000115559, 0.000231119, 0.000231126, 0.000115559, 0.000115559, 0.000115559, 0.000115559, 0.000231119, 0.000115559, 0.000231119, 0.000115559, 0.000115559, 0.000115559, 0.000115559, 0.000115559, 0.000115559, 0.000115559, 0.000115559, 0.000115559, 0.000115559, 0.000115559, 0.000346678, 0.000115559, 0.000231119, 0.000115559, 0.000231119, 0.000115559, 0.000115559, 0.000115559, 0.000115559, 0.000115559, 0.000115559, 0.000115559, 0.000115559, 0.000115559, 0.000115559, 0.000115559, 0.000115559, 0.000115559, 0.000115559, 0.000115559, 0.000115559, 0.000115559, 0.000115559, 0.000115559, 0.000115559, 0.000115559, 0.000115559, 
Bunches filled for Beam 1 (total 458): 39, 91, 131, 132, 133, 134, 135, 136, 137, 138, 139, 140, 141, 142, 182, 183, 184, 185, 186, 187, 188, 189, 190, 191, 192, 193, 273, 274, 275, 276, 277, 278, 279, 280, 281, 282, 283, 284, 285, 286, 287, 288, 289, 290, 291, 292, 293, 294, 295, 296, 297, 298, 299, 300, 301, 302, 303, 304, 305, 306, 307, 308, 309, 310, 311, 312, 313, 314, 315, 316, 317, 318, 319, 320, 360, 361, 362, 363, 364, 365, 366, 367, 368, 369, 370, 371, 372, 373, 374, 375, 376, 377, 378, 379, 380, 381, 382, 383, 384, 385, 386, 387, 388, 389, 390, 391, 392, 393, 394, 395, 396, 397, 398, 399, 400, 401, 402, 403, 404, 405, 406, 407, 1167, 1168, 1169, 1170, 1171, 1172, 1173, 1174, 1175, 1176, 1177, 1178, 1179, 1180, 1181, 1182, 1183, 1184, 1185, 1186, 1187, 1188, 1189, 1190, 1191, 1192, 1193, 1194, 1195, 1196, 1197, 1198, 1199, 1200, 1201, 1202, 1203, 1204, 1205, 1206, 1207, 1208, 1209, 1210, 1211, 1212, 1213, 1214, 1254, 1255, 1256, 1257, 1258, 1259, 1260, 1261, 1262, 1263, 1264, 1265, 1266, 1267, 1268, 1269, 1270, 1271, 1272, 1273, 1274, 1275, 1276, 1277, 1278, 1279, 1280, 1281, 1282, 1283, 1284, 1285, 1286, 1287, 1288, 1289, 1290, 1291, 1292, 1293, 1294, 1295, 1296, 1297, 1298, 1299, 1300, 1301, 2061, 2062, 2063, 2064, 2065, 2066, 2067, 2068, 2069, 2070, 2071, 2072, 2073, 2074, 2075, 2076, 2077, 2078, 2079, 2080, 2081, 2082, 2083, 2084, 2085, 2086, 2087, 2088, 2089, 2090, 2091, 2092, 2093, 2094, 2095, 2096, 2097, 2098, 2099, 2100, 2101, 2102, 2103, 2104, 2105, 2106, 2107, 2108, 2148, 2149, 2150, 2151, 2152, 2153, 2154, 2155, 2156, 2157, 2158, 2159, 2160, 2161, 2162, 2163, 2164, 2165, 2166, 2167, 2168, 2169, 2170, 2171, 2172, 2173, 2174, 2175, 2176, 2177, 2178, 2179, 2180, 2181, 2182, 2183, 2184, 2185, 2186, 2187, 2188, 2189, 2190, 2191, 2192, 2193, 2194, 2195, 2801, 2802, 2803, 2804, 2805, 2806, 2807, 2808, 2809, 2810, 2811, 2812, 2813, 2814, 2815, 2816, 2817, 2818, 2819, 2820, 2821, 2822, 2823, 2824, 2825, 2826, 2827, 2828, 2829, 2830, 2831, 2832, 2833, 2834, 2835, 2836, 2837, 2838, 2839, 2840, 2841, 2842, 2843, 2844, 2845, 2846, 2847, 2848, 2955, 2956, 2957, 2958, 2959, 2960, 2961, 2962, 2963, 2964, 2965, 2966, 2967, 2968, 2969, 2970, 2971, 2972, 2973, 2974, 2975, 2976, 2977, 2978, 2979, 2980, 2981, 2982, 2983, 2984, 2985, 2986, 2987, 2988, 2989, 2990, 2991, 2992, 2993, 2994, 2995, 2996, 2997, 2998, 2999, 3000, 3001, 3002, 3042, 3043, 3044, 3045, 3046, 3047, 3048, 3049, 3050, 3051, 3052, 3053, 3054, 3055, 3056, 3057, 3058, 3059, 3060, 3061, 3062, 3063, 3064, 3065, 3066, 3067, 3068, 3069, 3070, 3071, 3072, 3073, 3074, 3075, 3076, 3077, 3078, 3079, 3080, 3081, 3082, 3083, 3084, 3085, 3086, 3087, 3088, 3089, 
Bunches filled for Beam 2 (total 458): 39, 91, 131, 132, 133, 134, 135, 136, 137, 138, 139, 140, 141, 142, 222, 223, 224, 225, 226, 227, 228, 229, 230, 231, 232, 233, 273, 274, 275, 276, 277, 278, 279, 280, 281, 282, 283, 284, 285, 286, 287, 288, 289, 290, 291, 292, 293, 294, 295, 296, 297, 298, 299, 300, 301, 302, 303, 304, 305, 306, 307, 308, 309, 310, 311, 312, 313, 314, 315, 316, 317, 318, 319, 320, 360, 361, 362, 363, 364, 365, 366, 367, 368, 369, 370, 371, 372, 373, 374, 375, 376, 377, 378, 379, 380, 381, 382, 383, 384, 385, 386, 387, 388, 389, 390, 391, 392, 393, 394, 395, 396, 397, 398, 399, 400, 401, 402, 403, 404, 405, 406, 407, 1167, 1168, 1169, 1170, 1171, 1172, 1173, 1174, 1175, 1176, 1177, 1178, 1179, 1180, 1181, 1182, 1183, 1184, 1185, 1186, 1187, 1188, 1189, 1190, 1191, 1192, 1193, 1194, 1195, 1196, 1197, 1198, 1199, 1200, 1201, 1202, 1203, 1204, 1205, 1206, 1207, 1208, 1209, 1210, 1211, 1212, 1213, 1214, 1254, 1255, 1256, 1257, 1258, 1259, 1260, 1261, 1262, 1263, 1264, 1265, 1266, 1267, 1268, 1269, 1270, 1271, 1272, 1273, 1274, 1275, 1276, 1277, 1278, 1279, 1280, 1281, 1282, 1283, 1284, 1285, 1286, 1287, 1288, 1289, 1290, 1291, 1292, 1293, 1294, 1295, 1296, 1297, 1298, 1299, 1300, 1301, 2061, 2062, 2063, 2064, 2065, 2066, 2067, 2068, 2069, 2070, 2071, 2072, 2073, 2074, 2075, 2076, 2077, 2078, 2079, 2080, 2081, 2082, 2083, 2084, 2085, 2086, 2087, 2088, 2089, 2090, 2091, 2092, 2093, 2094, 2095, 2096, 2097, 2098, 2099, 2100, 2101, 2102, 2103, 2104, 2105, 2106, 2107, 2108, 2148, 2149, 2150, 2151, 2152, 2153, 2154, 2155, 2156, 2157, 2158, 2159, 2160, 2161, 2162, 2163, 2164, 2165, 2166, 2167, 2168, 2169, 2170, 2171, 2172, 2173, 2174, 2175, 2176, 2177, 2178, 2179, 2180, 2181, 2182, 2183, 2184, 2185, 2186, 2187, 2188, 2189, 2190, 2191, 2192, 2193, 2194, 2195, 2801, 2802, 2803, 2804, 2805, 2806, 2807, 2808, 2809, 2810, 2811, 2812, 2813, 2814, 2815, 2816, 2817, 2818, 2819, 2820, 2821, 2822, 2823, 2824, 2825, 2826, 2827, 2828, 2829, 2830, 2831, 2832, 2833, 2834, 2835, 2836, 2837, 2838, 2839, 2840, 2841, 2842, 2843, 2844, 2845, 2846, 2847, 2848, 2955, 2956, 2957, 2958, 2959, 2960, 2961, 2962, 2963, 2964, 2965, 2966, 2967, 2968, 2969, 2970, 2971, 2972, 2973, 2974, 2975, 2976, 2977, 2978, 2979, 2980, 2981, 2982, 2983, 2984, 2985, 2986, 2987, 2988, 2989, 2990, 2991, 2992, 2993, 2994, 2995, 2996, 2997, 2998, 2999, 3000, 3001, 3002, 3042, 3043, 3044, 3045, 3046, 3047, 3048, 3049, 3050, 3051, 3052, 3053, 3054, 3055, 3056, 3057, 3058, 3059, 3060, 3061, 3062, 3063, 3064, 3065, 3066, 3067, 3068, 3069, 3070, 3071, 3072, 3073, 3074, 3075, 3076, 3077, 3078, 3079, 3080, 3081, 3082, 3083, 3084, 3085, 3086, 3087, 3088, 3089, 
from FillInfoPopConSourceHandler::getNewObjects
%MSG
CORAL/Services/ConnectionService Info Disable connection sharing
CORAL/Services/ConnectionService Info Loading default plugin for coral::IAuthenticationService: COND/Services/RelationalAuthenticationService
PluginManager Info PluginManager creating CORAL/RelationalPlugins/oracle component
PluginManager Info PluginManager needs to load CORAL/RelationalPlugins/oracle component
PluginManager Info PluginManager loaded OracleAccess library
PluginManager Info PluginManager loaded CORAL/RelationalPlugins/oracle factory from OracleAccess library
cond::RelationalAuthenticationService::credentials Debug Connecting to the credential repository in "oracle://cms_orcon_adg/CMS_CDB_KEYS" with principal "FILLINFO_O2O_TEST".
CORAL/RelationalPlugins/oracle Info Disable plan baseline use by ALTER SESSION SET OPTIMIZER_USE_SQL_PLAN_BASELINES=FALSE
CORAL/RelationalPlugins/oracle Debug Prepared statement : "ALTER SESSION SET OPTIMIZER_USE_SQL_PLAN_BASELINES=FALSE"
CORAL/RelationalPlugins/oracle Info CORAL_ORA_SKIP_TRANS_READONLY is not set: this session will use OCI serializable read-only transactions
CORAL/RelationalPlugins/oracle Debug Prepared statement : "SELECT P_ID, CRED0, CRED1, CRED2 FROM CMS_CDB_KEYS."COND_AUTHENTICATION" "COND_AUTHENTICATION" WHERE P_NAME = :P_NAME"
CORAL/RelationalPlugins/oracle Debug Prepared statement : "SELECT AUTHO.C_ROLE, AUTHO.C_SCHEMA, AUTHO.CRED3, CREDS.CONN_LABEL, CREDS.CRED4, CREDS.CRED5, CREDS.CRED6 FROM CMS_CDB_KEYS."COND_AUTHORIZATION" "AUTHO", CMS_CDB_KEYS."COND_CREDENTIAL" "CREDS" WHERE AUTHO.C_ID=CREDS.CONN_ID AND AUTHO.P_ID = :P_ID"
CORAL/Services/ConnectionService Debug No valid connection for string "oracle://cms_orcon_adg/CMS_RUNTIME_LOGGER" found in the pool. Creating a new connection.
CORAL/Services/ConnectionService Debug Trying to get a new read-only session on "oracle://cms_orcon_adg/CMS_RUNTIME_LOGGER"
CORAL/Services/ConnectionService Debug Connection parameters are: Retry-Period=10sec, Retry-Timeout=60sec, Connection-Timeout=300sec.
CORAL/Services/ConnectionService Info New connection to service "cms_orcon_adg" with connectionID=133a90cc-f7b0-11e7-9546-fa163e505432 has been connected
CORAL/RelationalPlugins/oracle Info Disable plan baseline use by ALTER SESSION SET OPTIMIZER_USE_SQL_PLAN_BASELINES=FALSE
CORAL/RelationalPlugins/oracle Debug Prepared statement : "ALTER SESSION SET OPTIMIZER_USE_SQL_PLAN_BASELINES=FALSE"
CORAL/RelationalPlugins/oracle Info CORAL_ORA_SKIP_TRANS_READONLY is not set: this session will use OCI serializable read-only transactions
CORAL/Services/ConnectionService Info New user session with sessionID=133d43e4-f7b0-11e7-9546-fa163e505432 started on connectionID=133a90cc-f7b0-11e7-9546-fa163e505432 to service "cms_orcon_adg" for user "CMS_COND_GENERAL_R" in read-only mode
CORAL/Services/ConnectionService Debug A new connection to service "cms_orcon_adg" has been added in the active list. Id=133a90cc-f7b0-11e7-9546-fa163e505432


Querying the OMDS for RUNTIME_SUMMARY data...


CORAL/RelationalPlugins/oracle Debug Prepared statement : "SELECT LHCFILL, NBUNCHESBEAM1, NBUNCHESBEAM2, NCOLLIDINGBUNCHES, NTARGETBUNCHES, RUNTIME_TYPE_ID, PARTY1, PARTY2, CROSSINGANGLE, BETASTAR, INTENSITYBEAM1, INTENSITYBEAM2, ENERGY, CREATETIME, BEGINTIME, ENDTIME, INJECTIONSCHEME FROM CMS_RUNTIME_LOGGER."RUNTIME_SUMMARY" "RUNTIME_SUMMARY" WHERE BEGINTIME IS NOT NULL AND LHCFILL BETWEEN :"firstFillNumber" AND :"lastFillNumber" ORDER BY LHCFILL"


Querying the OMDS for LUMI data...


CORAL/RelationalPlugins/oracle Debug Prepared statement : "SELECT MAX(DELIVLUMI), MAX(LIVELUMI) FROM CMS_RUNTIME_LOGGER."LUMI_SECTIONS" "LUMI_SECTIONS" WHERE DELIVLUMI IS NOT NULL AND LHCFILL BETWEEN :"firstFillNumber" AND :"lastFillNumber" GROUP BY LHCFILL ORDER BY LHCFILL"
CORAL/Services/ConnectionService Info User session with sessionID=133d43e4-f7b0-11e7-9546-fa163e505432 will be ended on connectionID=133a90cc-f7b0-11e7-9546-fa163e505432
CORAL/Services/ConnectionService Debug Connection id=133a90cc-f7b0-11e7-9546-fa163e505432 to service "cms_orcon_adg" has 0 session(s) opened.
CORAL/Services/ConnectionService Debug The active connection id=133a90cc-f7b0-11e7-9546-fa163e505432 to service "cms_orcon_adg" has been removed from the active list.
CORAL/Services/ConnectionService Debug The valid active connection id=133a90cc-f7b0-11e7-9546-fa163e505432 to service "cms_orcon_adg" has been moved to the idle list.
%MSG-i FillInfoPopConSourceHandler:  FillInfoPopConAnalyzer:Test1@endJob  12-Jan-2018 16:48:46 CET PostGlobalEndRun
Transferring 0 payload(s); from FillInfoPopConSourceHandler::getNewObjects
%MSG
CORAL/RelationalPlugins/sqlite Debug SQLiteStatement::prepare COMMIT
CORAL/Services/ConnectionService Info User session with sessionID=1322082c-f7b0-11e7-9546-fa163e505432 will be ended on connectionID=1321ec02-f7b0-11e7-9546-fa163e505432
CORAL/Services/ConnectionService Debug Connection id=1321ec02-f7b0-11e7-9546-fa163e505432 to service "test_output.db" has 0 session(s) opened.
CORAL/Services/ConnectionService Debug The active connection id=1321ec02-f7b0-11e7-9546-fa163e505432 to service "test_output.db" has been removed from the active list.
CORAL/Services/ConnectionService Debug The valid active connection id=1321ec02-f7b0-11e7-9546-fa163e505432 to service "test_output.db" has been moved to the idle list.
CORAL/Services/ConnectionService Info Deleting the ConnectionPool
CORAL/Services/ConnectionService Info Connection to service "test_output.db" with connectionID=1321ec02-f7b0-11e7-9546-fa163e505432 will be disconnected
CORAL/Services/ConnectionService Info Connection to service "cms_orcon_adg" with connectionID=133a90cc-f7b0-11e7-9546-fa163e505432 will be disconnected
[Fri Jan 12 16:48:46 CET 2018] : ----------------------------------------------------------------------- 
[Fri Jan 12 16:48:46 CET 2018] : DONE 
