[Fri Jan 12 16:46:06 CET 2018] : cmsRun /afs/cern.ch/work/a/anoolkar/private/CMSSW_9_2_6/src/CondTools/RunInfo/test/FillInfoPopConAnalyzer.py 
 ##################################################################### 
 # WARNING: the module CondCore.DBCommon.CondDBCommon is deprecated. # 
 # Please import CondCore.CondDB.CondDB_cfi                          # 
 ##################################################################### 
CORAL/Services/ConnectionService Info Loading default plugin for coral::IAuthenticationService: COND/Services/RelationalAuthenticationService
CORAL/Services/ConnectionService Info The connection pool automatic cleanup thread is currently explicitly disabled
CORAL/Services/ConnectionService Info Loading default plugin for coral::IRelationalService: CORAL/Services/RelationalService
PluginManager Info PluginManager creating CORAL/Services/RelationalService component
PluginManager Info PluginManager needs to load CORAL/Services/RelationalService component
PluginManager Info PluginManager loaded RelationalService library
PluginManager Info PluginManager loaded CORAL/Services/RelationalService factory from RelationalService library
CORAL/Services/RelationalService Info Found plugin for RDBMS technology "coral" with native implementation
CORAL/Services/RelationalService Info Found plugin for RDBMS technology "frontier" with native implementation
CORAL/Services/RelationalService Info Found plugin for RDBMS technology "mysql" with native implementation
CORAL/Services/RelationalService Info Found plugin for RDBMS technology "oracle" with native implementation
CORAL/Services/RelationalService Info Found plugin for RDBMS technology "sqlite" with native implementation
CORAL/Services/RelationalService Info Default implementation for RDBMS technology "coral" is native
CORAL/Services/RelationalService Info Default implementation for RDBMS technology "frontier" is native
CORAL/Services/RelationalService Info Default implementation for RDBMS technology "mysql" is native
CORAL/Services/RelationalService Info Default implementation for RDBMS technology "oracle" is native
CORAL/Services/RelationalService Info Default implementation for RDBMS technology "sqlite" is native
PluginManager Info PluginManager creating CORAL/RelationalPlugins/sqlite component
PluginManager Info PluginManager needs to load CORAL/RelationalPlugins/sqlite component
PluginManager Info PluginManager loaded SQLiteAccess library
PluginManager Info PluginManager loaded CORAL/RelationalPlugins/sqlite factory from SQLiteAccess library
CORAL/Services/ConnectionService Debug No valid connection for string "sqlite_file:test_output.db" found in the pool. Creating a new connection.
CORAL/Services/ConnectionService Debug Trying to get a new update session on "sqlite_file:test_output.db"
CORAL/Services/ConnectionService Debug Connection parameters are: Retry-Period=10sec, Retry-Timeout=60sec, Connection-Timeout=300sec.
CORAL/Services/ConnectionService Info New connection to service "test_output.db" with connectionID=b44c75d0-f7af-11e7-9dc4-02163e018d67 has been connected
CORAL/Services/ConnectionService Info New user session with sessionID=b44c7d50-f7af-11e7-9dc4-02163e018d67 started on connectionID=b44c75d0-f7af-11e7-9dc4-02163e018d67 to service "test_output.db" for user "" in update mode
CORAL/Services/ConnectionService Debug A new connection to service "test_output.db" has been added in the active list. Id=b44c75d0-f7af-11e7-9dc4-02163e018d67
%MSG-i PopCon:  FillInfoPopConAnalyzer:Test1@ctor 12-Jan-2018 16:46:07 CET  pre-events
This is PopCon (Populator of Condition) v5.0.
Please report any problem and feature request through the JIRA project CMSCONDDB.

%MSG
Begin processing the 1st record. Run 1, Event 1, LumiSection 1 at 12-Jan-2018 16:46:07.493 CET
%MSG-i PopCon:  FillInfoPopConAnalyzer:Test1@endJob 12-Jan-2018 16:46:07 CET  PostGlobalEndRun
payload name FillInfo
%MSG
CORAL/RelationalPlugins/sqlite Debug SQLiteStatement::prepare BEGIN
CORAL/RelationalPlugins/sqlite Debug SQLiteStatement::prepare SELECT name FROM sqlite_master WHERE type='table' UNION ALL SELECT name FROM sqlite_temp_master WHERE type='table' ORDER BY 1
CORAL/RelationalPlugins/sqlite Debug SQLiteStatement::prepare CREATE TABLE IF NOT EXISTS coral_sqlite_fk(id TEXT NOT NULL, name TEXT, tablename TEXT NOT NULL) ; 
CORAL/RelationalPlugins/sqlite Debug SQLiteStatement::prepare PRAGMA table_info("TAG")
CORAL/RelationalPlugins/sqlite Debug SQLiteStatement::prepare SELECT "TAG"."NAME" FROM "TAG" WHERE "TAG"."NAME" = :NAME_0 
CORAL/RelationalPlugins/sqlite Debug SQLiteStatement::bind variables NAME_0(string) fillinfo_test 
CORAL/RelationalPlugins/sqlite Debug SQLiteStatement::prepare SELECT "TAG"."NAME" FROM "TAG" WHERE "TAG"."NAME" = :NAME_0 
CORAL/RelationalPlugins/sqlite Debug SQLiteStatement::bind variables NAME_0(string) fillinfo_test 
CORAL/RelationalPlugins/sqlite Debug SQLiteStatement::prepare SELECT "TAG"."TIME_TYPE", "TAG"."OBJECT_TYPE", "TAG"."SYNCHRONIZATION", "TAG"."END_OF_VALIDITY", "TAG"."DESCRIPTION", "TAG"."LAST_VALIDATED_TIME" FROM "TAG" WHERE "TAG"."NAME" = :NAME_0 
CORAL/RelationalPlugins/sqlite Debug SQLiteStatement::bind variables NAME_0(string) fillinfo_test 
CORAL/RelationalPlugins/sqlite Debug SQLiteStatement::prepare CREATE TABLE IF NOT EXISTS coral_sqlite_fk(id TEXT NOT NULL, name TEXT, tablename TEXT NOT NULL) ; 
CORAL/RelationalPlugins/sqlite Debug SQLiteStatement::prepare PRAGMA table_info("IOV")
CORAL/RelationalPlugins/sqlite Debug SQLiteStatement::prepare SELECT DISTINCT MIN("IOV"."SINCE") FROM "IOV" WHERE "IOV"."TAG_NAME" = :TAG_NAME_0  GROUP BY CAST("IOV"."SINCE"/1000 AS INT )*1000 ORDER BY MIN("IOV"."SINCE")
CORAL/RelationalPlugins/sqlite Debug SQLiteStatement::bind variables TAG_NAME_0(string) fillinfo_test 
CORAL/RelationalPlugins/sqlite Debug SQLiteStatement::prepare SELECT COUNT(*) FROM "IOV" WHERE "IOV"."TAG_NAME" = :TAG_NAME_0 
CORAL/RelationalPlugins/sqlite Debug SQLiteStatement::bind variables TAG_NAME_0(string) fillinfo_test 
CORAL/RelationalPlugins/sqlite Debug SQLiteStatement::prepare SELECT "IOV"."SINCE", "IOV"."PAYLOAD_HASH" FROM "IOV" WHERE "IOV"."TAG_NAME" = :TAG_NAME_0  ORDER BY "IOV"."SINCE" DESC, "IOV"."INSERTION_TIME" DESC
CORAL/RelationalPlugins/sqlite Debug SQLiteStatement::bind variables TAG_NAME_0(string) fillinfo_test 
%MSG-i PopCon:  FillInfoPopConAnalyzer:Test1@endJob 12-Jan-2018 16:46:07 CET  PostGlobalEndRun
destination DB: sqlite_file:test_output.db, target DB: sqlite_file:test_output.db
TAG: fillinfo_test, last since/till: 6186044832743999800/18446744073709551615, size: 2

%MSG
%MSG-i FillInfoPopConSourceHandler:  FillInfoPopConAnalyzer:Test1@endJob  12-Jan-2018 16:46:07 CET PostGlobalEndRun
got info for tag fillinfo_test, IOVSequence token : size 2, last object valid since 6186044832743999800 ( 2015-08-23T03:33:20.341363 ); from FillInfoPopConSourceHandler::getNewObjects
%MSG
CORAL/RelationalPlugins/sqlite Debug SQLiteStatement::prepare CREATE TABLE IF NOT EXISTS coral_sqlite_fk(id TEXT NOT NULL, name TEXT, tablename TEXT NOT NULL) ; 
CORAL/RelationalPlugins/sqlite Debug SQLiteStatement::prepare PRAGMA table_info("PAYLOAD")
CORAL/RelationalPlugins/sqlite Debug SQLiteStatement::prepare SELECT "PAYLOAD"."DATA", "PAYLOAD"."STREAMER_INFO", "PAYLOAD"."OBJECT_TYPE" FROM "PAYLOAD" WHERE "PAYLOAD"."HASH" = :HASH_0 
CORAL/RelationalPlugins/sqlite Debug SQLiteStatement::bind variables HASH_0(string) 059e2d0d7c802182675f0d242f6013179100c03d 
%MSG-i FillInfoPopConSourceHandler:  FillInfoPopConAnalyzer:Test1@endJob  12-Jan-2018 16:46:07 CET PostGlobalEndRun
The last payload in tag fillinfo_test valid since 6186044832743999800 has token 059e2d0d7c802182675f0d242f6013179100c03d and values:
LHC fill: 4254
Bunches in Beam 1: 458
Bunches in Beam 2: 458
Colliding bunches at IP5: 446
Target bunches at IP5: 446
Fill type: PROTONS
Particle type for Beam 1: PROTON
Particle type for Beam 2: PROTON
Crossing angle (urad): 145
Beta star (cm): 80
Average Intensity for Beam 1 (number of charges): 4.45099e+13
Average Intensity for Beam 2 (number of charges): 4.48965e+13
Energy (GeV): 6499.68
Delivered Luminosity (max): 0
Recorded Luminosity (max): 0
Creation time of the fill: 2015-08-23T00:30:48.416238
Begin time of Stable Beam flag: 2015-08-23T03:33:20.341363
End time of the fill: 2015-08-23T04:09:37.023613
Injection scheme as given by LPC: 25ns_458b_446_360_372_48bpi13inj
Luminosity per bunch  (total 1399): 2.15096, 0.000346678, 0.000115559, 0.000115559, 0.000115559, 0.000115559, 0.000115559, 2.40892, 0.000115559, 0.000115559, 0.000115559, 0.000115559, 1.97888, 2.12471, 2.09634, 2.08576, 2.18262, 2.1755, 2.04448, 2.01731, 1.76116, 1.83304, 1.58141, 1.62994, 0.000231119, 0.000115559, 0.000115559, 0.000115559, 0.000115559, 0.000115559, 0.000115559, 0.000115559, 0.000231119, 0.000231119, 0.000115559, 0.000115559, 0.000115559, 0.000115559, 0.000115559, 0.000231119, 0.000115559, 0.000115559, 0.000231126, 0.000115559, 0.000462237, 0.000346678, 0.000577804, 0.000115559, 0.000346678, 0.000231119, 0.000808922, 0.000462237, 0.000462237, 0.000231119, 0.000115559, 0.000115559, 0.000115559, 0.000231119, 0.000231119, 0.000115559, 0.000115559, 0.000231119, 0.000115559, 0.000115559, 0.000115559, 0.000231119, 0.000346685, 0.000115559, 0.00069337, 0.000346685, 0.000462244, 0.000231119, 0.000115559, 0.000115559, 0.000231119, 0.000115559, 0.000231119, 0.000115559, 0.000231119, 0.000115559, 0.000231126, 0.000115559, 0.000115559, 0.000115559, 0.000115559, 0.000115559, 2.17875, 2.41213, 2.36327, 2.48444, 1.88606, 1.97073, 1.9492, 2.01232, 1.52733, 1.68875, 1.52645, 1.69636, 2.09611, 2.19141, 1.99518, 2.02455, 1.94334, 2.01025, 1.88557, 1.89224, 2.00333, 2.11317, 1.71519, 1.85974, 1.86471, 1.89173, 1.63385, 1.68055, 1.71129, 1.67001, 1.51004, 1.55418, 1.81903, 1.90207, 1.64125, 1.67389, 2.07637, 2.2012, 1.84797, 1.94899, 1.93754, 1.99435, 1.70577, 1.79734, 2.13728, 2.18911, 1.86347, 1.92485, 0.000346678, 0.000577818, 0.000231119, 0.000115559, 0.000808915, 0.000577804, 0.000231119, 0.000462244, 0.000462237, 0.000115559, 0.000231119, 0.000346678, 0.000231119, 0.000231119, 0.000231119, 0.000462237, 0.000231119, 0.000346678, 0.000115559, 0.000115559, 0.000231119, 0.000115559, 0.000231119, 0.000346678, 0.000346678, 0.000346678, 0.000115559, 0.000577804, 0.000231119, 0.000231119, 0.000231119, 0.000577804, 0.000231119, 2.2092, 2.47236, 2.3467, 2.42421, 1.83975, 2.01643, 1.90981, 1.92225, 1.5665, 1.73758, 1.52292, 1.65299, 2.12177, 2.28513, 1.9982, 1.95627, 2.02469, 2.03179, 1.81377, 1.81395, 2.0799, 2.10174, 1.84615, 1.86797, 1.97874, 2.07435, 1.78186, 1.80767, 1.84472, 1.89198, 1.58692, 1.65528, 2.02748, 2.07327, 1.77706, 1.80705, 1.93183, 1.98205, 1.62892, 1.72308, 1.66074, 1.75814, 1.46433, 1.57723, 1.82948, 1.96418, 1.61952, 1.62568, 0.000346685, 0.000231119, 0.000577797, 0.000115559, 0.000346678, 0.00069337, 0.000693356, 0.000462237, 0.000462237, 0.000231126, 0.000115559, 0.000115559, 0.000462244, 0.000346678, 0.000231119, 0.000231119, 0.000231119, 0.000346678, 0.000693363, 0.000577811, 0.000346678, 0.000577804, 0.000231126, 0.000115559, 0.000231119, 0.000115559, 0.000115559, 0.000231119, 0.000231119, 0.000462244, 0.000231119, 0.000462244, 0.000115559, 0.000231119, 0.000115559, 0.000231119, 0.000115559, 0.000231119, 0.000346685, 0.000346678, 0.000231119, 0.000231119, 0.000115559, 0.000231119, 0.000115559, 0.000231119, 0.000346678, 0.000462237, 0.000115559, 0.000231119, 0.000115559, 0.000231119, 0.000462237, 0.000346678, 0.000115559, 0.000231119, 0.000115559, 0.000346678, 0.000231119, 0.000115559, 0.000115559, 0.000115559, 0.000346678, 0.000115559, 0.000462244, 0.000115559, 0.000462244, 0.000346678, 0.000462244, 0.000115559, 0.000231119, 0.000231119, 0.000231119, 0.000231119, 0.000231119, 0.000115559, 0.000115559, 0.000115559, 0.000115559, 0.000115559, 0.000115559, 0.000115559, 0.000115559, 0.000115559, 0.000346678, 0.000115559, 0.000231119, 0.000231119, 0.000115559, 0.000115559, 0.000115559, 0.000115559, 0.000115559, 0.000115559, 0.000231119, 0.000115559, 0.000115559, 0.000231119, 0.000346685, 0.000115559, 0.000115559, 0.000231119, 0.000115559, 0.000346685, 0.000115559, 0.000115559, 0.000346678, 0.000231119, 0.000115559, 0.000115559, 0.000346678, 0.000115559, 0.000115559, 0.000115559, 0.000115559, 0.000115559, 0.000115559, 0.000231119, 0.000115559, 0.000115559, 0.000115559, 0.000115559, 0.000231119, 0.000115559, 0.000115559, 0.000346678, 0.000115559, 0.000462237, 0.000115559, 0.000231119, 0.000115559, 0.000115559, 0.000231119, 0.000115559, 0.000115559, 0.000115559, 0.000115559, 0.000115559, 0.000115559, 0.000115559, 0.000346678, 0.000115559, 0.000115559, 0.000115559, 0.000115559, 0.000231119, 0.000115559, 0.000115559, 0.000115559, 0.000115559, 0.000115559, 0.000231119, 0.000115559, 0.000231119, 0.000115559, 0.000115559, 0.000115559, 0.000231119, 0.000115559, 0.000115559, 0.000115559, 0.000115559, 0.000115559, 0.000115559, 0.000115559, 0.000115559, 0.000115559, 0.000115559, 0.000115559, 0.000115559, 0.000115559, 0.000115559, 0.000115559, 0.000115559, 0.000115559, 0.000115559, 0.000115559, 0.000115559, 0.000115559, 0.000115559, 0.000115559, 0.000115559, 0.000115559, 0.000115559, 2.12481, 2.37332, 2.34766, 2.43563, 1.84205, 1.95032, 1.94105, 2.01046, 1.47518, 1.67544, 1.52395, 1.65045, 2.08489, 2.18799, 2.03071, 1.9642, 1.95125, 2.00834, 1.79512, 1.82826, 1.99409, 2.05243, 1.79626, 1.89987, 1.95473, 2.0244, 1.7591, 1.82238, 1.76166, 1.86302, 1.59927, 1.68983, 1.98048, 2.00291, 1.75224, 1.86037, 1.96714, 2.05901, 1.70934, 1.77662, 1.78656, 1.89431, 1.56401, 1.6612, 1.94515, 2.05188, 1.69072, 1.77411, 0.000693363, 0.000346685, 0.000231119, 0.000346685, 0.000577804, 0.000115559, 0.000231119, 0.000115559, 0.000231119, 0.000462244, 0.000115559, 0.000346678, 0.000231119, 0.000346678, 0.000231119, 0.000231119, 0.000462237, 0.000462237, 0.000231119, 0.000346699, 0.000115559, 0.000231119, 0.000231119, 0.000115559, 0.000462237, 0.000346685, 0.000231119, 0.000346685, 0.000231119, 0.000115559, 0.000115559, 0.000231119, 0.000115559, 0.000231119, 0.000346678, 0.000346678, 0.000231119, 0.000346678, 2.16541, 2.47748, 2.37866, 2.39011, 1.83638, 2.00346, 1.93768, 1.97991, 1.50475, 1.74546, 1.52495, 1.68473, 2.0985, 2.26346, 2.01696, 2.02891, 1.9867, 2.06445, 1.80782, 1.83129, 2.00426, 2.09278, 1.82212, 1.81243, 2.01143, 2.07231, 1.81252, 1.83098, 1.85314, 1.87401, 1.67354, 1.7461, 2.03301, 2.03025, 1.83728, 1.88299, 1.86108, 1.97662, 1.65485, 1.71843, 1.68639, 1.81196, 1.50038, 1.57274, 1.87055, 1.93529, 1.62908, 1.67654, 0.000924481, 0.000808922, 0.000231119, 0.000115559, 0.000462237, 0.000346685, 0.00069337, 0.000231119, 0.000346678, 0.000346678, 0.000231119, 0.00104006, 0.000115559, 0.000346678, 0.000462237, 0.000231119, 0.000462237, 0.000231119, 0.000115559, 0.000693363, 0.000693363, 0.000231119, 0.000346678, 0.000231119, 0.000231119, 0.000231119, 0.000346678, 0.000346685, 0.000231126, 0.000577797, 0.000115559, 0.000231119, 0.000115559, 0.000231119, 0.000231119, 0.000693363, 0.000115559, 0.000231119, 0.000115559, 0.000115559, 0.000462237, 0.000115559, 0.000231119, 0.000346685, 0.000808929, 0.000231119, 0.000231119, 0.000231119, 0.000231119, 0.000115559, 0.000115559, 0.000231126, 0.000231119, 0.000231119, 0.000231119, 0.000462237, 0.000346678, 0.000231119, 0.000115559, 0.000115559, 0.000462237, 0.000231119, 0.000115559, 0.000231119, 0.000115559, 0.000231119, 0.000115559, 0.000115559, 0.000115559, 0.000231119, 0.000231119, 0.000346678, 0.000115559, 0.000115559, 0.000231119, 0.000346685, 0.000115559, 0.000115559, 0.000115559, 0.000462237, 0.000231119, 0.000231119, 0.000115559, 0.000115559, 0.000115559, 0.000231119, 0.000231119, 0.000231119, 0.000115559, 0.000115559, 0.000346685, 0.000346678, 0.000115559, 0.000115559, 0.000231119, 0.000115559, 0.000231119, 0.000115559, 0.000115559, 0.000115559, 0.000115559, 0.000231119, 0.000115559, 0.000115559, 0.000115559, 0.000231119, 0.000346678, 0.000231119, 0.000115559, 0.000115559, 0.000231119, 0.000115559, 0.000115559, 0.000115559, 0.000346678, 0.000115559, 0.000115559, 0.000115559, 0.000115559, 0.000115559, 0.000115559, 0.000231119, 0.000115559, 0.000115559, 0.000115559, 0.000115559, 0.000346678, 0.000115559, 0.000115559, 0.000115559, 0.000115559, 0.000231119, 0.000231119, 0.000115559, 0.000231119, 0.000115559, 0.000115559, 0.000115559, 0.000115559, 0.000115559, 0.000115559, 0.000231119, 0.000115559, 0.000115559, 0.000115559, 0.000115559, 0.000346685, 0.000115559, 0.000115559, 0.000115559, 0.000115559, 0.000115559, 0.000115559, 0.000115559, 0.000115559, 0.000115559, 0.000115559, 0.000115559, 0.000346678, 2.15789, 2.48472, 2.37903, 2.51461, 1.81715, 1.98503, 1.93229, 1.96163, 1.48853, 1.75012, 1.5523, 1.70777, 2.05538, 2.18538, 1.91673, 1.969, 1.85132, 1.96417, 1.73476, 1.78106, 1.89443, 1.97265, 1.71814, 1.75645, 2.01745, 2.02217, 1.75606, 1.7446, 1.76512, 1.86312, 1.60943, 1.63394, 1.86716, 1.9445, 1.71226, 1.69593, 1.73028, 1.78685, 1.56229, 1.64664, 1.54282, 1.65917, 1.40421, 1.45032, 1.76975, 1.85941, 1.53324, 1.58169, 0.000346685, 0.000462237, 0.000346678, 0.000346678, 0.000231119, 0.000577797, 0.000231119, 0.000577804, 0.000231119, 0.000231119, 0.000115559, 0.000577797, 0.000231119, 0.000462237, 0.000115559, 0.000231119, 0.000115559, 0.000231119, 0.000231119, 0.000231119, 0.000115559, 0.000346678, 0.000346678, 0.000231119, 0.000115559, 0.000115559, 0.000231119, 0.000346678, 0.000115559, 0.000346678, 0.000231119, 0.000115559, 0.000115559, 0.000231119, 2.23423, 2.48397, 2.37931, 2.41984, 1.85138, 2.00906, 1.87374, 1.93794, 1.50888, 1.69621, 1.45427, 1.66649, 2.09155, 2.2515, 1.95187, 1.99824, 1.95819, 2.01834, 1.79377, 1.80038, 1.97461, 2.021, 1.76391, 1.77736, 1.8956, 2.00139, 1.72866, 1.71765, 1.71983, 1.84275, 1.56113, 1.60731, 1.87124, 1.9561, 1.72184, 1.76246, 1.82722, 1.90936, 1.66502, 1.67475, 1.7162, 1.80055, 1.48672, 1.54182, 1.8385, 1.87318, 1.56997, 1.68448, 0.000346678, 0.000231119, 0.000115559, 0.000693363, 0.000231119, 0.000346678, 0.000462237, 0.000346678, 0.000462244, 0.000231119, 0.000346678, 0.000231126, 0.000231119, 0.000462244, 0.000231119, 0.000346678, 0.000231119, 0.000346678, 0.000462237, 0.000231119, 0.000115559, 0.000346685, 0.000462244, 0.000115559, 0.000231119, 0.000346685, 0.000346685, 0.000115559, 0.000231119, 0.000115559, 0.000231119, 0.00069337, 0.000346678, 0.000115559, 0.000577804, 0.000346678, 0.000231119, 0.000115559, 0.000346685, 0.000231119, 0.000346678, 0.000115559, 0.000462251, 0.000231119, 0.000115559, 0.000346678, 0.000231119, 0.000115559, 0.000231119, 0.000462237, 0.000231119, 0.000346685, 0.000346678, 0.000346678, 0.000231119, 0.000577804, 0.000346685, 0.000115559, 0.000115559, 0.000231119, 0.000115559, 0.000231126, 0.000115559, 0.000346678, 0.000115559, 0.000115559, 0.000346678, 0.000346678, 0.000231119, 0.000346678, 0.000115559, 0.000115559, 0.000231119, 0.000231119, 0.000115559, 0.000231119, 0.000577804, 0.000115559, 0.000231119, 0.000231119, 0.000115559, 0.000462237, 0.000346678, 0.000115559, 0.000115559, 0.000231119, 0.000115559, 0.000115559, 0.000115559, 0.000231119, 0.000115559, 0.000346685, 0.000346678, 0.000231119, 0.000115559, 0.000115559, 0.000115559, 0.000462244, 0.000231119, 0.000231119, 0.000115559, 0.000115559, 0.000231119, 0.000115559, 0.000115559, 0.000346678, 0.000231119, 0.000115559, 0.000115559, 0.000115559, 0.000346678, 0.000115559, 0.000115559, 0.000115559, 0.000115559, 0.000115559, 0.000115559, 0.000115559, 0.000231119, 0.000115559, 0.000115559, 0.000115559, 0.000115559, 0.000115559, 0.000115559, 0.000115559, 0.000115559, 0.000115559, 0.000115559, 0.000115559, 0.000115559, 0.000231119, 0.000231119, 0.000115559, 0.000115559, 0.000115559, 0.000115559, 0.000115559, 0.000115559, 0.000115559, 0.000115559, 0.000115559, 0.000115559, 0.000115559, 0.000115559, 0.000115559, 0.000115559, 0.000115559, 0.000115559, 0.000115559, 0.000115559, 0.000115559, 0.000115559, 0.000115559, 0.000115559, 0.000115559, 0.000115559, 0.000231119, 2.10886, 2.42316, 2.25649, 2.35591, 1.85867, 2.07442, 1.93008, 1.9532, 1.54285, 1.79075, 1.51424, 1.6817, 2.10544, 2.23252, 1.96768, 1.99787, 2.04053, 2.09609, 1.82028, 1.84761, 2.02263, 2.12947, 1.79634, 1.84178, 1.9369, 1.98903, 1.72371, 1.75792, 1.83616, 1.87501, 1.5786, 1.55625, 2.0005, 2.05848, 1.68579, 1.79467, 1.88107, 2.00825, 1.63626, 1.71584, 1.71158, 1.8261, 1.49041, 1.60947, 1.86666, 1.92558, 1.63525, 1.72363, 0.000346678, 0.000462237, 0.000231119, 0.000115559, 0.000346678, 0.000115559, 0.000346678, 0.000115559, 0.000115559, 0.000462237, 0.000115559, 0.000462237, 0.000115559, 0.000346678, 0.000231119, 0.000231119, 0.000346678, 0.000115559, 0.000346678, 0.000346678, 0.000231119, 0.000346685, 0.000346678, 0.000346678, 0.000231119, 0.000346678, 0.000231119, 0.000231119, 0.000577804, 0.000231119, 0.000115559, 0.000231119, 0.000115559, 0.000693356, 0.000115559, 0.000346678, 0.000115559, 0.000115559, 0.000115559, 0.000231119, 0.000115559, 0.000115559, 0.000346678, 0.000115559, 0.000115559, 0.000346678, 0.000115559, 0.000231119, 0.000115559, 0.000115559, 0.000346678, 0.000115559, 0.000115559, 0.000462237, 0.000231119, 0.000115559, 0.000462244, 0.000115559, 0.000346678, 0.000231119, 0.000115559, 0.000462244, 0.000231119, 0.000231119, 0.000115559, 0.000115559, 0.000346678, 0.000115559, 0.000231119, 0.000115559, 0.000115559, 0.000115559, 0.000115559, 0.000231119, 0.000115559, 0.000346678, 0.000577804, 0.000231119, 0.000115559, 0.000346685, 2.28502, 2.57198, 2.36088, 2.50991, 1.92705, 2.11581, 1.85645, 2.01039, 1.59949, 1.82389, 1.48243, 1.76285, 2.26461, 2.39395, 1.9949, 2.0668, 1.98784, 2.10344, 1.82072, 1.86147, 2.02081, 2.13351, 1.76148, 1.87457, 2.03274, 2.15663, 1.79595, 1.83176, 1.81094, 1.98177, 1.63771, 1.6929, 2.02314, 2.1134, 1.78276, 1.80483, 1.89016, 2.05012, 1.69111, 1.7876, 1.73775, 1.85707, 1.48304, 1.61123, 1.87406, 1.94067, 1.61663, 1.6829, 0.000577804, 0.000462244, 0.000115559, 0.000577797, 0.000808929, 0.000346678, 0.000115559, 0.000346685, 0.000115559, 0.000462237, 0.00069337, 0.000577797, 0.000462244, 0.000115559, 0.000346685, 0.000231119, 0.000346685, 0.000577797, 0.000577804, 0.000115559, 0.000115559, 0.000231119, 0.000346678, 0.000346678, 0.000231119, 0.000346685, 0.000462244, 0.000231119, 0.000231119, 0.000115559, 0.000346678, 0.000346678, 0.000462237, 0.000346678, 2.28203, 2.53818, 2.36818, 2.5171, 1.92352, 2.10545, 1.97429, 2.03403, 1.63142, 1.85319, 1.56916, 1.72286, 2.23542, 2.29316, 1.98061, 2.04721, 2.05557, 2.10299, 1.84914, 1.86353, 2.10015, 2.18317, 1.81757, 1.93469, 2.05734, 2.15935, 1.82282, 1.86002, 1.93583, 1.9849, 1.69136, 1.76477, 2.14324, 2.15585, 1.84527, 1.85533, 1.98214, 2.00381, 1.63167, 1.77295, 1.79223, 1.8898, 1.53233, 1.62787, 1.94373, 2.04457, 1.69305, 1.72921, 0.000462237, 0.000346678, 0.000924474, 0.000924489, 0.000577804, 0.000346678, 0.000462237, 0.000115559, 0.000346678, 0.00069337, 0.000577797, 0.000346678, 0.000115559, 0.000808922, 0.000346678, 0.000346678, 0.000231119, 0.000346678, 0.000115559, 0.000462237, 0.000115559, 0.000577797, 0.000346678, 0.000231119, 0.000231119, 0.000115559, 0.000577804, 0.000346678, 0.000346678, 0.000346678, 0.000231119, 0.000462244, 0.000231119, 0.000346678, 0.000924481, 0.000231119, 0.000231126, 0.000231119, 0.000115559, 0.000231119, 0.000231126, 0.000346678, 0.000231119, 0.000462237, 0.000115559, 0.000462244, 0.000231119, 0.000577797, 0.000231119, 0.000115559, 0.000115559, 0.000231119, 0.000462244, 0.000115559, 0.000808922, 0.000231119, 0.000346678, 0.000462237, 0.000231119, 0.000231119, 0.000115559, 0.000231119, 0.000577804, 0.000231119, 0.000462244, 0.000115559, 0.000115559, 0.000115559, 0.000346685, 0.000231119, 0.000346678, 0.000231119, 0.000231119, 0.000115559, 0.000346678, 0.000115559, 0.000231119, 0.000231119, 0.000115559, 0.000115559, 0.000115559, 0.000115559, 0.000346678, 0.000231119, 0.000346678, 0.000115559, 0.000115559, 0.000231119, 0.000115559, 0.000231119, 0.000115559, 0.000231119, 0.000115559, 0.000231119, 0.000115559, 0.000462237, 0.000115559, 0.000231119, 0.000346678, 0.000115559, 0.000115559, 0.000115559, 0.000115559, 0.000115559, 0.000115559, 0.000115559, 0.000115559, 0.000115559, 0.000231119, 0.000115559, 0.000231119, 0.000231119, 0.000115559, 0.000115559, 0.000346678, 0.000115559, 0.000115559, 0.000115559, 0.000115559, 0.000115559, 0.000115559, 0.000115559, 0.000115559, 0.000231119, 0.000115559, 0.000115559, 0.000115559, 0.000346678, 0.000115559, 0.000115559, 0.000115559, 0.000115559, 0.000115559, 0.000115559, 0.000115559, 0.000115559, 0.000115559, 0.000115559, 0.000115559, 0.000115559, 0.000115559, 0.000115559, 0.000231119, 0.000115559, 0.000115559, 0.000346678, 0.000115559, 0.000231119, 0.000115559, 0.000115559, 0.000115559, 0.000115559, 0.000115559, 0.000115559, 0.000115559, 0.000115559, 0.000115559, 0.000115559, 0.000115559, 0.000115559, 0.000115559, 
Bunches filled for Beam 1 (total 458): 39, 91, 131, 132, 133, 134, 135, 136, 137, 138, 139, 140, 141, 142, 182, 183, 184, 185, 186, 187, 188, 189, 190, 191, 192, 193, 273, 274, 275, 276, 277, 278, 279, 280, 281, 282, 283, 284, 285, 286, 287, 288, 289, 290, 291, 292, 293, 294, 295, 296, 297, 298, 299, 300, 301, 302, 303, 304, 305, 306, 307, 308, 309, 310, 311, 312, 313, 314, 315, 316, 317, 318, 319, 320, 360, 361, 362, 363, 364, 365, 366, 367, 368, 369, 370, 371, 372, 373, 374, 375, 376, 377, 378, 379, 380, 381, 382, 383, 384, 385, 386, 387, 388, 389, 390, 391, 392, 393, 394, 395, 396, 397, 398, 399, 400, 401, 402, 403, 404, 405, 406, 407, 1167, 1168, 1169, 1170, 1171, 1172, 1173, 1174, 1175, 1176, 1177, 1178, 1179, 1180, 1181, 1182, 1183, 1184, 1185, 1186, 1187, 1188, 1189, 1190, 1191, 1192, 1193, 1194, 1195, 1196, 1197, 1198, 1199, 1200, 1201, 1202, 1203, 1204, 1205, 1206, 1207, 1208, 1209, 1210, 1211, 1212, 1213, 1214, 1254, 1255, 1256, 1257, 1258, 1259, 1260, 1261, 1262, 1263, 1264, 1265, 1266, 1267, 1268, 1269, 1270, 1271, 1272, 1273, 1274, 1275, 1276, 1277, 1278, 1279, 1280, 1281, 1282, 1283, 1284, 1285, 1286, 1287, 1288, 1289, 1290, 1291, 1292, 1293, 1294, 1295, 1296, 1297, 1298, 1299, 1300, 1301, 2061, 2062, 2063, 2064, 2065, 2066, 2067, 2068, 2069, 2070, 2071, 2072, 2073, 2074, 2075, 2076, 2077, 2078, 2079, 2080, 2081, 2082, 2083, 2084, 2085, 2086, 2087, 2088, 2089, 2090, 2091, 2092, 2093, 2094, 2095, 2096, 2097, 2098, 2099, 2100, 2101, 2102, 2103, 2104, 2105, 2106, 2107, 2108, 2148, 2149, 2150, 2151, 2152, 2153, 2154, 2155, 2156, 2157, 2158, 2159, 2160, 2161, 2162, 2163, 2164, 2165, 2166, 2167, 2168, 2169, 2170, 2171, 2172, 2173, 2174, 2175, 2176, 2177, 2178, 2179, 2180, 2181, 2182, 2183, 2184, 2185, 2186, 2187, 2188, 2189, 2190, 2191, 2192, 2193, 2194, 2195, 2801, 2802, 2803, 2804, 2805, 2806, 2807, 2808, 2809, 2810, 2811, 2812, 2813, 2814, 2815, 2816, 2817, 2818, 2819, 2820, 2821, 2822, 2823, 2824, 2825, 2826, 2827, 2828, 2829, 2830, 2831, 2832, 2833, 2834, 2835, 2836, 2837, 2838, 2839, 2840, 2841, 2842, 2843, 2844, 2845, 2846, 2847, 2848, 2955, 2956, 2957, 2958, 2959, 2960, 2961, 2962, 2963, 2964, 2965, 2966, 2967, 2968, 2969, 2970, 2971, 2972, 2973, 2974, 2975, 2976, 2977, 2978, 2979, 2980, 2981, 2982, 2983, 2984, 2985, 2986, 2987, 2988, 2989, 2990, 2991, 2992, 2993, 2994, 2995, 2996, 2997, 2998, 2999, 3000, 3001, 3002, 3042, 3043, 3044, 3045, 3046, 3047, 3048, 3049, 3050, 3051, 3052, 3053, 3054, 3055, 3056, 3057, 3058, 3059, 3060, 3061, 3062, 3063, 3064, 3065, 3066, 3067, 3068, 3069, 3070, 3071, 3072, 3073, 3074, 3075, 3076, 3077, 3078, 3079, 3080, 3081, 3082, 3083, 3084, 3085, 3086, 3087, 3088, 3089, 
Bunches filled for Beam 2 (total 458): 39, 91, 131, 132, 133, 134, 135, 136, 137, 138, 139, 140, 141, 142, 222, 223, 224, 225, 226, 227, 228, 229, 230, 231, 232, 233, 273, 274, 275, 276, 277, 278, 279, 280, 281, 282, 283, 284, 285, 286, 287, 288, 289, 290, 291, 292, 293, 294, 295, 296, 297, 298, 299, 300, 301, 302, 303, 304, 305, 306, 307, 308, 309, 310, 311, 312, 313, 314, 315, 316, 317, 318, 319, 320, 360, 361, 362, 363, 364, 365, 366, 367, 368, 369, 370, 371, 372, 373, 374, 375, 376, 377, 378, 379, 380, 381, 382, 383, 384, 385, 386, 387, 388, 389, 390, 391, 392, 393, 394, 395, 396, 397, 398, 399, 400, 401, 402, 403, 404, 405, 406, 407, 1167, 1168, 1169, 1170, 1171, 1172, 1173, 1174, 1175, 1176, 1177, 1178, 1179, 1180, 1181, 1182, 1183, 1184, 1185, 1186, 1187, 1188, 1189, 1190, 1191, 1192, 1193, 1194, 1195, 1196, 1197, 1198, 1199, 1200, 1201, 1202, 1203, 1204, 1205, 1206, 1207, 1208, 1209, 1210, 1211, 1212, 1213, 1214, 1254, 1255, 1256, 1257, 1258, 1259, 1260, 1261, 1262, 1263, 1264, 1265, 1266, 1267, 1268, 1269, 1270, 1271, 1272, 1273, 1274, 1275, 1276, 1277, 1278, 1279, 1280, 1281, 1282, 1283, 1284, 1285, 1286, 1287, 1288, 1289, 1290, 1291, 1292, 1293, 1294, 1295, 1296, 1297, 1298, 1299, 1300, 1301, 2061, 2062, 2063, 2064, 2065, 2066, 2067, 2068, 2069, 2070, 2071, 2072, 2073, 2074, 2075, 2076, 2077, 2078, 2079, 2080, 2081, 2082, 2083, 2084, 2085, 2086, 2087, 2088, 2089, 2090, 2091, 2092, 2093, 2094, 2095, 2096, 2097, 2098, 2099, 2100, 2101, 2102, 2103, 2104, 2105, 2106, 2107, 2108, 2148, 2149, 2150, 2151, 2152, 2153, 2154, 2155, 2156, 2157, 2158, 2159, 2160, 2161, 2162, 2163, 2164, 2165, 2166, 2167, 2168, 2169, 2170, 2171, 2172, 2173, 2174, 2175, 2176, 2177, 2178, 2179, 2180, 2181, 2182, 2183, 2184, 2185, 2186, 2187, 2188, 2189, 2190, 2191, 2192, 2193, 2194, 2195, 2801, 2802, 2803, 2804, 2805, 2806, 2807, 2808, 2809, 2810, 2811, 2812, 2813, 2814, 2815, 2816, 2817, 2818, 2819, 2820, 2821, 2822, 2823, 2824, 2825, 2826, 2827, 2828, 2829, 2830, 2831, 2832, 2833, 2834, 2835, 2836, 2837, 2838, 2839, 2840, 2841, 2842, 2843, 2844, 2845, 2846, 2847, 2848, 2955, 2956, 2957, 2958, 2959, 2960, 2961, 2962, 2963, 2964, 2965, 2966, 2967, 2968, 2969, 2970, 2971, 2972, 2973, 2974, 2975, 2976, 2977, 2978, 2979, 2980, 2981, 2982, 2983, 2984, 2985, 2986, 2987, 2988, 2989, 2990, 2991, 2992, 2993, 2994, 2995, 2996, 2997, 2998, 2999, 3000, 3001, 3002, 3042, 3043, 3044, 3045, 3046, 3047, 3048, 3049, 3050, 3051, 3052, 3053, 3054, 3055, 3056, 3057, 3058, 3059, 3060, 3061, 3062, 3063, 3064, 3065, 3066, 3067, 3068, 3069, 3070, 3071, 3072, 3073, 3074, 3075, 3076, 3077, 3078, 3079, 3080, 3081, 3082, 3083, 3084, 3085, 3086, 3087, 3088, 3089, 
from FillInfoPopConSourceHandler::getNewObjects
%MSG
CORAL/Services/ConnectionService Info Disable connection sharing
CORAL/Services/ConnectionService Info Loading default plugin for coral::IAuthenticationService: COND/Services/RelationalAuthenticationService
PluginManager Info PluginManager creating CORAL/RelationalPlugins/oracle component
PluginManager Info PluginManager needs to load CORAL/RelationalPlugins/oracle component
PluginManager Info PluginManager loaded OracleAccess library
PluginManager Info PluginManager loaded CORAL/RelationalPlugins/oracle factory from OracleAccess library
cond::RelationalAuthenticationService::credentials Debug Connecting to the credential repository in "oracle://cms_orcon_adg/CMS_CDB_KEYS" with principal "FILLINFO_O2O_TEST".
CORAL/RelationalPlugins/oracle Info Disable plan baseline use by ALTER SESSION SET OPTIMIZER_USE_SQL_PLAN_BASELINES=FALSE
CORAL/RelationalPlugins/oracle Debug Prepared statement : "ALTER SESSION SET OPTIMIZER_USE_SQL_PLAN_BASELINES=FALSE"
CORAL/RelationalPlugins/oracle Info CORAL_ORA_SKIP_TRANS_READONLY is not set: this session will use OCI serializable read-only transactions
CORAL/RelationalPlugins/oracle Debug Prepared statement : "SELECT P_ID, CRED0, CRED1, CRED2 FROM CMS_CDB_KEYS."COND_AUTHENTICATION" "COND_AUTHENTICATION" WHERE P_NAME = :P_NAME"
CORAL/RelationalPlugins/oracle Debug Prepared statement : "SELECT AUTHO.C_ROLE, AUTHO.C_SCHEMA, AUTHO.CRED3, CREDS.CONN_LABEL, CREDS.CRED4, CREDS.CRED5, CREDS.CRED6 FROM CMS_CDB_KEYS."COND_AUTHORIZATION" "AUTHO", CMS_CDB_KEYS."COND_CREDENTIAL" "CREDS" WHERE AUTHO.C_ID=CREDS.CONN_ID AND AUTHO.P_ID = :P_ID"
CORAL/Services/ConnectionService Debug No valid connection for string "oracle://cms_orcon_adg/CMS_RUNTIME_LOGGER" found in the pool. Creating a new connection.
CORAL/Services/ConnectionService Debug Trying to get a new read-only session on "oracle://cms_orcon_adg/CMS_RUNTIME_LOGGER"
CORAL/Services/ConnectionService Debug Connection parameters are: Retry-Period=10sec, Retry-Timeout=60sec, Connection-Timeout=300sec.
CORAL/Services/ConnectionService Info New connection to service "cms_orcon_adg" with connectionID=b473d47c-f7af-11e7-9dc4-02163e018d67 has been connected
CORAL/RelationalPlugins/oracle Info Disable plan baseline use by ALTER SESSION SET OPTIMIZER_USE_SQL_PLAN_BASELINES=FALSE
CORAL/RelationalPlugins/oracle Debug Prepared statement : "ALTER SESSION SET OPTIMIZER_USE_SQL_PLAN_BASELINES=FALSE"
CORAL/RelationalPlugins/oracle Info CORAL_ORA_SKIP_TRANS_READONLY is not set: this session will use OCI serializable read-only transactions
CORAL/Services/ConnectionService Info New user session with sessionID=b4772640-f7af-11e7-9dc4-02163e018d67 started on connectionID=b473d47c-f7af-11e7-9dc4-02163e018d67 to service "cms_orcon_adg" for user "CMS_COND_GENERAL_R" in read-only mode
CORAL/Services/ConnectionService Debug A new connection to service "cms_orcon_adg" has been added in the active list. Id=b473d47c-f7af-11e7-9dc4-02163e018d67


Querying the OMDS for RUNTIME_SUMMARY data...


CORAL/RelationalPlugins/oracle Debug Prepared statement : "SELECT LHCFILL, NBUNCHESBEAM1, NBUNCHESBEAM2, NCOLLIDINGBUNCHES, NTARGETBUNCHES, RUNTIME_TYPE_ID, PARTY1, PARTY2, CROSSINGANGLE, BETASTAR, INTENSITYBEAM1, INTENSITYBEAM2, ENERGY, CREATETIME, BEGINTIME, ENDTIME, INJECTIONSCHEME FROM CMS_RUNTIME_LOGGER."RUNTIME_SUMMARY" "RUNTIME_SUMMARY" WHERE BEGINTIME IS NOT NULL AND LHCFILL BETWEEN :"firstFillNumber" AND :"lastFillNumber" ORDER BY LHCFILL"


Querying the OMDS for LUMI data...


CORAL/RelationalPlugins/oracle Debug Prepared statement : "SELECT MAX(DELIVLUMI), MAX(LIVELUMI) FROM CMS_RUNTIME_LOGGER."LUMI_SECTIONS" "LUMI_SECTIONS" WHERE DELIVLUMI IS NOT NULL AND LHCFILL BETWEEN :"firstFillNumber" AND :"lastFillNumber" GROUP BY LHCFILL ORDER BY LHCFILL"
%MSG-i FillInfoPopConSourceHandler:  FillInfoPopConAnalyzer:Test1@endJob  12-Jan-2018 16:46:07 CET PostGlobalEndRun
[LHCFILL (unsigned short) : 4256], [NBUNCHESBEAM1 (unsigned short) : 458], [NBUNCHESBEAM2 (unsigned short) : 458], [NCOLLIDINGBUNCHES (unsigned short) : 446], [NTARGETBUNCHES (unsigned short) : 446], [RUNTIME_TYPE_ID (int) : 1], [PARTY1 (int) : 1], [PARTY2 (int) : 1], [CROSSINGANGLE (float) : 145], [BETASTAR (float) : 80], [INTENSITYBEAM1 (float) : 4.46657e+13], [INTENSITYBEAM2 (float) : 4.46677e+13], [ENERGY (float) : 6499.8], [CREATETIME (time stamp) : 2015/08/23 12:20:45.484238], [BEGINTIME (time stamp) : 2015/08/23 14:59:34.926488], [ENDTIME (time stamp) : 2015/08/23 17:16:4.074988], [INJECTIONSCHEME (string) : 25ns_458b_446_360_372_48bpi13inj]
from FillInfoPopConSourceHandler::getNewObjects
%MSG
CORAL/RelationalPlugins/oracle Debug Prepared statement : "SELECT * FROM (SELECT BEAMCONF.DIPTIME AS "DIPTIME", BUCKETS.COLUMN_VALUE AS "BUCKET" FROM CMS_BEAM_COND."LHC_CIRCBUNCHCONFIG_BEAM1" "BEAMCONF", TABLE( BEAMCONF.VALUE ) "BUCKETS" WHERE DIPTIME <= :"stableBeamStartTimeStamp" ORDER BY DIPTIME DESC) WHERE ROWNUM < 2809"
CORAL/RelationalPlugins/oracle Debug Prepared statement : "SELECT * FROM (SELECT BEAMCONF.DIPTIME AS "DIPTIME", BUCKETS.COLUMN_VALUE AS "BUCKET" FROM CMS_BEAM_COND."LHC_CIRCBUNCHCONFIG_BEAM2" "BEAMCONF", TABLE( BEAMCONF.VALUE ) "BUCKETS" WHERE DIPTIME <= :"stableBeamStartTimeStamp" ORDER BY DIPTIME DESC) WHERE ROWNUM < 2809"


Querying the OMDS for LUMI/BUNCH...


CORAL/RelationalPlugins/oracle Debug Prepared statement : "SELECT * FROM (SELECT LUMIPERBUNCH.DIPTIME AS "DIPTIME", VALUE.COLUMN_VALUE AS "LUMI/BUNCH" FROM CMS_BEAM_COND."CMS_LHC_LUMIPERBUNCH" "LUMIPERBUNCH", TABLE( LUMIPERBUNCH.LUMI_BUNCHINST ) "VALUE" WHERE DIPTIME BETWEEN :"stableBeamStartTimeStamp" AND :"beamDumpTimeStamp" ORDER BY DIPTIME DESC) WHERE ROWNUM < 3565"
%MSG-i FillInfoPopConSourceHandler:  FillInfoPopConAnalyzer:Test1@endJob  12-Jan-2018 16:46:12 CET PostGlobalEndRun
Entering fake fill between fill number 4254 and current fill number 4256, from 6186054182570053193 ( 2015-08-23T04:09:37.023613 ) to 6186221674312570303 ( 2015-08-23T14:59:34.926487 ); from FillInfoPopConSourceHandler::getNewObjects
%MSG
%MSG-i FillInfoPopConSourceHandler:  FillInfoPopConAnalyzer:Test1@endJob  12-Jan-2018 16:46:12 CET PostGlobalEndRun
The new payload to be inserted into tag fillinfo_test with validity 6186221674312570304 ( 2015-08-23T14:59:34.926488 ) has values:
LHC fill: 4256
Bunches in Beam 1: 458
Bunches in Beam 2: 458
Colliding bunches at IP5: 446
Target bunches at IP5: 446
Fill type: PROTONS
Particle type for Beam 1: PROTON
Particle type for Beam 2: PROTON
Crossing angle (urad): 145
Beta star (cm): 80
Average Intensity for Beam 1 (number of charges): 4.46657e+13
Average Intensity for Beam 2 (number of charges): 4.46677e+13
Energy (GeV): 6499.8
Delivered Luminosity (max): 7.23831
Recorded Luminosity (max): 6.67079
Creation time of the fill: 2015-08-23T12:20:45.484238
Begin time of Stable Beam flag: 2015-08-23T14:59:34.926488
End time of the fill: 2015-08-23T17:16:04.074988
Injection scheme as given by LPC: 25ns_458b_446_360_372_48bpi13inj
Luminosity per bunch  (total 446): 1.24037, 2.48828, 1.73649, 1.78612, 2.22063, 1.95838, 1.89247, 1.69894, 2.04754, 1.8525, 1.60489, 1.58331, 1.58757, 1.62783, 2.28359, 2.47984, 2.66293, 2.70538, 2.05703, 2.06336, 2.23807, 2.19143, 1.65551, 1.70755, 1.74218, 1.80097, 2.12441, 2.15867, 2.12171, 2.02753, 2.01143, 2.02067, 2.03751, 1.89253, 2.08556, 2.06994, 2.03333, 1.94665, 1.73888, 1.75106, 1.64461, 1.55376, 1.56703, 1.53008, 1.48495, 1.4396, 1.64112, 1.65032, 1.64752, 1.50023, 1.57534, 1.64933, 1.51317, 1.51484, 1.49665, 1.82465, 1.72822, 1.75737, 2.0314, 2.03355, 1.89167, 1.90615, 2.49156, 2.51538, 2.78037, 2.7801, 2.16788, 2.12903, 2.33535, 2.24788, 1.78, 1.83858, 1.7679, 1.91029, 2.10461, 2.09048, 2.08995, 2.05987, 2.0309, 1.94263, 2.01714, 1.85685, 2.07864, 2.08063, 2.04392, 1.95991, 1.91895, 1.91336, 1.89912, 1.82305, 1.77308, 1.76234, 1.75826, 1.69747, 2.04615, 1.98148, 1.94926, 1.90854, 1.9108, 1.96242, 1.83364, 1.80271, 1.79631, 1.79335, 1.65613, 1.69551, 1.94514, 1.98763, 1.84224, 1.78193, 2.45901, 2.64331, 2.80323, 2.76271, 2.05352, 2.11902, 2.32262, 2.24714, 1.76106, 1.87153, 1.77958, 1.85419, 2.12007, 2.16014, 2.17289, 2.01487, 1.98692, 1.9989, 1.97055, 1.84184, 2.09448, 2.03479, 1.9827, 1.91952, 1.90055, 1.90653, 1.80553, 1.74096, 1.66696, 1.69955, 1.63883, 1.64771, 1.90336, 1.86649, 1.81931, 1.80645, 1.91003, 1.82489, 1.6802, 1.72434, 1.62863, 1.72291, 1.58452, 1.60786, 1.84321, 1.86988, 1.74561, 1.70426, 2.39649, 2.58311, 2.82803, 2.66988, 2.15263, 2.12884, 2.23315, 2.1342, 1.74753, 1.81351, 1.72537, 1.79857, 2.05513, 2.07032, 2.02021, 1.93335, 1.88849, 1.86003, 1.88282, 1.79642, 1.96465, 1.95226, 1.88829, 1.82425, 1.8287, 1.87158, 1.79437, 1.72765, 1.69546, 1.66662, 1.61968, 1.55773, 1.83091, 1.85245, 1.80011, 1.73818, 1.84363, 1.61189, 1.60268, 1.5654, 1.62243, 1.57366, 1.5541, 1.57073, 1.80827, 1.82784, 1.7371, 1.64792, 2.48366, 2.65334, 2.80263, 2.72166, 2.21967, 2.15094, 2.40618, 2.228, 1.80199, 1.89793, 1.85328, 1.88131, 2.01975, 2.04268, 1.9501, 1.93782, 1.96129, 1.93975, 1.89216, 1.79864, 1.99319, 1.95681, 1.87743, 1.7894, 1.75939, 1.8327, 1.71975, 1.65911, 1.61977, 1.65376, 1.58262, 1.57233, 1.74726, 1.76683, 1.71346, 1.67853, 1.74742, 1.70596, 1.61224, 1.58706, 1.56808, 1.62246, 1.48083, 1.44559, 1.69809, 1.69805, 1.5861, 1.57703, 2.51287, 2.60971, 2.76816, 2.78419, 2.12541, 2.15642, 2.26757, 2.25551, 1.81365, 1.89134, 1.8178, 1.91829, 2.03749, 2.16367, 2.00996, 2.03271, 1.90748, 1.90533, 1.85311, 1.7734, 1.91444, 2.03472, 1.8432, 1.85028, 1.75984, 1.81867, 1.65741, 1.69314, 1.61186, 1.65078, 1.48742, 1.53443, 1.72297, 1.80366, 1.60271, 1.66916, 1.74129, 1.8094, 1.64901, 1.67092, 1.57827, 1.63481, 1.47369, 1.53838, 1.70884, 1.73671, 1.61612, 1.61317, 2.49771, 2.60607, 2.8909, 2.74024, 2.22135, 2.13214, 2.50521, 2.22242, 1.87371, 1.86575, 1.95685, 1.89823, 2.15683, 2.15742, 2.18054, 2.02438, 2.04654, 2.06109, 2.06349, 1.90768, 2.16927, 1.98272, 2.09136, 1.94584, 1.94272, 1.91533, 1.96439, 1.79189, 1.80306, 1.76058, 1.76189, 1.69671, 1.92854, 1.9374, 1.91616, 1.77756, 1.89886, 1.86265, 1.80127, 1.68411, 1.71932, 1.70296, 1.66363, 1.62108, 1.82475, 1.7627, 1.70572, 1.63596, 2.43675, 2.65962, 2.93268, 2.73244, 2.1757, 2.20013, 2.42984, 2.3397, 1.77136, 1.85284, 1.89228, 1.90235, 2.08762, 2.09707, 2.12241, 2.02806, 1.87207, 1.88112, 1.93125, 1.82428, 1.97021, 1.88967, 1.95621, 1.84477, 1.93269, 1.88899, 1.89225, 1.83748, 1.71174, 1.68915, 1.6834, 1.62812, 1.85344, 1.82874, 1.81523, 1.72215, 1.78273, 1.77377, 1.72463, 1.68337, 1.57771, 1.63638, 1.51923, 1.55273, 1.62732, 1.70006, 1.58459, 1.57555, 2.52606, 2.66339, 2.95285, 2.84937, 2.16066, 2.14532, 2.39039, 2.2897, 1.83988, 1.84477, 1.79327, 1.89345, 2.08204, 2.07371, 2.11032, 2.06509, 1.91452, 1.90516, 1.8796, 1.79855, 1.97553, 1.92865, 1.88467, 1.86212, 1.89397, 1.9029, 1.82115, 1.76304, 1.67609, 1.654, 1.58778, 1.59724, 1.82818, 1.77181, 1.72956, 1.69297, 1.75925, 1.78918, 1.69783, 1.68798, 1.53657, 1.57602, 1.50895, 1.5072, 1.62419, 1.67867, 1.58759, 1.54572, 
Bunches filled for Beam 1 (total 458): 39, 91, 131, 132, 133, 134, 135, 136, 137, 138, 139, 140, 141, 142, 182, 183, 184, 185, 186, 187, 188, 189, 190, 191, 192, 193, 273, 274, 275, 276, 277, 278, 279, 280, 281, 282, 283, 284, 285, 286, 287, 288, 289, 290, 291, 292, 293, 294, 295, 296, 297, 298, 299, 300, 301, 302, 303, 304, 305, 306, 307, 308, 309, 310, 311, 312, 313, 314, 315, 316, 317, 318, 319, 320, 360, 361, 362, 363, 364, 365, 366, 367, 368, 369, 370, 371, 372, 373, 374, 375, 376, 377, 378, 379, 380, 381, 382, 383, 384, 385, 386, 387, 388, 389, 390, 391, 392, 393, 394, 395, 396, 397, 398, 399, 400, 401, 402, 403, 404, 405, 406, 407, 1167, 1168, 1169, 1170, 1171, 1172, 1173, 1174, 1175, 1176, 1177, 1178, 1179, 1180, 1181, 1182, 1183, 1184, 1185, 1186, 1187, 1188, 1189, 1190, 1191, 1192, 1193, 1194, 1195, 1196, 1197, 1198, 1199, 1200, 1201, 1202, 1203, 1204, 1205, 1206, 1207, 1208, 1209, 1210, 1211, 1212, 1213, 1214, 1254, 1255, 1256, 1257, 1258, 1259, 1260, 1261, 1262, 1263, 1264, 1265, 1266, 1267, 1268, 1269, 1270, 1271, 1272, 1273, 1274, 1275, 1276, 1277, 1278, 1279, 1280, 1281, 1282, 1283, 1284, 1285, 1286, 1287, 1288, 1289, 1290, 1291, 1292, 1293, 1294, 1295, 1296, 1297, 1298, 1299, 1300, 1301, 2061, 2062, 2063, 2064, 2065, 2066, 2067, 2068, 2069, 2070, 2071, 2072, 2073, 2074, 2075, 2076, 2077, 2078, 2079, 2080, 2081, 2082, 2083, 2084, 2085, 2086, 2087, 2088, 2089, 2090, 2091, 2092, 2093, 2094, 2095, 2096, 2097, 2098, 2099, 2100, 2101, 2102, 2103, 2104, 2105, 2106, 2107, 2108, 2148, 2149, 2150, 2151, 2152, 2153, 2154, 2155, 2156, 2157, 2158, 2159, 2160, 2161, 2162, 2163, 2164, 2165, 2166, 2167, 2168, 2169, 2170, 2171, 2172, 2173, 2174, 2175, 2176, 2177, 2178, 2179, 2180, 2181, 2182, 2183, 2184, 2185, 2186, 2187, 2188, 2189, 2190, 2191, 2192, 2193, 2194, 2195, 2801, 2802, 2803, 2804, 2805, 2806, 2807, 2808, 2809, 2810, 2811, 2812, 2813, 2814, 2815, 2816, 2817, 2818, 2819, 2820, 2821, 2822, 2823, 2824, 2825, 2826, 2827, 2828, 2829, 2830, 2831, 2832, 2833, 2834, 2835, 2836, 2837, 2838, 2839, 2840, 2841, 2842, 2843, 2844, 2845, 2846, 2847, 2848, 2955, 2956, 2957, 2958, 2959, 2960, 2961, 2962, 2963, 2964, 2965, 2966, 2967, 2968, 2969, 2970, 2971, 2972, 2973, 2974, 2975, 2976, 2977, 2978, 2979, 2980, 2981, 2982, 2983, 2984, 2985, 2986, 2987, 2988, 2989, 2990, 2991, 2992, 2993, 2994, 2995, 2996, 2997, 2998, 2999, 3000, 3001, 3002, 3042, 3043, 3044, 3045, 3046, 3047, 3048, 3049, 3050, 3051, 3052, 3053, 3054, 3055, 3056, 3057, 3058, 3059, 3060, 3061, 3062, 3063, 3064, 3065, 3066, 3067, 3068, 3069, 3070, 3071, 3072, 3073, 3074, 3075, 3076, 3077, 3078, 3079, 3080, 3081, 3082, 3083, 3084, 3085, 3086, 3087, 3088, 3089, 
Bunches filled for Beam 2 (total 458): 39, 91, 131, 132, 133, 134, 135, 136, 137, 138, 139, 140, 141, 142, 222, 223, 224, 225, 226, 227, 228, 229, 230, 231, 232, 233, 273, 274, 275, 276, 277, 278, 279, 280, 281, 282, 283, 284, 285, 286, 287, 288, 289, 290, 291, 292, 293, 294, 295, 296, 297, 298, 299, 300, 301, 302, 303, 304, 305, 306, 307, 308, 309, 310, 311, 312, 313, 314, 315, 316, 317, 318, 319, 320, 360, 361, 362, 363, 364, 365, 366, 367, 368, 369, 370, 371, 372, 373, 374, 375, 376, 377, 378, 379, 380, 381, 382, 383, 384, 385, 386, 387, 388, 389, 390, 391, 392, 393, 394, 395, 396, 397, 398, 399, 400, 401, 402, 403, 404, 405, 406, 407, 1167, 1168, 1169, 1170, 1171, 1172, 1173, 1174, 1175, 1176, 1177, 1178, 1179, 1180, 1181, 1182, 1183, 1184, 1185, 1186, 1187, 1188, 1189, 1190, 1191, 1192, 1193, 1194, 1195, 1196, 1197, 1198, 1199, 1200, 1201, 1202, 1203, 1204, 1205, 1206, 1207, 1208, 1209, 1210, 1211, 1212, 1213, 1214, 1254, 1255, 1256, 1257, 1258, 1259, 1260, 1261, 1262, 1263, 1264, 1265, 1266, 1267, 1268, 1269, 1270, 1271, 1272, 1273, 1274, 1275, 1276, 1277, 1278, 1279, 1280, 1281, 1282, 1283, 1284, 1285, 1286, 1287, 1288, 1289, 1290, 1291, 1292, 1293, 1294, 1295, 1296, 1297, 1298, 1299, 1300, 1301, 2061, 2062, 2063, 2064, 2065, 2066, 2067, 2068, 2069, 2070, 2071, 2072, 2073, 2074, 2075, 2076, 2077, 2078, 2079, 2080, 2081, 2082, 2083, 2084, 2085, 2086, 2087, 2088, 2089, 2090, 2091, 2092, 2093, 2094, 2095, 2096, 2097, 2098, 2099, 2100, 2101, 2102, 2103, 2104, 2105, 2106, 2107, 2108, 2148, 2149, 2150, 2151, 2152, 2153, 2154, 2155, 2156, 2157, 2158, 2159, 2160, 2161, 2162, 2163, 2164, 2165, 2166, 2167, 2168, 2169, 2170, 2171, 2172, 2173, 2174, 2175, 2176, 2177, 2178, 2179, 2180, 2181, 2182, 2183, 2184, 2185, 2186, 2187, 2188, 2189, 2190, 2191, 2192, 2193, 2194, 2195, 2801, 2802, 2803, 2804, 2805, 2806, 2807, 2808, 2809, 2810, 2811, 2812, 2813, 2814, 2815, 2816, 2817, 2818, 2819, 2820, 2821, 2822, 2823, 2824, 2825, 2826, 2827, 2828, 2829, 2830, 2831, 2832, 2833, 2834, 2835, 2836, 2837, 2838, 2839, 2840, 2841, 2842, 2843, 2844, 2845, 2846, 2847, 2848, 2955, 2956, 2957, 2958, 2959, 2960, 2961, 2962, 2963, 2964, 2965, 2966, 2967, 2968, 2969, 2970, 2971, 2972, 2973, 2974, 2975, 2976, 2977, 2978, 2979, 2980, 2981, 2982, 2983, 2984, 2985, 2986, 2987, 2988, 2989, 2990, 2991, 2992, 2993, 2994, 2995, 2996, 2997, 2998, 2999, 3000, 3001, 3002, 3042, 3043, 3044, 3045, 3046, 3047, 3048, 3049, 3050, 3051, 3052, 3053, 3054, 3055, 3056, 3057, 3058, 3059, 3060, 3061, 3062, 3063, 3064, 3065, 3066, 3067, 3068, 3069, 3070, 3071, 3072, 3073, 3074, 3075, 3076, 3077, 3078, 3079, 3080, 3081, 3082, 3083, 3084, 3085, 3086, 3087, 3088, 3089, 
from FillInfoPopConSourceHandler::getNewObjects
%MSG
%MSG-i FillInfoPopConSourceHandler:  FillInfoPopConAnalyzer:Test1@endJob  12-Jan-2018 16:46:12 CET PostGlobalEndRun
[LHCFILL (unsigned short) : 4257], [NBUNCHESBEAM1 (unsigned short) : 458], [NBUNCHESBEAM2 (unsigned short) : 458], [NCOLLIDINGBUNCHES (unsigned short) : 446], [NTARGETBUNCHES (unsigned short) : 446], [RUNTIME_TYPE_ID (int) : 1], [PARTY1 (int) : 1], [PARTY2 (int) : 1], [CROSSINGANGLE (float) : 145], [BETASTAR (float) : 80], [INTENSITYBEAM1 (float) : 4.44296e+13], [INTENSITYBEAM2 (float) : 4.38376e+13], [ENERGY (float) : 6499.68], [CREATETIME (time stamp) : 2015/08/23 17:24:48.056238], [BEGINTIME (time stamp) : 2015/08/23 21:01:022.622988], [ENDTIME (time stamp) : 2015/08/23 21:20:35.425613], [INJECTIONSCHEME (string) : 25ns_458b_446_360_372_48bpi13inj]
from FillInfoPopConSourceHandler::getNewObjects
%MSG
CORAL/RelationalPlugins/oracle Debug Prepared statement : "SELECT * FROM (SELECT BEAMCONF.DIPTIME AS "DIPTIME", BUCKETS.COLUMN_VALUE AS "BUCKET" FROM CMS_BEAM_COND."LHC_CIRCBUNCHCONFIG_BEAM1" "BEAMCONF", TABLE( BEAMCONF.VALUE ) "BUCKETS" WHERE DIPTIME <= :"stableBeamStartTimeStamp" ORDER BY DIPTIME DESC) WHERE ROWNUM < 2809"
CORAL/RelationalPlugins/oracle Debug Prepared statement : "SELECT * FROM (SELECT BEAMCONF.DIPTIME AS "DIPTIME", BUCKETS.COLUMN_VALUE AS "BUCKET" FROM CMS_BEAM_COND."LHC_CIRCBUNCHCONFIG_BEAM2" "BEAMCONF", TABLE( BEAMCONF.VALUE ) "BUCKETS" WHERE DIPTIME <= :"stableBeamStartTimeStamp" ORDER BY DIPTIME DESC) WHERE ROWNUM < 2809"


Querying the OMDS for LUMI/BUNCH...


CORAL/RelationalPlugins/oracle Debug Prepared statement : "SELECT * FROM (SELECT LUMIPERBUNCH.DIPTIME AS "DIPTIME", VALUE.COLUMN_VALUE AS "LUMI/BUNCH" FROM CMS_BEAM_COND."CMS_LHC_LUMIPERBUNCH" "LUMIPERBUNCH", TABLE( LUMIPERBUNCH.LUMI_BUNCHINST ) "VALUE" WHERE DIPTIME BETWEEN :"stableBeamStartTimeStamp" AND :"beamDumpTimeStamp" ORDER BY DIPTIME DESC) WHERE ROWNUM < 3565"
%MSG-i FillInfoPopConSourceHandler:  FillInfoPopConAnalyzer:Test1@endJob  12-Jan-2018 16:46:16 CET PostGlobalEndRun
Entering fake fill between fill number 4256 and current fill number 4257, from 6186256849243224545 ( 2015-08-23T17:16:04.074988 ) to 6186314909159131871 ( 2015-08-23T21:01:22.622987 ); from FillInfoPopConSourceHandler::getNewObjects
%MSG
%MSG-i FillInfoPopConSourceHandler:  FillInfoPopConAnalyzer:Test1@endJob  12-Jan-2018 16:46:16 CET PostGlobalEndRun
The new payload to be inserted into tag fillinfo_test with validity 6186314909159131872 ( 2015-08-23T21:01:22.622988 ) has values:
LHC fill: 4257
Bunches in Beam 1: 458
Bunches in Beam 2: 458
Colliding bunches at IP5: 446
Target bunches at IP5: 446
Fill type: PROTONS
Particle type for Beam 1: PROTON
Particle type for Beam 2: PROTON
Crossing angle (urad): 145
Beta star (cm): 80
Average Intensity for Beam 1 (number of charges): 4.44296e+13
Average Intensity for Beam 2 (number of charges): 4.38376e+13
Energy (GeV): 6499.68
Delivered Luminosity (max): 0.99836
Recorded Luminosity (max): 0.937868
Creation time of the fill: 2015-08-23T17:24:48.056238
Begin time of Stable Beam flag: 2015-08-23T21:01:22.622988
End time of the fill: 2015-08-23T21:20:35.425613
Injection scheme as given by LPC: 25ns_458b_446_360_372_48bpi13inj
Luminosity per bunch  (total 1396): 0.000115559, 0.000115559, 2.25787, 0.000462258, 0.000115559, 0.000115559, 0.000115559, 0.000115559, 2.76774, 0.00104005, 0.000115559, 0.000115559, 0.000115559, 0.000115559, 1.98969, 2.10908, 2.1839, 2.14516, 2.31694, 2.07832, 2.07434, 1.97774, 1.88952, 1.87488, 1.62201, 1.63635, 0.000808922, 0.000231119, 0.000115559, 0.000115559, 0.000115559, 0.000115559, 0.000346678, 0.000115559, 0.000115559, 0.000231119, 0.000115559, 0.000115559, 0.000346678, 0.000231119, 0.000231119, 0.000115559, 0.000231119, 0.000115559, 0.000115559, 0.000115559, 0.000115559, 0.000462244, 0.000577804, 0.000808922, 0.000231119, 0.000346685, 0.000346678, 0.000577804, 0.000115559, 0.000346678, 0.000346678, 0.000115559, 0.000231119, 0.000231119, 0.000115559, 0.000115559, 0.000231119, 0.000115559, 0.000115559, 0.000115559, 0.000115559, 0.000115559, 0.000808957, 0.000231119, 0.000231119, 0.000231119, 0.000693363, 0.000115559, 0.000231119, 0.000346678, 0.000231119, 0.000115559, 0.000115559, 0.000115559, 0.000115559, 0.000115559, 0.000115559, 0.000115559, 0.000115559, 0.000115559, 0.000115559, 0.000115559, 0.000115559, 2.60189, 2.84107, 2.73979, 2.80407, 2.23398, 2.24096, 2.26703, 2.30013, 1.89235, 2.00431, 1.85658, 1.94082, 2.35182, 2.39162, 2.16987, 2.0689, 2.21407, 2.21675, 1.98046, 1.93161, 2.28709, 2.32648, 2.10183, 2.02912, 2.20521, 2.2341, 1.96465, 1.92014, 1.9934, 2.01607, 1.8423, 1.78212, 2.28493, 2.29886, 2.03763, 1.96977, 2.07116, 2.16698, 1.86442, 1.84616, 1.84131, 1.93576, 1.59822, 1.74703, 2.06958, 2.106, 1.77968, 1.82977, 0.000924503, 0.000462244, 0.000346678, 0.000231119, 0.000231119, 0.000462244, 0.000231119, 0.000346678, 0.000231119, 0.000346685, 0.000231119, 0.000231119, 0.000231119, 0.000231119, 0.000115559, 0.000231126, 0.000462244, 0.000693363, 0.000231119, 0.000462244, 0.000231119, 0.000231119, 0.000346678, 0.000115559, 0.000115559, 0.000115559, 0.000115559, 0.000693363, 0.000231119, 0.000231119, 0.000924474, 0.000231119, 0.000577804, 0.000346685, 0.000231119, 0.000115559, 0.000115559, 0.000231119, 2.57167, 2.87782, 2.72612, 2.81948, 2.35242, 2.28387, 2.33739, 2.17453, 1.93023, 1.96609, 1.77682, 1.82515, 2.38117, 2.45552, 2.15948, 2.11996, 2.2347, 2.23939, 2.05242, 1.93498, 2.36495, 2.27266, 2.05321, 2.0265, 2.08602, 2.14884, 1.92707, 1.83666, 1.97092, 1.9379, 1.7814, 1.72891, 2.16484, 2.18278, 1.95394, 1.90964, 2.07766, 2.11221, 1.89652, 1.86266, 1.83475, 1.94072, 1.66514, 1.69832, 2.03403, 2.10767, 1.78361, 1.76946, 0.00104005, 0.000231119, 0.000346678, 0.00069337, 0.000462244, 0.000577797, 0.000231119, 0.000462244, 0.000577811, 0.000577804, 0.000115559, 0.000462237, 0.000231119, 0.000462237, 0.000462244, 0.000346678, 0.000231119, 0.000462237, 0.000693363, 0.000577804, 0.000577804, 0.000231119, 0.000231119, 0.000577797, 0.000115559, 0.000346678, 0.000346685, 0.000346678, 0.000115559, 0.000346678, 0.000115559, 0.000462237, 0.000231119, 0.000693377, 0.000346678, 0.000346678, 0.000231119, 0.000462237, 0.000577797, 0.000346678, 0.000231119, 0.000346678, 0.000462244, 0.000231119, 0.000462244, 0.000115559, 0.000346678, 0.000231119, 0.000231119, 0.000346678, 0.000462237, 0.000577797, 0.000231119, 0.000231119, 0.000115559, 0.000462237, 0.000346678, 0.000231119, 0.000115559, 0.000115559, 0.000346685, 0.000231119, 0.000231119, 0.000231119, 0.000231119, 0.000462237, 0.000346678, 0.000346678, 0.000231119, 0.000115559, 0.000231119, 0.000115559, 0.000231126, 0.000115559, 0.000115559, 0.000231119, 0.000115559, 0.000115559, 0.000115559, 0.000231119, 0.000115559, 0.000115559, 0.000115559, 0.000346678, 0.000115559, 0.000346678, 0.000115559, 0.000115559, 0.000231119, 0.000115559, 0.000231119, 0.000231119, 0.000231119, 0.000462237, 0.000231119, 0.000115559, 0.000115559, 0.000115559, 0.000115559, 0.000115559, 0.000115559, 0.000115559, 0.000115559, 0.000231119, 0.000115559, 0.000462244, 0.000115559, 0.000231119, 0.000115559, 0.000231119, 0.000115559, 0.000115559, 0.000231119, 0.000231119, 0.000115559, 0.000115559, 0.000115559, 0.000115559, 0.000231119, 0.000115559, 0.000115559, 0.000115559, 0.000115559, 0.000115559, 0.000115559, 0.000231119, 0.000115559, 0.000115559, 0.000115559, 0.000115559, 0.000231119, 0.000115559, 0.000115559, 0.000115559, 0.000115559, 0.000115559, 0.000115559, 0.000115559, 0.000115559, 0.000115559, 0.000115559, 0.000115559, 0.000115559, 0.000115559, 0.000231119, 0.000231119, 0.000115559, 0.000115559, 0.000115559, 0.000115559, 0.000231119, 0.000115559, 0.000115559, 0.000231119, 0.000231119, 0.000115559, 0.000115559, 0.000115559, 0.000115559, 0.000115559, 0.000115559, 0.000115559, 0.000115559, 0.000115559, 0.000115559, 0.000115559, 0.000115559, 0.000115559, 0.000115559, 0.000115559, 0.000115559, 0.000115559, 0.000115559, 0.000115559, 0.000115559, 0.000115559, 0.000115559, 2.63206, 2.79537, 2.74285, 2.76997, 2.22877, 2.21422, 2.31953, 2.22915, 1.86828, 1.94982, 1.7727, 1.84598, 2.25556, 2.33229, 2.12795, 2.10526, 2.08239, 2.0818, 1.92757, 1.87987, 2.2011, 2.11706, 1.9937, 1.91578, 2.07447, 2.08305, 1.91072, 1.81305, 1.84323, 1.9119, 1.59444, 1.59776, 2.08009, 2.09318, 1.77408, 1.71962, 1.62073, 1.68336, 1.44906, 1.50342, 1.46189, 1.5538, 1.29661, 1.38474, 1.53892, 1.67836, 1.48071, 1.5625, 0.00127118, 0.000577804, 0.000346685, 0.000346685, 0.000231119, 0.000231119, 0.000346685, 0.000693363, 0.000115559, 0.000231119, 0.000115559, 0.000346678, 0.000115559, 0.000115559, 0.000231119, 0.000346678, 0.000115559, 0.000115559, 0.000231119, 0.000231119, 0.000115559, 0.000115559, 0.000231119, 0.000462237, 0.000231119, 0.000346678, 0.000115559, 0.000231119, 0.000346678, 0.000115559, 0.000231119, 0.000115559, 0.000462244, 2.5643, 2.74377, 2.72608, 2.74931, 2.20422, 2.20307, 2.27593, 2.15975, 1.84806, 1.98166, 1.74876, 1.78691, 2.35341, 2.36044, 2.16304, 2.04586, 2.12713, 2.16162, 2.00177, 1.82244, 2.22338, 2.19738, 1.99241, 1.9157, 2.00549, 2.0941, 1.80112, 1.78871, 1.83402, 1.82751, 1.609, 1.61248, 1.95762, 1.97757, 1.79977, 1.75877, 1.86827, 1.94348, 1.72806, 1.72784, 1.67646, 1.74117, 1.55393, 1.56361, 1.82676, 1.82513, 1.60101, 1.57531, 0.000808929, 0.000346678, 0.000462237, 0.000462244, 0.000693356, 0.000693363, 0.000577811, 0.000462237, 0.000346678, 0.000231119, 0.000231119, 0.000231119, 0.000462244, 0.000346685, 0.000115559, 0.000693363, 0.000462244, 0.000346685, 0.000346678, 0.000231119, 0.000231119, 0.000808915, 0.000115559, 0.000346678, 0.000115559, 0.000462237, 0.000115559, 0.000577797, 0.000231119, 0.000462237, 0.000115559, 0.000115559, 0.000462244, 0.000346678, 0.000231119, 0.000577797, 0.000346685, 0.000231119, 0.000577797, 0.000115559, 0.000462237, 0.000115559, 0.000231119, 0.000462237, 0.000115559, 0.000577804, 0.000231119, 0.000115559, 0.000346678, 0.000462244, 0.000115559, 0.000231119, 0.000462237, 0.000231119, 0.000115559, 0.000462258, 0.000115559, 0.000231126, 0.000231119, 0.000346685, 0.000231119, 0.000346678, 0.000115559, 0.000231119, 0.000115559, 0.000231119, 0.000346678, 0.000346685, 0.000462251, 0.000346678, 0.000346678, 0.000115559, 0.000346685, 0.000346685, 0.000115559, 0.000462237, 0.000231119, 0.000115559, 0.000231119, 0.000346678, 0.000231119, 0.000115559, 0.000115559, 0.000231119, 0.000346678, 0.000462244, 0.000346678, 0.000231119, 0.000115559, 0.000231119, 0.000231119, 0.000115559, 0.000115559, 0.000231126, 0.000115559, 0.000231126, 0.000115559, 0.000115559, 0.000115559, 0.000115559, 0.000115559, 0.000115559, 0.000346678, 0.000231119, 0.000231119, 0.000115559, 0.000115559, 0.000115559, 0.000115559, 0.000115559, 0.000115559, 0.000115559, 0.000115559, 0.000115559, 0.000115559, 0.000115559, 0.000115559, 0.000115559, 0.000346678, 0.000231119, 0.000115559, 0.000231119, 0.000115559, 0.000115559, 0.000115559, 0.000115559, 0.000115559, 0.000115559, 0.000115559, 0.000115559, 0.000115559, 0.000115559, 0.000231119, 0.000115559, 0.000115559, 0.000115559, 0.000115559, 0.000231119, 0.000115559, 0.000231126, 0.000115559, 0.000115559, 0.000115559, 0.000115559, 0.000115559, 0.000346678, 0.000115559, 0.000115559, 0.000115559, 0.000115559, 0.000115559, 0.000115559, 0.000115559, 0.000115559, 0.000115559, 0.000115559, 0.000231119, 0.000115559, 0.000115559, 0.000115559, 0.000115559, 0.000115559, 0.000115559, 0.000115559, 0.000115559, 2.47269, 2.81997, 2.86007, 2.75098, 2.27972, 2.34792, 2.30879, 2.28699, 1.93376, 2.08399, 1.84944, 1.94684, 2.24303, 2.29236, 2.11469, 2.12189, 2.10423, 2.09376, 1.96751, 1.93655, 2.20369, 2.16855, 1.96693, 1.9394, 2.08666, 2.06135, 1.8546, 1.86982, 1.85399, 1.88144, 1.65357, 1.63427, 2.00821, 2.03357, 1.83692, 1.8231, 1.74502, 1.82313, 1.60415, 1.65327, 1.51835, 1.63284, 1.40538, 1.39694, 1.50268, 1.64971, 1.46586, 1.50619, 0.000577797, 0.000231119, 0.000577797, 0.000231119, 0.000115559, 0.000462237, 0.000115559, 0.000346678, 0.000115559, 0.000346685, 0.000346685, 0.000115559, 0.000231119, 0.000462244, 0.000115559, 0.000115559, 0.000115559, 0.000231119, 0.000231119, 0.000115559, 0.000115559, 0.000115559, 0.000346678, 0.000115559, 0.000115559, 0.000115559, 0.000231119, 0.000115559, 0.000346678, 0.000115559, 0.000346678, 0.000115559, 0.000115559, 0.000115559, 0.000231126, 0.000346678, 2.56861, 2.85571, 2.86049, 2.81573, 2.27308, 2.27594, 2.28907, 2.27747, 1.88438, 1.99748, 1.78911, 1.89756, 2.2912, 2.34439, 2.16933, 2.08827, 2.0843, 2.04511, 1.93824, 1.85459, 2.08782, 2.11022, 1.93192, 1.86957, 2.07215, 2.07881, 1.86921, 1.83911, 1.80144, 1.81045, 1.66343, 1.64147, 1.9346, 1.95339, 1.74515, 1.72926, 1.60979, 1.69312, 1.60968, 1.39314, 1.38195, 1.57361, 1.36031, 1.21944, 1.25114, 1.10869, 1.28227, 1.44003, 0.00115561, 0.000346678, 0.000693356, 0.000231119, 0.000231119, 0.000462258, 0.000462237, 0.000115559, 0.000462237, 0.000115559, 0.000462244, 0.000115559, 0.000462244, 0.000346678, 0.000231119, 0.000462244, 0.000462244, 0.000346678, 0.000462237, 0.000231119, 0.000115559, 0.000577797, 0.000346678, 0.000115559, 0.000346678, 0.000115559, 0.000231126, 0.000231119, 0.000577804, 0.000462237, 0.000346685, 0.000462237, 0.000577797, 0.000115559, 0.000462237, 0.000346678, 0.000231119, 0.000231119, 0.000577797, 0.000462237, 0.000231119, 0.000115559, 0.000231119, 0.000346678, 0.000231119, 0.000115559, 0.000231119, 0.000231119, 0.000462237, 0.000115559, 0.000693356, 0.000231119, 0.000231119, 0.000346678, 0.000346685, 0.000231119, 0.000115559, 0.000231119, 0.000346678, 0.000231126, 0.000231119, 0.000346678, 0.000346678, 0.000231119, 0.000115559, 0.000231119, 0.000231119, 0.000231119, 0.000115559, 0.000462237, 0.000115559, 0.000115559, 0.000115559, 0.000115559, 0.000115559, 0.000231119, 0.000231119, 0.000231119, 0.000231119, 0.000231119, 0.000115559, 0.000231119, 0.000346678, 0.000115559, 0.000115559, 0.000115559, 0.000115559, 0.000115559, 0.000346678, 0.000231119, 0.000115559, 0.000115559, 0.000115559, 0.000462237, 0.000231119, 0.000115559, 0.000115559, 0.000346678, 0.000462244, 0.000115559, 0.000346678, 0.000115559, 0.000115559, 0.000231119, 0.000115559, 0.000115559, 0.000115559, 0.000231119, 0.000115559, 0.000231119, 0.000115559, 0.000231119, 0.000115559, 0.000115559, 0.000231119, 0.000115559, 0.000231119, 0.000115559, 0.000115559, 0.000231119, 0.000231119, 0.000115559, 0.000231119, 0.000231126, 0.000115559, 0.000346678, 0.000231119, 0.000231126, 0.000115559, 0.000115559, 0.000115559, 0.000115559, 0.000115559, 0.000115559, 0.000115559, 0.000115559, 0.000115559, 0.000115559, 0.000115559, 0.000115559, 0.000231119, 0.000115559, 0.000115559, 0.000115559, 0.000115559, 0.000115559, 0.000115559, 0.000115559, 0.000115559, 0.000115559, 0.000115559, 0.000115559, 0.000115559, 0.000115559, 0.000115559, 0.000115559, 0.000115559, 0.000115559, 0.000115559, 0.000115559, 0.000115559, 0.000115559, 2.66432, 2.90008, 2.94778, 2.88605, 2.42573, 2.36199, 2.44388, 2.41591, 1.97324, 2.08458, 1.9338, 1.9634, 2.48006, 2.49575, 2.28771, 2.18771, 2.23505, 2.17506, 2.10411, 1.95238, 2.31918, 2.23678, 2.09087, 1.97924, 2.15399, 2.20984, 1.95469, 1.89194, 1.89322, 1.93868, 1.76092, 1.63089, 1.436, 1.27646, 1.67267, 1.52134, 1.11407, 1.08433, 1.0911, 1.10997, 1.40224, 1.11649, 1.25048, 1.14222, 0.981407, 0.904933, 0.963932, 1.19173, 0.000808915, 0.000115559, 0.000346678, 0.000115559, 0.000462244, 0.000346685, 0.000231119, 0.000115559, 0.000115559, 0.000231119, 0.000115559, 0.000577811, 0.000346678, 0.000115559, 0.000115559, 0.000115559, 0.000577797, 0.000115559, 0.000462237, 0.000346678, 0.000462237, 0.000577804, 0.000231119, 0.000462237, 0.000231119, 0.000115559, 0.000346678, 0.000346678, 0.000346685, 0.000115559, 0.000577797, 0.000346678, 0.000346685, 0.000115559, 0.000115559, 0.000115559, 0.000115559, 0.000346678, 0.000115559, 0.000231119, 0.000115559, 0.000231119, 0.000115559, 0.000231119, 0.000115559, 0.000115559, 0.000115559, 0.000115559, 0.000115559, 0.000231119, 0.000115559, 0.000115559, 0.000115559, 0.000115559, 0.000115559, 0.000115559, 0.000346678, 0.000231119, 0.000231119, 0.000115559, 0.000115559, 0.000115559, 0.000115559, 0.000115559, 0.000115559, 0.000231119, 0.000115559, 0.000231119, 0.000346685, 0.000115559, 0.000231119, 0.000115559, 0.000231119, 2.58099, 2.8784, 2.8224, 2.76002, 2.2998, 2.37047, 2.2819, 2.24921, 1.92542, 2.07925, 1.81162, 1.894, 2.29028, 2.38762, 2.10687, 2.09876, 2.07289, 2.13113, 1.90409, 1.92359, 2.11043, 2.17866, 1.94089, 1.92048, 2.09498, 2.08858, 1.89371, 1.80958, 1.67216, 1.09258, 1.49136, 1.58245, 1.39972, 1.11055, 1.25165, 1.2963, 1.07936, 1.06543, 1.25745, 1.27101, 1.0191, 0.9343, 1.15189, 1.10422, 0.844354, 0.867895, 0.950274, 1.10274, 0.000231119, 0.000115559, 0.000577804, 0.000346685, 0.000346685, 0.000346678, 0.000231119, 0.000346678, 0.000231119, 0.000462237, 0.000462237, 0.000115559, 0.000115559, 0.000346678, 0.000346678, 0.000115559, 0.000231119, 0.000346678, 0.000115559, 0.000462237, 0.000231119, 0.000231119, 0.000577804, 0.000115559, 0.000115559, 0.000115559, 0.000231119, 0.000346678, 0.000346678, 0.000231119, 0.000231119, 0.000346678, 0.000346678, 0.000115559, 0.000346685, 2.63073, 2.86002, 2.85476, 2.83058, 2.30616, 2.32308, 2.2785, 2.29031, 1.93637, 2.08212, 1.8313, 2.00566, 2.37939, 2.40375, 2.16165, 2.13305, 2.1572, 2.17026, 1.95506, 1.92156, 2.24324, 2.1977, 1.98707, 1.95584, 1.97584, 1.99031, 1.76475, 1.74514, 1.77553, 1.79613, 1.58687, 1.48688, 1.17307, 1.07298, 1.13754, 1.41737, 0.969833, 0.957417, 0.95161, 1.0503, 0.894354, 0.935759, 1.01089, 1.01823, 0.910405, 0.810625, 0.839978, 0.999572, 0.000693363, 0.000577804, 0.000115559, 0.000115559, 0.000231119, 0.000346678, 0.000346685, 0.000115559, 0.000577804, 0.000462237, 0.000346678, 0.000231119, 0.000231119, 0.000115559, 0.000346678, 0.000462237, 0.000346685, 0.000115559, 0.000115559, 0.000693356, 0.000577804, 0.000231119, 0.000346678, 0.000231119, 0.00069337, 0.000231119, 0.000115559, 0.000231126, 0.000115559, 0.000346678, 0.000346685, 0.000346678, 0.000115559, 0.000808922, 0.000346678, 0.000346685, 0.000346678, 0.000115559, 0.000346678, 0.000115559, 0.000346678, 0.000115559, 0.000231119, 0.000577797, 0.000346678, 0.000115559, 0.000346678, 0.000577804, 0.000462258, 0.000115559, 0.000346678, 0.000231119, 0.000231119, 0.000115559, 0.000115559, 0.000231119, 0.000462237, 0.000808922, 0.000115559, 0.000115559, 0.000115559, 0.000115559, 0.000115559, 0.000115559, 0.000346678, 0.000346685, 0.000115559, 0.000346685, 0.000115559, 0.000115559, 0.000115559, 0.000115559, 0.000231119, 0.000231119, 0.000115559, 0.000115559, 0.000231119, 0.000231119, 0.000231119, 0.000115559, 0.000115559, 0.000115559, 0.000115559, 0.000115559, 0.000115559, 0.000231119, 0.000231119, 0.000115559, 0.000115559, 0.000115559, 0.000115559, 0.000115559, 0.000231119, 0.000115559, 0.000115559, 0.000115559, 0.000115559, 0.000115559, 0.000231119, 0.000231119, 0.000115559, 0.000115559, 0.000346678, 0.000115559, 0.000115559, 0.000115559, 0.000115559, 0.000115559, 0.000115559, 0.000231119, 0.000231126, 0.000115559, 0.000115559, 0.000115559, 0.000115559, 0.000231119, 0.000115559, 0.000231119, 0.000115559, 0.000115559, 0.000115559, 0.000115559, 0.000115559, 0.000115559, 0.000115559, 0.000115559, 0.000115559, 0.000115559, 0.000115559, 0.000346678, 0.000115559, 0.000231119, 0.000115559, 0.000231119, 0.000115559, 0.000115559, 0.000115559, 0.000115559, 0.000115559, 0.000115559, 0.000115559, 0.000115559, 0.000115559, 0.000115559, 0.000115559, 0.000115559, 0.000115559, 0.000115559, 0.000115559, 0.000115559, 0.000115559, 0.000115559, 0.000115559, 0.000115559, 0.000115559, 0.000115559, 
Bunches filled for Beam 1 (total 458): 39, 91, 131, 132, 133, 134, 135, 136, 137, 138, 139, 140, 141, 142, 182, 183, 184, 185, 186, 187, 188, 189, 190, 191, 192, 193, 273, 274, 275, 276, 277, 278, 279, 280, 281, 282, 283, 284, 285, 286, 287, 288, 289, 290, 291, 292, 293, 294, 295, 296, 297, 298, 299, 300, 301, 302, 303, 304, 305, 306, 307, 308, 309, 310, 311, 312, 313, 314, 315, 316, 317, 318, 319, 320, 360, 361, 362, 363, 364, 365, 366, 367, 368, 369, 370, 371, 372, 373, 374, 375, 376, 377, 378, 379, 380, 381, 382, 383, 384, 385, 386, 387, 388, 389, 390, 391, 392, 393, 394, 395, 396, 397, 398, 399, 400, 401, 402, 403, 404, 405, 406, 407, 1167, 1168, 1169, 1170, 1171, 1172, 1173, 1174, 1175, 1176, 1177, 1178, 1179, 1180, 1181, 1182, 1183, 1184, 1185, 1186, 1187, 1188, 1189, 1190, 1191, 1192, 1193, 1194, 1195, 1196, 1197, 1198, 1199, 1200, 1201, 1202, 1203, 1204, 1205, 1206, 1207, 1208, 1209, 1210, 1211, 1212, 1213, 1214, 1254, 1255, 1256, 1257, 1258, 1259, 1260, 1261, 1262, 1263, 1264, 1265, 1266, 1267, 1268, 1269, 1270, 1271, 1272, 1273, 1274, 1275, 1276, 1277, 1278, 1279, 1280, 1281, 1282, 1283, 1284, 1285, 1286, 1287, 1288, 1289, 1290, 1291, 1292, 1293, 1294, 1295, 1296, 1297, 1298, 1299, 1300, 1301, 2061, 2062, 2063, 2064, 2065, 2066, 2067, 2068, 2069, 2070, 2071, 2072, 2073, 2074, 2075, 2076, 2077, 2078, 2079, 2080, 2081, 2082, 2083, 2084, 2085, 2086, 2087, 2088, 2089, 2090, 2091, 2092, 2093, 2094, 2095, 2096, 2097, 2098, 2099, 2100, 2101, 2102, 2103, 2104, 2105, 2106, 2107, 2108, 2148, 2149, 2150, 2151, 2152, 2153, 2154, 2155, 2156, 2157, 2158, 2159, 2160, 2161, 2162, 2163, 2164, 2165, 2166, 2167, 2168, 2169, 2170, 2171, 2172, 2173, 2174, 2175, 2176, 2177, 2178, 2179, 2180, 2181, 2182, 2183, 2184, 2185, 2186, 2187, 2188, 2189, 2190, 2191, 2192, 2193, 2194, 2195, 2801, 2802, 2803, 2804, 2805, 2806, 2807, 2808, 2809, 2810, 2811, 2812, 2813, 2814, 2815, 2816, 2817, 2818, 2819, 2820, 2821, 2822, 2823, 2824, 2825, 2826, 2827, 2828, 2829, 2830, 2831, 2832, 2833, 2834, 2835, 2836, 2837, 2838, 2839, 2840, 2841, 2842, 2843, 2844, 2845, 2846, 2847, 2848, 2955, 2956, 2957, 2958, 2959, 2960, 2961, 2962, 2963, 2964, 2965, 2966, 2967, 2968, 2969, 2970, 2971, 2972, 2973, 2974, 2975, 2976, 2977, 2978, 2979, 2980, 2981, 2982, 2983, 2984, 2985, 2986, 2987, 2988, 2989, 2990, 2991, 2992, 2993, 2994, 2995, 2996, 2997, 2998, 2999, 3000, 3001, 3002, 3042, 3043, 3044, 3045, 3046, 3047, 3048, 3049, 3050, 3051, 3052, 3053, 3054, 3055, 3056, 3057, 3058, 3059, 3060, 3061, 3062, 3063, 3064, 3065, 3066, 3067, 3068, 3069, 3070, 3071, 3072, 3073, 3074, 3075, 3076, 3077, 3078, 3079, 3080, 3081, 3082, 3083, 3084, 3085, 3086, 3087, 3088, 3089, 
Bunches filled for Beam 2 (total 458): 39, 91, 131, 132, 133, 134, 135, 136, 137, 138, 139, 140, 141, 142, 222, 223, 224, 225, 226, 227, 228, 229, 230, 231, 232, 233, 273, 274, 275, 276, 277, 278, 279, 280, 281, 282, 283, 284, 285, 286, 287, 288, 289, 290, 291, 292, 293, 294, 295, 296, 297, 298, 299, 300, 301, 302, 303, 304, 305, 306, 307, 308, 309, 310, 311, 312, 313, 314, 315, 316, 317, 318, 319, 320, 360, 361, 362, 363, 364, 365, 366, 367, 368, 369, 370, 371, 372, 373, 374, 375, 376, 377, 378, 379, 380, 381, 382, 383, 384, 385, 386, 387, 388, 389, 390, 391, 392, 393, 394, 395, 396, 397, 398, 399, 400, 401, 402, 403, 404, 405, 406, 407, 1167, 1168, 1169, 1170, 1171, 1172, 1173, 1174, 1175, 1176, 1177, 1178, 1179, 1180, 1181, 1182, 1183, 1184, 1185, 1186, 1187, 1188, 1189, 1190, 1191, 1192, 1193, 1194, 1195, 1196, 1197, 1198, 1199, 1200, 1201, 1202, 1203, 1204, 1205, 1206, 1207, 1208, 1209, 1210, 1211, 1212, 1213, 1214, 1254, 1255, 1256, 1257, 1258, 1259, 1260, 1261, 1262, 1263, 1264, 1265, 1266, 1267, 1268, 1269, 1270, 1271, 1272, 1273, 1274, 1275, 1276, 1277, 1278, 1279, 1280, 1281, 1282, 1283, 1284, 1285, 1286, 1287, 1288, 1289, 1290, 1291, 1292, 1293, 1294, 1295, 1296, 1297, 1298, 1299, 1300, 1301, 2061, 2062, 2063, 2064, 2065, 2066, 2067, 2068, 2069, 2070, 2071, 2072, 2073, 2074, 2075, 2076, 2077, 2078, 2079, 2080, 2081, 2082, 2083, 2084, 2085, 2086, 2087, 2088, 2089, 2090, 2091, 2092, 2093, 2094, 2095, 2096, 2097, 2098, 2099, 2100, 2101, 2102, 2103, 2104, 2105, 2106, 2107, 2108, 2148, 2149, 2150, 2151, 2152, 2153, 2154, 2155, 2156, 2157, 2158, 2159, 2160, 2161, 2162, 2163, 2164, 2165, 2166, 2167, 2168, 2169, 2170, 2171, 2172, 2173, 2174, 2175, 2176, 2177, 2178, 2179, 2180, 2181, 2182, 2183, 2184, 2185, 2186, 2187, 2188, 2189, 2190, 2191, 2192, 2193, 2194, 2195, 2801, 2802, 2803, 2804, 2805, 2806, 2807, 2808, 2809, 2810, 2811, 2812, 2813, 2814, 2815, 2816, 2817, 2818, 2819, 2820, 2821, 2822, 2823, 2824, 2825, 2826, 2827, 2828, 2829, 2830, 2831, 2832, 2833, 2834, 2835, 2836, 2837, 2838, 2839, 2840, 2841, 2842, 2843, 2844, 2845, 2846, 2847, 2848, 2955, 2956, 2957, 2958, 2959, 2960, 2961, 2962, 2963, 2964, 2965, 2966, 2967, 2968, 2969, 2970, 2971, 2972, 2973, 2974, 2975, 2976, 2977, 2978, 2979, 2980, 2981, 2982, 2983, 2984, 2985, 2986, 2987, 2988, 2989, 2990, 2991, 2992, 2993, 2994, 2995, 2996, 2997, 2998, 2999, 3000, 3001, 3002, 3042, 3043, 3044, 3045, 3046, 3047, 3048, 3049, 3050, 3051, 3052, 3053, 3054, 3055, 3056, 3057, 3058, 3059, 3060, 3061, 3062, 3063, 3064, 3065, 3066, 3067, 3068, 3069, 3070, 3071, 3072, 3073, 3074, 3075, 3076, 3077, 3078, 3079, 3080, 3081, 3082, 3083, 3084, 3085, 3086, 3087, 3088, 3089, 
from FillInfoPopConSourceHandler::getNewObjects
%MSG
CORAL/Services/ConnectionService Info User session with sessionID=b4772640-f7af-11e7-9dc4-02163e018d67 will be ended on connectionID=b473d47c-f7af-11e7-9dc4-02163e018d67
CORAL/Services/ConnectionService Debug Connection id=b473d47c-f7af-11e7-9dc4-02163e018d67 to service "cms_orcon_adg" has 0 session(s) opened.
CORAL/Services/ConnectionService Debug The active connection id=b473d47c-f7af-11e7-9dc4-02163e018d67 to service "cms_orcon_adg" has been removed from the active list.
CORAL/Services/ConnectionService Debug The valid active connection id=b473d47c-f7af-11e7-9dc4-02163e018d67 to service "cms_orcon_adg" has been moved to the idle list.
%MSG-i FillInfoPopConSourceHandler:  FillInfoPopConAnalyzer:Test1@endJob  12-Jan-2018 16:46:16 CET PostGlobalEndRun
Transferring 4 payload(s); from FillInfoPopConSourceHandler::getNewObjects
%MSG
%MSG-i PopCon:  FillInfoPopConAnalyzer:Test1@endJob 12-Jan-2018 16:46:16 CET  PostGlobalEndRun
Since 6186054182570053193
%MSG
%MSG-i PopCon:  FillInfoPopConAnalyzer:Test1@endJob 12-Jan-2018 16:46:16 CET  PostGlobalEndRun
Since 6186221674312570304
%MSG
%MSG-i PopCon:  FillInfoPopConAnalyzer:Test1@endJob 12-Jan-2018 16:46:16 CET  PostGlobalEndRun
Since 6186256849243224545
%MSG
%MSG-i PopCon:  FillInfoPopConAnalyzer:Test1@endJob 12-Jan-2018 16:46:16 CET  PostGlobalEndRun
Since 6186314909159131872
%MSG
CORAL/RelationalPlugins/sqlite Debug SQLiteStatement::prepare SELECT "PAYLOAD"."HASH" FROM "PAYLOAD" WHERE "PAYLOAD"."HASH" = :HASH_0 
CORAL/RelationalPlugins/sqlite Debug SQLiteStatement::bind variables HASH_0(string) 0fd3a25be8f166186d37abcac30a5dc388db75bd 
CORAL/RelationalPlugins/sqlite Debug SQLiteStatement::prepare SELECT "TAG"."NAME" FROM "TAG" WHERE "TAG"."NAME" = :NAME_0 
CORAL/RelationalPlugins/sqlite Debug SQLiteStatement::bind variables NAME_0(string) fillinfo_test 
CORAL/RelationalPlugins/sqlite Debug SQLiteStatement::prepare SELECT "TAG"."NAME" FROM "TAG" WHERE "TAG"."NAME" = :NAME_0 
CORAL/RelationalPlugins/sqlite Debug SQLiteStatement::bind variables NAME_0(string) fillinfo_test 
CORAL/RelationalPlugins/sqlite Debug SQLiteStatement::prepare SELECT "TAG"."TIME_TYPE", "TAG"."OBJECT_TYPE", "TAG"."SYNCHRONIZATION", "TAG"."END_OF_VALIDITY", "TAG"."DESCRIPTION", "TAG"."LAST_VALIDATED_TIME" FROM "TAG" WHERE "TAG"."NAME" = :NAME_0 
CORAL/RelationalPlugins/sqlite Debug SQLiteStatement::bind variables NAME_0(string) fillinfo_test 
CORAL/RelationalPlugins/sqlite Debug SQLiteStatement::prepare INSERT INTO "IOV" ( "TAG_NAME", "SINCE", "PAYLOAD_HASH", "INSERTION_TIME" ) VALUES ( :TAG_NAME, :SINCE, :PAYLOAD_HASH, :INSERTION_TIME )
CORAL/RelationalPlugins/sqlite Debug SQLiteStatement::bind variables TAG_NAME(string) fillinfo_test  , SINCE(unsigned long long int) 6186054182570053193  , PAYLOAD_HASH(string) 0fd3a25be8f166186d37abcac30a5dc388db75bd  , INSERTION_TIME(TIME) 2018-01-12 15:46:16.824772 
CORAL/RelationalPlugins/sqlite Debug SQLiteStatement::prepare CREATE TABLE IF NOT EXISTS coral_sqlite_fk(id TEXT NOT NULL, name TEXT, tablename TEXT NOT NULL) ; 
CORAL/RelationalPlugins/sqlite Debug SQLiteStatement::prepare INSERT INTO "TAG_LOG" ( "TAG_NAME", "EVENT_TIME", "USER_NAME", "HOST_NAME", "COMMAND", "ACTION", "USER_TEXT" ) VALUES ( :TAG_NAME, :EVENT_TIME, :USER_NAME, :HOST_NAME, :COMMAND, :ACTION, :USER_TEXT )
CORAL/RelationalPlugins/sqlite Debug SQLiteStatement::bind variables TAG_NAME(string) fillinfo_test  , EVENT_TIME(TIME) 2018-01-12 15:46:16.824787  , USER_NAME(string)   , HOST_NAME(string) lxplus011.cern.ch  , COMMAND(string) cmsRun /afs/cern.ch/work/a/anoolkar/private/CMSSW_9_2_6/src/CondTools/RunInfo/test/FillInfoPopConAnalyzer.py   , ACTION(string) 1 iov(s) inserted.  , USER_TEXT(string) PopCon v5.0; first payload Since 6186054182570053193, last payload Since 6186314909159131872;  fill = 4256;	injection scheme: 25ns_458b_446_360_372_48bpi13inj;	start time: 2015-08-23T14:59:34.926488;	end time: 2015-08-23T17:16:04.074988.
 fill = 4257;	injection scheme: 25ns_458b_446_360_372_48bpi13inj;	start time: 2015-08-23T21:01:22.622988;	end time: 2015-08-23T21:20:35.425613.
 
CORAL/RelationalPlugins/sqlite Debug SQLiteStatement::prepare SELECT "PAYLOAD"."HASH" FROM "PAYLOAD" WHERE "PAYLOAD"."HASH" = :HASH_0 
CORAL/RelationalPlugins/sqlite Debug SQLiteStatement::bind variables HASH_0(string) b7703521d04123bb91925287ab7d4b2ac718b46c 
CORAL/RelationalPlugins/sqlite Debug SQLiteStatement::prepare INSERT INTO "PAYLOAD" ( "HASH", "OBJECT_TYPE", "DATA", "STREAMER_INFO", "VERSION", "INSERTION_TIME" ) VALUES ( :HASH, :OBJECT_TYPE, :DATA, :STREAMER_INFO, :VERSION, :INSERTION_TIME )
CORAL/RelationalPlugins/sqlite Debug SQLiteStatement::bind variables HASH(string) b7703521d04123bb91925287ab7d4b2ac718b46c  , OBJECT_TYPE(string) FillInfo  , DATA(BLOB) of size 9496  , STREAMER_INFO(BLOB) of size 135  , VERSION(string) dummy  , INSERTION_TIME(TIME) 2018-01-12 15:46:16.832320 
CORAL/RelationalPlugins/sqlite Debug SQLiteStatement::prepare SELECT "TAG"."NAME" FROM "TAG" WHERE "TAG"."NAME" = :NAME_0 
CORAL/RelationalPlugins/sqlite Debug SQLiteStatement::bind variables NAME_0(string) fillinfo_test 
CORAL/RelationalPlugins/sqlite Debug SQLiteStatement::prepare SELECT "TAG"."NAME" FROM "TAG" WHERE "TAG"."NAME" = :NAME_0 
CORAL/RelationalPlugins/sqlite Debug SQLiteStatement::bind variables NAME_0(string) fillinfo_test 
CORAL/RelationalPlugins/sqlite Debug SQLiteStatement::prepare SELECT "TAG"."TIME_TYPE", "TAG"."OBJECT_TYPE", "TAG"."SYNCHRONIZATION", "TAG"."END_OF_VALIDITY", "TAG"."DESCRIPTION", "TAG"."LAST_VALIDATED_TIME" FROM "TAG" WHERE "TAG"."NAME" = :NAME_0 
CORAL/RelationalPlugins/sqlite Debug SQLiteStatement::bind variables NAME_0(string) fillinfo_test 
CORAL/RelationalPlugins/sqlite Debug SQLiteStatement::prepare INSERT INTO "IOV" ( "TAG_NAME", "SINCE", "PAYLOAD_HASH", "INSERTION_TIME" ) VALUES ( :TAG_NAME, :SINCE, :PAYLOAD_HASH, :INSERTION_TIME )
CORAL/RelationalPlugins/sqlite Debug SQLiteStatement::bind variables TAG_NAME(string) fillinfo_test  , SINCE(unsigned long long int) 6186221674312570304  , PAYLOAD_HASH(string) b7703521d04123bb91925287ab7d4b2ac718b46c  , INSERTION_TIME(TIME) 2018-01-12 15:46:16.832936 
CORAL/RelationalPlugins/sqlite Debug SQLiteStatement::prepare INSERT INTO "TAG_LOG" ( "TAG_NAME", "EVENT_TIME", "USER_NAME", "HOST_NAME", "COMMAND", "ACTION", "USER_TEXT" ) VALUES ( :TAG_NAME, :EVENT_TIME, :USER_NAME, :HOST_NAME, :COMMAND, :ACTION, :USER_TEXT )
CORAL/RelationalPlugins/sqlite Debug SQLiteStatement::bind variables TAG_NAME(string) fillinfo_test  , EVENT_TIME(TIME) 2018-01-12 15:46:16.832938  , USER_NAME(string)   , HOST_NAME(string) lxplus011.cern.ch  , COMMAND(string) cmsRun /afs/cern.ch/work/a/anoolkar/private/CMSSW_9_2_6/src/CondTools/RunInfo/test/FillInfoPopConAnalyzer.py   , ACTION(string) 1 iov(s) inserted.  , USER_TEXT(string) PopCon v5.0; first payload Since 6186054182570053193, last payload Since 6186314909159131872;  fill = 4256;	injection scheme: 25ns_458b_446_360_372_48bpi13inj;	start time: 2015-08-23T14:59:34.926488;	end time: 2015-08-23T17:16:04.074988.
 fill = 4257;	injection scheme: 25ns_458b_446_360_372_48bpi13inj;	start time: 2015-08-23T21:01:22.622988;	end time: 2015-08-23T21:20:35.425613.
 
CORAL/RelationalPlugins/sqlite Debug SQLiteStatement::prepare SELECT "PAYLOAD"."HASH" FROM "PAYLOAD" WHERE "PAYLOAD"."HASH" = :HASH_0 
CORAL/RelationalPlugins/sqlite Debug SQLiteStatement::bind variables HASH_0(string) 0fd3a25be8f166186d37abcac30a5dc388db75bd 
CORAL/RelationalPlugins/sqlite Debug SQLiteStatement::prepare SELECT "TAG"."NAME" FROM "TAG" WHERE "TAG"."NAME" = :NAME_0 
CORAL/RelationalPlugins/sqlite Debug SQLiteStatement::bind variables NAME_0(string) fillinfo_test 
CORAL/RelationalPlugins/sqlite Debug SQLiteStatement::prepare SELECT "TAG"."NAME" FROM "TAG" WHERE "TAG"."NAME" = :NAME_0 
CORAL/RelationalPlugins/sqlite Debug SQLiteStatement::bind variables NAME_0(string) fillinfo_test 
CORAL/RelationalPlugins/sqlite Debug SQLiteStatement::prepare SELECT "TAG"."TIME_TYPE", "TAG"."OBJECT_TYPE", "TAG"."SYNCHRONIZATION", "TAG"."END_OF_VALIDITY", "TAG"."DESCRIPTION", "TAG"."LAST_VALIDATED_TIME" FROM "TAG" WHERE "TAG"."NAME" = :NAME_0 
CORAL/RelationalPlugins/sqlite Debug SQLiteStatement::bind variables NAME_0(string) fillinfo_test 
CORAL/RelationalPlugins/sqlite Debug SQLiteStatement::prepare INSERT INTO "IOV" ( "TAG_NAME", "SINCE", "PAYLOAD_HASH", "INSERTION_TIME" ) VALUES ( :TAG_NAME, :SINCE, :PAYLOAD_HASH, :INSERTION_TIME )
CORAL/RelationalPlugins/sqlite Debug SQLiteStatement::bind variables TAG_NAME(string) fillinfo_test  , SINCE(unsigned long long int) 6186256849243224545  , PAYLOAD_HASH(string) 0fd3a25be8f166186d37abcac30a5dc388db75bd  , INSERTION_TIME(TIME) 2018-01-12 15:46:16.833784 
CORAL/RelationalPlugins/sqlite Debug SQLiteStatement::prepare INSERT INTO "TAG_LOG" ( "TAG_NAME", "EVENT_TIME", "USER_NAME", "HOST_NAME", "COMMAND", "ACTION", "USER_TEXT" ) VALUES ( :TAG_NAME, :EVENT_TIME, :USER_NAME, :HOST_NAME, :COMMAND, :ACTION, :USER_TEXT )
CORAL/RelationalPlugins/sqlite Debug SQLiteStatement::bind variables TAG_NAME(string) fillinfo_test  , EVENT_TIME(TIME) 2018-01-12 15:46:16.833786  , USER_NAME(string)   , HOST_NAME(string) lxplus011.cern.ch  , COMMAND(string) cmsRun /afs/cern.ch/work/a/anoolkar/private/CMSSW_9_2_6/src/CondTools/RunInfo/test/FillInfoPopConAnalyzer.py   , ACTION(string) 1 iov(s) inserted.  , USER_TEXT(string) PopCon v5.0; first payload Since 6186054182570053193, last payload Since 6186314909159131872;  fill = 4256;	injection scheme: 25ns_458b_446_360_372_48bpi13inj;	start time: 2015-08-23T14:59:34.926488;	end time: 2015-08-23T17:16:04.074988.
 fill = 4257;	injection scheme: 25ns_458b_446_360_372_48bpi13inj;	start time: 2015-08-23T21:01:22.622988;	end time: 2015-08-23T21:20:35.425613.
 
CORAL/RelationalPlugins/sqlite Debug SQLiteStatement::prepare SELECT "PAYLOAD"."HASH" FROM "PAYLOAD" WHERE "PAYLOAD"."HASH" = :HASH_0 
CORAL/RelationalPlugins/sqlite Debug SQLiteStatement::bind variables HASH_0(string) 51ef863d59ff4a27d9574b24a172b2468b10aff3 
CORAL/RelationalPlugins/sqlite Debug SQLiteStatement::prepare INSERT INTO "PAYLOAD" ( "HASH", "OBJECT_TYPE", "DATA", "STREAMER_INFO", "VERSION", "INSERTION_TIME" ) VALUES ( :HASH, :OBJECT_TYPE, :DATA, :STREAMER_INFO, :VERSION, :INSERTION_TIME )
CORAL/RelationalPlugins/sqlite Debug SQLiteStatement::bind variables HASH(string) 51ef863d59ff4a27d9574b24a172b2468b10aff3  , OBJECT_TYPE(string) FillInfo  , DATA(BLOB) of size 14246  , STREAMER_INFO(BLOB) of size 135  , VERSION(string) dummy  , INSERTION_TIME(TIME) 2018-01-12 15:46:16.834151 
CORAL/RelationalPlugins/sqlite Debug SQLiteStatement::prepare SELECT "TAG"."NAME" FROM "TAG" WHERE "TAG"."NAME" = :NAME_0 
CORAL/RelationalPlugins/sqlite Debug SQLiteStatement::bind variables NAME_0(string) fillinfo_test 
CORAL/RelationalPlugins/sqlite Debug SQLiteStatement::prepare SELECT "TAG"."NAME" FROM "TAG" WHERE "TAG"."NAME" = :NAME_0 
CORAL/RelationalPlugins/sqlite Debug SQLiteStatement::bind variables NAME_0(string) fillinfo_test 
CORAL/RelationalPlugins/sqlite Debug SQLiteStatement::prepare SELECT "TAG"."TIME_TYPE", "TAG"."OBJECT_TYPE", "TAG"."SYNCHRONIZATION", "TAG"."END_OF_VALIDITY", "TAG"."DESCRIPTION", "TAG"."LAST_VALIDATED_TIME" FROM "TAG" WHERE "TAG"."NAME" = :NAME_0 
CORAL/RelationalPlugins/sqlite Debug SQLiteStatement::bind variables NAME_0(string) fillinfo_test 
CORAL/RelationalPlugins/sqlite Debug SQLiteStatement::prepare INSERT INTO "IOV" ( "TAG_NAME", "SINCE", "PAYLOAD_HASH", "INSERTION_TIME" ) VALUES ( :TAG_NAME, :SINCE, :PAYLOAD_HASH, :INSERTION_TIME )
CORAL/RelationalPlugins/sqlite Debug SQLiteStatement::bind variables TAG_NAME(string) fillinfo_test  , SINCE(unsigned long long int) 6186314909159131872  , PAYLOAD_HASH(string) 51ef863d59ff4a27d9574b24a172b2468b10aff3  , INSERTION_TIME(TIME) 2018-01-12 15:46:16.834694 
CORAL/RelationalPlugins/sqlite Debug SQLiteStatement::prepare INSERT INTO "TAG_LOG" ( "TAG_NAME", "EVENT_TIME", "USER_NAME", "HOST_NAME", "COMMAND", "ACTION", "USER_TEXT" ) VALUES ( :TAG_NAME, :EVENT_TIME, :USER_NAME, :HOST_NAME, :COMMAND, :ACTION, :USER_TEXT )
CORAL/RelationalPlugins/sqlite Debug SQLiteStatement::bind variables TAG_NAME(string) fillinfo_test  , EVENT_TIME(TIME) 2018-01-12 15:46:16.834695  , USER_NAME(string)   , HOST_NAME(string) lxplus011.cern.ch  , COMMAND(string) cmsRun /afs/cern.ch/work/a/anoolkar/private/CMSSW_9_2_6/src/CondTools/RunInfo/test/FillInfoPopConAnalyzer.py   , ACTION(string) 1 iov(s) inserted.  , USER_TEXT(string) PopCon v5.0; first payload Since 6186054182570053193, last payload Since 6186314909159131872;  fill = 4256;	injection scheme: 25ns_458b_446_360_372_48bpi13inj;	start time: 2015-08-23T14:59:34.926488;	end time: 2015-08-23T17:16:04.074988.
 fill = 4257;	injection scheme: 25ns_458b_446_360_372_48bpi13inj;	start time: 2015-08-23T21:01:22.622988;	end time: 2015-08-23T21:20:35.425613.
 
CORAL/RelationalPlugins/sqlite Debug SQLiteStatement::prepare COMMIT
CORAL/Services/ConnectionService Info User session with sessionID=b44c7d50-f7af-11e7-9dc4-02163e018d67 will be ended on connectionID=b44c75d0-f7af-11e7-9dc4-02163e018d67
CORAL/Services/ConnectionService Debug Connection id=b44c75d0-f7af-11e7-9dc4-02163e018d67 to service "test_output.db" has 0 session(s) opened.
CORAL/Services/ConnectionService Debug The active connection id=b44c75d0-f7af-11e7-9dc4-02163e018d67 to service "test_output.db" has been removed from the active list.
CORAL/Services/ConnectionService Debug The valid active connection id=b44c75d0-f7af-11e7-9dc4-02163e018d67 to service "test_output.db" has been moved to the idle list.
CORAL/Services/ConnectionService Info Deleting the ConnectionPool
CORAL/Services/ConnectionService Info Connection to service "test_output.db" with connectionID=b44c75d0-f7af-11e7-9dc4-02163e018d67 will be disconnected
CORAL/Services/ConnectionService Info Connection to service "cms_orcon_adg" with connectionID=b473d47c-f7af-11e7-9dc4-02163e018d67 will be disconnected
[Fri Jan 12 16:46:16 CET 2018] : ----------------------------------------------------------------------- 
[Fri Jan 12 16:46:16 CET 2018] : DONE 
